<?xml version="1.0" encoding="UTF-8"?>
<coverage generated="1781125487031" clover="3.2.0">
  <project timestamp="1781125487031" name="All files">
    <metrics statements="977" coveredstatements="514" conditionals="506" coveredconditionals="219" methods="344" coveredmethods="194" elements="1827" coveredelements="927" complexity="0" loc="977" ncloc="977" packages="28" files="115" classes="115"/>
    <package name="__tests__.utils">
      <metrics statements="5" coveredstatements="5" conditionals="3" coveredconditionals="3" methods="3" coveredmethods="3"/>
      <file name="renderWithTheme.tsx" path="/Users/theobarnes/Projects/comedy-app/__tests__/utils/renderWithTheme.tsx">
        <metrics statements="5" coveredstatements="5" conditionals="3" coveredconditionals="3" methods="3" coveredmethods="3"/>
        <line num="18" count="176" type="stmt"/>
        <line num="25" count="173" type="cond" truecount="2" falsecount="0"/>
        <line num="27" count="173" type="stmt"/>
        <line num="28" count="176" type="stmt"/>
        <line num="30" count="173" type="stmt"/>
      </file>
    </package>
    <package name="app">
      <metrics statements="24" coveredstatements="0" conditionals="17" coveredconditionals="0" methods="8" coveredmethods="0"/>
      <file name="_layout.tsx" path="/Users/theobarnes/Projects/comedy-app/app/_layout.tsx">
        <metrics statements="14" coveredstatements="0" conditionals="13" coveredconditionals="0" methods="3" coveredmethods="0"/>
        <line num="12" count="0" type="stmt"/>
        <line num="15" count="0" type="stmt"/>
        <line num="18" count="0" type="stmt"/>
        <line num="29" count="0" type="stmt"/>
        <line num="30" count="0" type="stmt"/>
        <line num="31" count="0" type="stmt"/>
        <line num="33" count="0" type="cond" truecount="0" falsecount="3"/>
        <line num="35" count="0" type="stmt"/>
        <line num="36" count="0" type="cond" truecount="0" falsecount="2"/>
        <line num="39" count="0" type="cond" truecount="0" falsecount="3"/>
        <line num="40" count="0" type="cond" truecount="0" falsecount="3"/>
        <line num="41" count="0" type="stmt"/>
        <line num="42" count="0" type="cond" truecount="0" falsecount="2"/>
        <line num="44" count="0" type="stmt"/>
      </file>
      <file name="discover-search.tsx" path="/Users/theobarnes/Projects/comedy-app/app/discover-search.tsx">
        <metrics statements="3" coveredstatements="0" conditionals="0" coveredconditionals="0" methods="2" coveredmethods="0"/>
        <line num="6" count="0" type="stmt"/>
        <line num="8" count="0" type="stmt"/>
        <line num="15" count="0" type="stmt"/>
      </file>
      <file name="map.tsx" path="/Users/theobarnes/Projects/comedy-app/app/map.tsx">
        <metrics statements="7" coveredstatements="0" conditionals="4" coveredconditionals="0" methods="3" coveredmethods="0"/>
        <line num="12" count="0" type="stmt"/>
        <line num="15" count="0" type="stmt"/>
        <line num="16" count="0" type="stmt"/>
        <line num="18" count="0" type="stmt"/>
        <line num="36" count="0" type="stmt"/>
        <line num="76" count="0" type="stmt"/>
        <line num="77" count="0" type="stmt"/>
      </file>
    </package>
    <package name="app.(auth)">
      <metrics statements="110" coveredstatements="0" conditionals="28" coveredconditionals="0" methods="33" coveredmethods="0"/>
      <file name="_layout.tsx" path="/Users/theobarnes/Projects/comedy-app/app/(auth)/_layout.tsx">
        <metrics statements="1" coveredstatements="0" conditionals="0" coveredconditionals="0" methods="1" coveredmethods="0"/>
        <line num="4" count="0" type="stmt"/>
      </file>
      <file name="auth-callback.tsx" path="/Users/theobarnes/Projects/comedy-app/app/(auth)/auth-callback.tsx">
        <metrics statements="23" coveredstatements="0" conditionals="14" coveredconditionals="0" methods="7" coveredmethods="0"/>
        <line num="16" count="0" type="stmt"/>
        <line num="19" count="0" type="cond" truecount="0" falsecount="2"/>
        <line num="20" count="0" type="cond" truecount="0" falsecount="4"/>
        <line num="24" count="0" type="stmt"/>
        <line num="25" count="0" type="stmt"/>
        <line num="26" count="0" type="stmt"/>
        <line num="27" count="0" type="stmt"/>
        <line num="28" count="0" type="stmt"/>
        <line num="29" count="0" type="stmt"/>
        <line num="31" count="0" type="stmt"/>
        <line num="35" count="0" type="stmt"/>
        <line num="39" count="0" type="cond" truecount="0" falsecount="2"/>
        <line num="41" count="0" type="stmt"/>
        <line num="42" count="0" type="cond" truecount="0" falsecount="4"/>
        <line num="43" count="0" type="stmt"/>
        <line num="44" count="0" type="stmt"/>
        <line num="52" count="0" type="stmt"/>
        <line num="56" count="0" type="cond" truecount="0" falsecount="2"/>
        <line num="57" count="0" type="stmt"/>
        <line num="65" count="0" type="stmt"/>
        <line num="71" count="0" type="stmt"/>
        <line num="81" count="0" type="stmt"/>
        <line num="82" count="0" type="stmt"/>
      </file>
      <file name="forgot-password.tsx" path="/Users/theobarnes/Projects/comedy-app/app/(auth)/forgot-password.tsx">
        <metrics statements="14" coveredstatements="0" conditionals="2" coveredconditionals="0" methods="6" coveredmethods="0"/>
        <line num="24" count="0" type="stmt"/>
        <line num="25" count="0" type="stmt"/>
        <line num="26" count="0" type="stmt"/>
        <line num="27" count="0" type="stmt"/>
        <line num="29" count="0" type="stmt"/>
        <line num="35" count="0" type="stmt"/>
        <line num="40" count="0" type="stmt"/>
        <line num="42" count="0" type="stmt"/>
        <line num="43" count="0" type="stmt"/>
        <line num="48" count="0" type="stmt"/>
        <line num="65" count="0" type="stmt"/>
        <line num="74" count="0" type="stmt"/>
        <line num="104" count="0" type="stmt"/>
        <line num="105" count="0" type="stmt"/>
      </file>
      <file name="index.tsx" path="/Users/theobarnes/Projects/comedy-app/app/(auth)/index.tsx">
        <metrics statements="4" coveredstatements="0" conditionals="4" coveredconditionals="0" methods="1" coveredmethods="0"/>
        <line num="9" count="0" type="stmt"/>
        <line num="10" count="0" type="cond" truecount="0" falsecount="4"/>
        <line num="11" count="0" type="stmt"/>
        <line num="13" count="0" type="stmt"/>
      </file>
      <file name="select-role.tsx" path="/Users/theobarnes/Projects/comedy-app/app/(auth)/select-role.tsx">
        <metrics statements="16" coveredstatements="0" conditionals="0" coveredconditionals="0" methods="3" coveredmethods="0"/>
        <line num="18" count="0" type="stmt"/>
        <line num="19" count="0" type="stmt"/>
        <line num="20" count="0" type="stmt"/>
        <line num="21" count="0" type="stmt"/>
        <line num="22" count="0" type="stmt"/>
        <line num="23" count="0" type="stmt"/>
        <line num="25" count="0" type="stmt"/>
        <line num="26" count="0" type="stmt"/>
        <line num="27" count="0" type="stmt"/>
        <line num="28" count="0" type="stmt"/>
        <line num="29" count="0" type="stmt"/>
        <line num="32" count="0" type="stmt"/>
        <line num="34" count="0" type="stmt"/>
        <line num="38" count="0" type="stmt"/>
        <line num="60" count="0" type="stmt"/>
        <line num="61" count="0" type="stmt"/>
      </file>
      <file name="sign-in.tsx" path="/Users/theobarnes/Projects/comedy-app/app/(auth)/sign-in.tsx">
        <metrics statements="28" coveredstatements="0" conditionals="6" coveredconditionals="0" methods="6" coveredmethods="0"/>
        <line num="29" count="0" type="stmt"/>
        <line num="30" count="0" type="stmt"/>
        <line num="33" count="0" type="stmt"/>
        <line num="34" count="0" type="stmt"/>
        <line num="35" count="0" type="stmt"/>
        <line num="36" count="0" type="stmt"/>
        <line num="38" count="0" type="stmt"/>
        <line num="39" count="0" type="stmt"/>
        <line num="44" count="0" type="stmt"/>
        <line num="45" count="0" type="stmt"/>
        <line num="51" count="0" type="stmt"/>
        <line num="56" count="0" type="stmt"/>
        <line num="58" count="0" type="stmt"/>
        <line num="59" count="0" type="stmt"/>
        <line num="60" count="0" type="stmt"/>
        <line num="61" count="0" type="stmt"/>
        <line num="62" count="0" type="stmt"/>
        <line num="65" count="0" type="stmt"/>
        <line num="66" count="0" type="stmt"/>
        <line num="67" count="0" type="stmt"/>
        <line num="68" count="0" type="cond" truecount="0" falsecount="2"/>
        <line num="74" count="0" type="stmt"/>
        <line num="75" count="0" type="cond" truecount="0" falsecount="2"/>
        <line num="77" count="0" type="stmt"/>
        <line num="93" count="0" type="stmt"/>
        <line num="114" count="0" type="stmt"/>
        <line num="178" count="0" type="stmt"/>
        <line num="179" count="0" type="stmt"/>
      </file>
      <file name="sign-up.tsx" path="/Users/theobarnes/Projects/comedy-app/app/(auth)/sign-up.tsx">
        <metrics statements="21" coveredstatements="0" conditionals="2" coveredconditionals="0" methods="7" coveredmethods="0"/>
        <line num="30" count="0" type="stmt"/>
        <line num="31" count="0" type="stmt"/>
        <line num="32" count="0" type="stmt"/>
        <line num="33" count="0" type="stmt"/>
        <line num="34" count="0" type="stmt"/>
        <line num="36" count="0" type="stmt"/>
        <line num="42" count="0" type="stmt"/>
        <line num="48" count="0" type="stmt"/>
        <line num="53" count="0" type="stmt"/>
        <line num="55" count="0" type="stmt"/>
        <line num="56" count="0" type="stmt"/>
        <line num="57" count="0" type="stmt"/>
        <line num="58" count="0" type="stmt"/>
        <line num="60" count="0" type="cond" truecount="0" falsecount="2"/>
        <line num="61" count="0" type="stmt"/>
        <line num="67" count="0" type="stmt"/>
        <line num="86" count="0" type="stmt"/>
        <line num="105" count="0" type="stmt"/>
        <line num="126" count="0" type="stmt"/>
        <line num="179" count="0" type="stmt"/>
        <line num="180" count="0" type="stmt"/>
      </file>
      <file name="verify-email.tsx" path="/Users/theobarnes/Projects/comedy-app/app/(auth)/verify-email.tsx">
        <metrics statements="3" coveredstatements="0" conditionals="0" coveredconditionals="0" methods="2" coveredmethods="0"/>
        <line num="7" count="0" type="stmt"/>
        <line num="9" count="0" type="stmt"/>
        <line num="17" count="0" type="stmt"/>
      </file>
    </package>
    <package name="app.(onboarding)">
      <metrics statements="46" coveredstatements="32" conditionals="16" coveredconditionals="10" methods="17" coveredmethods="11"/>
      <file name="_layout.tsx" path="/Users/theobarnes/Projects/comedy-app/app/(onboarding)/_layout.tsx">
        <metrics statements="1" coveredstatements="0" conditionals="0" coveredconditionals="0" methods="1" coveredmethods="0"/>
        <line num="4" count="0" type="stmt"/>
      </file>
      <file name="index.tsx" path="/Users/theobarnes/Projects/comedy-app/app/(onboarding)/index.tsx">
        <metrics statements="45" coveredstatements="32" conditionals="16" coveredconditionals="10" methods="16" coveredmethods="11"/>
        <line num="21" count="1" type="stmt"/>
        <line num="33" count="1" type="stmt"/>
        <line num="36" count="1" type="stmt"/>
        <line num="37" count="1" type="stmt"/>
        <line num="38" count="1" type="stmt"/>
        <line num="39" count="1" type="stmt"/>
        <line num="42" count="2" type="stmt"/>
        <line num="43" count="2" type="stmt"/>
        <line num="44" count="2" type="stmt"/>
        <line num="46" count="2" type="stmt"/>
        <line num="47" count="2" type="stmt"/>
        <line num="49" count="2" type="stmt"/>
        <line num="52" count="2" type="stmt"/>
        <line num="53" count="2" type="stmt"/>
        <line num="82" count="2" type="stmt"/>
        <line num="84" count="1" type="stmt"/>
        <line num="86" count="3" type="cond" truecount="2" falsecount="0"/>
        <line num="93" count="2" type="stmt"/>
        <line num="94" count="1" type="stmt"/>
        <line num="96" count="3" type="stmt"/>
        <line num="109" count="2" type="stmt"/>
        <line num="110" count="1" type="cond" truecount="2" falsecount="2"/>
        <line num="111" count="0" type="stmt"/>
        <line num="112" count="0" type="stmt"/>
        <line num="113" count="0" type="stmt"/>
        <line num="117" count="2" type="stmt"/>
        <line num="118" count="0" type="stmt"/>
        <line num="119" count="0" type="stmt"/>
        <line num="122" count="2" type="stmt"/>
        <line num="124" count="0" type="cond" truecount="0" falsecount="2"/>
        <line num="125" count="0" type="stmt"/>
        <line num="126" count="0" type="stmt"/>
        <line num="128" count="0" type="stmt"/>
        <line num="134" count="2" type="stmt"/>
        <line num="136" count="6" type="stmt"/>
        <line num="149" count="0" type="stmt"/>
        <line num="163" count="2" type="stmt"/>
        <line num="165" count="0" type="cond" truecount="0" falsecount="2"/>
        <line num="166" count="0" type="stmt"/>
        <line num="172" count="2" type="stmt"/>
        <line num="178" count="7" type="stmt"/>
        <line num="185" count="0" type="stmt"/>
        <line num="195" count="6" type="stmt"/>
        <line num="208" count="1" type="stmt"/>
        <line num="209" count="2" type="stmt"/>
      </file>
    </package>
    <package name="app.(tabs)">
      <metrics statements="16" coveredstatements="0" conditionals="10" coveredconditionals="0" methods="9" coveredmethods="0"/>
      <file name="_layout.tsx" path="/Users/theobarnes/Projects/comedy-app/app/(tabs)/_layout.tsx">
        <metrics statements="5" coveredstatements="0" conditionals="2" coveredconditionals="0" methods="3" coveredmethods="0"/>
        <line num="11" count="0" type="stmt"/>
        <line num="12" count="0" type="cond" truecount="0" falsecount="2"/>
        <line num="17" count="0" type="stmt"/>
        <line num="18" count="0" type="stmt"/>
        <line num="19" count="0" type="stmt"/>
      </file>
      <file name="index.tsx" path="/Users/theobarnes/Projects/comedy-app/app/(tabs)/index.tsx">
        <metrics statements="0" coveredstatements="0" conditionals="0" coveredconditionals="0" methods="0" coveredmethods="0"/>
      </file>
      <file name="profile.tsx" path="/Users/theobarnes/Projects/comedy-app/app/(tabs)/profile.tsx">
        <metrics statements="10" coveredstatements="0" conditionals="8" coveredconditionals="0" methods="5" coveredmethods="0"/>
        <line num="10" count="0" type="stmt"/>
        <line num="13" count="0" type="stmt"/>
        <line num="14" count="0" type="stmt"/>
        <line num="16" count="0" type="stmt"/>
        <line num="28" count="0" type="stmt"/>
        <line num="29" count="0" type="stmt"/>
        <line num="33" count="0" type="stmt"/>
        <line num="35" count="0" type="stmt"/>
        <line num="57" count="0" type="stmt"/>
        <line num="58" count="0" type="stmt"/>
      </file>
      <file name="saved.tsx" path="/Users/theobarnes/Projects/comedy-app/app/(tabs)/saved.tsx">
        <metrics statements="1" coveredstatements="0" conditionals="0" coveredconditionals="0" methods="1" coveredmethods="0"/>
        <line num="4" count="0" type="stmt"/>
      </file>
      <file name="search.tsx" path="/Users/theobarnes/Projects/comedy-app/app/(tabs)/search.tsx">
        <metrics statements="0" coveredstatements="0" conditionals="0" coveredconditionals="0" methods="0" coveredmethods="0"/>
      </file>
    </package>
    <package name="src.components">
      <metrics statements="103" coveredstatements="101" conditionals="91" coveredconditionals="80" methods="38" coveredmethods="38"/>
      <file name="AppText.tsx" path="/Users/theobarnes/Projects/comedy-app/src/components/AppText.tsx">
        <metrics statements="11" coveredstatements="11" conditionals="25" coveredconditionals="23" methods="2" coveredmethods="2"/>
        <line num="21" count="2187" type="stmt"/>
        <line num="22" count="2187" type="stmt"/>
        <line num="23" count="2187" type="stmt"/>
        <line num="24" count="2187" type="stmt"/>
        <line num="25" count="2187" type="stmt"/>
        <line num="31" count="2187" type="cond" truecount="4" falsecount="0"/>
        <line num="39" count="2187" type="cond" truecount="3" falsecount="0"/>
        <line num="40" count="2187" type="cond" truecount="1" falsecount="1"/>
        <line num="46" count="2187" type="stmt"/>
        <line num="62" count="37" type="stmt"/>
        <line num="63" count="2182" type="stmt"/>
      </file>
      <file name="BackButton.tsx" path="/Users/theobarnes/Projects/comedy-app/src/components/BackButton.tsx">
        <metrics statements="4" coveredstatements="4" conditionals="2" coveredconditionals="2" methods="2" coveredmethods="2"/>
        <line num="14" count="2" type="stmt"/>
        <line num="15" count="2" type="stmt"/>
        <line num="16" count="1" type="cond" truecount="2" falsecount="0"/>
        <line num="22" count="1" type="stmt"/>
      </file>
      <file name="Button.tsx" path="/Users/theobarnes/Projects/comedy-app/src/components/Button.tsx">
        <metrics statements="7" coveredstatements="7" conditionals="15" coveredconditionals="13" methods="3" coveredmethods="3"/>
        <line num="39" count="54" type="cond" truecount="2" falsecount="0"/>
        <line num="40" count="54" type="stmt"/>
        <line num="41" count="54" type="stmt"/>
        <line num="43" count="54" type="stmt"/>
        <line num="45" count="54" type="stmt"/>
        <line num="73" count="9" type="stmt"/>
        <line num="74" count="53" type="stmt"/>
      </file>
      <file name="Card.tsx" path="/Users/theobarnes/Projects/comedy-app/src/components/Card.tsx">
        <metrics statements="7" coveredstatements="7" conditionals="4" coveredconditionals="3" methods="3" coveredmethods="3"/>
        <line num="12" count="357" type="stmt"/>
        <line num="13" count="357" type="cond" truecount="2" falsecount="0"/>
        <line num="14" count="234" type="stmt"/>
        <line num="16" count="234" type="cond" truecount="1" falsecount="1"/>
        <line num="24" count="123" type="stmt"/>
        <line num="27" count="19" type="stmt"/>
        <line num="28" count="357" type="stmt"/>
      </file>
      <file name="ErrorBanner.tsx" path="/Users/theobarnes/Projects/comedy-app/src/components/ErrorBanner.tsx">
        <metrics statements="5" coveredstatements="5" conditionals="2" coveredconditionals="2" methods="2" coveredmethods="2"/>
        <line num="11" count="2" type="stmt"/>
        <line num="12" count="2" type="cond" truecount="2" falsecount="0"/>
        <line num="13" count="1" type="stmt"/>
        <line num="20" count="1" type="stmt"/>
        <line num="21" count="2" type="stmt"/>
      </file>
      <file name="ErrorBoundary.tsx" path="/Users/theobarnes/Projects/comedy-app/src/components/ErrorBoundary.tsx">
        <metrics statements="12" coveredstatements="12" conditionals="2" coveredconditionals="2" methods="5" coveredmethods="5"/>
        <line num="18" count="5" type="stmt"/>
        <line num="21" count="4" type="stmt"/>
        <line num="25" count="2" type="stmt"/>
        <line num="28" count="5" type="stmt"/>
        <line num="29" count="1" type="stmt"/>
        <line num="33" count="11" type="stmt"/>
        <line num="34" count="11" type="cond" truecount="2" falsecount="0"/>
        <line num="35" count="5" type="stmt"/>
        <line num="49" count="6" type="stmt"/>
        <line num="58" count="6" type="stmt"/>
        <line num="59" count="6" type="stmt"/>
        <line num="64" count="1" type="stmt"/>
      </file>
      <file name="FieldWrapper.tsx" path="/Users/theobarnes/Projects/comedy-app/src/components/FieldWrapper.tsx">
        <metrics statements="2" coveredstatements="2" conditionals="2" coveredconditionals="2" methods="1" coveredmethods="1"/>
        <line num="18" count="11" type="stmt"/>
        <line num="19" count="11" type="stmt"/>
      </file>
      <file name="FormField.tsx" path="/Users/theobarnes/Projects/comedy-app/src/components/FormField.tsx">
        <metrics statements="3" coveredstatements="3" conditionals="2" coveredconditionals="2" methods="1" coveredmethods="1"/>
        <line num="15" count="3" type="stmt"/>
        <line num="16" count="3" type="stmt"/>
        <line num="17" count="3" type="stmt"/>
      </file>
      <file name="GlassSurface.tsx" path="/Users/theobarnes/Projects/comedy-app/src/components/GlassSurface.tsx">
        <metrics statements="17" coveredstatements="16" conditionals="12" coveredconditionals="7" methods="5" coveredmethods="5"/>
        <line num="26" count="3" type="stmt"/>
        <line num="28" count="3" type="stmt"/>
        <line num="29" count="3" type="cond" truecount="1" falsecount="1"/>
        <line num="30" count="3" type="stmt"/>
        <line num="31" count="3" type="stmt"/>
        <line num="32" count="3" type="cond" truecount="1" falsecount="1"/>
        <line num="34" count="3" type="stmt"/>
        <line num="38" count="3" type="stmt"/>
        <line num="39" count="3" type="stmt"/>
        <line num="40" count="3" type="stmt"/>
        <line num="44" count="3" type="stmt"/>
        <line num="50" count="1" type="cond" truecount="2" falsecount="1"/>
        <line num="69" count="3" type="stmt"/>
        <line num="70" count="3" type="stmt"/>
        <line num="72" count="3" type="cond" truecount="2" falsecount="2"/>
        <line num="73" count="3" type="stmt"/>
        <line num="80" count="0" type="stmt"/>
      </file>
      <file name="HomeHeroHeader.tsx" path="/Users/theobarnes/Projects/comedy-app/src/components/HomeHeroHeader.tsx">
        <metrics statements="2" coveredstatements="2" conditionals="0" coveredconditionals="0" methods="1" coveredmethods="1"/>
        <line num="11" count="18" type="stmt"/>
        <line num="18" count="5" type="stmt"/>
      </file>
      <file name="PasswordInput.tsx" path="/Users/theobarnes/Projects/comedy-app/src/components/PasswordInput.tsx">
        <metrics statements="5" coveredstatements="5" conditionals="4" coveredconditionals="4" methods="3" coveredmethods="3"/>
        <line num="17" count="8" type="stmt"/>
        <line num="18" count="8" type="stmt"/>
        <line num="19" count="8" type="stmt"/>
        <line num="21" count="8" type="stmt"/>
        <line num="30" count="3" type="stmt"/>
      </file>
      <file name="Screen.tsx" path="/Users/theobarnes/Projects/comedy-app/src/components/Screen.tsx">
        <metrics statements="5" coveredstatements="5" conditionals="0" coveredconditionals="0" methods="2" coveredmethods="2"/>
        <line num="9" count="6" type="stmt"/>
        <line num="12" count="24" type="stmt"/>
        <line num="13" count="24" type="stmt"/>
        <line num="20" count="6" type="stmt"/>
        <line num="21" count="24" type="stmt"/>
      </file>
      <file name="ScreenHeader.tsx" path="/Users/theobarnes/Projects/comedy-app/src/components/ScreenHeader.tsx">
        <metrics statements="15" coveredstatements="14" conditionals="12" coveredconditionals="11" methods="5" coveredmethods="5"/>
        <line num="12" count="6" type="stmt"/>
        <line num="39" count="26" type="stmt"/>
        <line num="40" count="26" type="stmt"/>
        <line num="41" count="26" type="stmt"/>
        <line num="42" count="1" type="cond" truecount="1" falsecount="1"/>
        <line num="43" count="1" type="stmt"/>
        <line num="44" count="1" type="stmt"/>
        <line num="47" count="0" type="stmt"/>
        <line num="50" count="26" type="stmt"/>
        <line num="52" count="26" type="stmt"/>
        <line num="84" count="9" type="stmt"/>
        <line num="85" count="9" type="stmt"/>
        <line num="92" count="1" type="stmt"/>
        <line num="126" count="6" type="stmt"/>
        <line num="127" count="26" type="stmt"/>
      </file>
      <file name="StatusScreen.tsx" path="/Users/theobarnes/Projects/comedy-app/src/components/StatusScreen.tsx">
        <metrics statements="6" coveredstatements="6" conditionals="6" coveredconditionals="6" methods="2" coveredmethods="2"/>
        <line num="34" count="4" type="stmt"/>
        <line num="35" count="4" type="stmt"/>
        <line num="36" count="4" type="cond" truecount="2" falsecount="0"/>
        <line num="37" count="4" type="stmt"/>
        <line num="55" count="1" type="stmt"/>
        <line num="56" count="4" type="stmt"/>
      </file>
      <file name="TabScreenTemplate.tsx" path="/Users/theobarnes/Projects/comedy-app/src/components/TabScreenTemplate.tsx">
        <metrics statements="2" coveredstatements="2" conditionals="3" coveredconditionals="3" methods="1" coveredmethods="1"/>
        <line num="15" count="4" type="stmt"/>
        <line num="30" count="1" type="stmt"/>
      </file>
      <file name="icons.ts" path="/Users/theobarnes/Projects/comedy-app/src/components/icons.ts">
        <metrics statements="0" coveredstatements="0" conditionals="0" coveredconditionals="0" methods="0" coveredmethods="0"/>
      </file>
    </package>
    <package name="src.components.layouts">
      <metrics statements="7" coveredstatements="6" conditionals="6" coveredconditionals="4" methods="1" coveredmethods="1"/>
      <file name="AppTabScreenLayout.tsx" path="/Users/theobarnes/Projects/comedy-app/src/components/layouts/AppTabScreenLayout.tsx">
        <metrics statements="7" coveredstatements="6" conditionals="6" coveredconditionals="4" methods="1" coveredmethods="1"/>
        <line num="53" count="20" type="stmt"/>
        <line num="65" count="20" type="cond" truecount="2" falsecount="0"/>
        <line num="66" count="17" type="stmt"/>
        <line num="85" count="3" type="cond" truecount="1" falsecount="1"/>
        <line num="86" count="3" type="stmt"/>
        <line num="100" count="0" type="stmt"/>
        <line num="113" count="5" type="stmt"/>
      </file>
    </package>
    <package name="src.features.auth">
      <metrics statements="177" coveredstatements="45" conditionals="100" coveredconditionals="13" methods="44" coveredmethods="16"/>
      <file name="AuthProvider.tsx" path="/Users/theobarnes/Projects/comedy-app/src/features/auth/AuthProvider.tsx">
        <metrics statements="113" coveredstatements="0" conditionals="80" coveredconditionals="0" methods="20" coveredmethods="0"/>
        <line num="18" count="0" type="stmt"/>
        <line num="22" count="0" type="stmt"/>
        <line num="23" count="0" type="stmt"/>
        <line num="24" count="0" type="stmt"/>
        <line num="25" count="0" type="stmt"/>
        <line num="28" count="0" type="stmt"/>
        <line num="30" count="0" type="stmt"/>
        <line num="31" count="0" type="stmt"/>
        <line num="34" count="0" type="stmt"/>
        <line num="35" count="0" type="stmt"/>
        <line num="36" count="0" type="stmt"/>
        <line num="37" count="0" type="stmt"/>
        <line num="38" count="0" type="stmt"/>
        <line num="43" count="0" type="stmt"/>
        <line num="44" count="0" type="stmt"/>
        <line num="46" count="0" type="stmt"/>
        <line num="50" count="0" type="stmt"/>
        <line num="51" count="0" type="cond" truecount="0" falsecount="2"/>
        <line num="52" count="0" type="cond" truecount="0" falsecount="2"/>
        <line num="53" count="0" type="cond" truecount="0" falsecount="2"/>
        <line num="56" count="0" type="cond" truecount="0" falsecount="4"/>
        <line num="57" count="0" type="stmt"/>
        <line num="65" count="0" type="stmt"/>
        <line num="69" count="0" type="cond" truecount="0" falsecount="4"/>
        <line num="70" count="0" type="stmt"/>
        <line num="72" count="0" type="stmt"/>
        <line num="78" count="0" type="cond" truecount="0" falsecount="4"/>
        <line num="81" count="0" type="stmt"/>
        <line num="82" count="0" type="stmt"/>
        <line num="83" count="0" type="cond" truecount="0" falsecount="2"/>
        <line num="87" count="0" type="cond" truecount="0" falsecount="2"/>
        <line num="88" count="0" type="stmt"/>
        <line num="89" count="0" type="stmt"/>
        <line num="90" count="0" type="stmt"/>
        <line num="92" count="0" type="stmt"/>
        <line num="93" count="0" type="cond" truecount="0" falsecount="2"/>
        <line num="94" count="0" type="stmt"/>
        <line num="99" count="0" type="stmt"/>
        <line num="100" count="0" type="cond" truecount="0" falsecount="2"/>
        <line num="101" count="0" type="stmt"/>
        <line num="102" count="0" type="cond" truecount="0" falsecount="2"/>
        <line num="103" count="0" type="cond" truecount="0" falsecount="2"/>
        <line num="105" count="0" type="stmt"/>
        <line num="107" count="0" type="stmt"/>
        <line num="108" count="0" type="stmt"/>
        <line num="111" count="0" type="cond" truecount="0" falsecount="2"/>
        <line num="114" count="0" type="stmt"/>
        <line num="118" count="0" type="stmt"/>
        <line num="119" count="0" type="stmt"/>
        <line num="120" count="0" type="cond" truecount="0" falsecount="2"/>
        <line num="123" count="0" type="stmt"/>
        <line num="124" count="0" type="stmt"/>
        <line num="130" count="0" type="stmt"/>
        <line num="135" count="0" type="cond" truecount="0" falsecount="6"/>
        <line num="137" count="0" type="stmt"/>
        <line num="139" count="0" type="cond" truecount="0" falsecount="2"/>
        <line num="140" count="0" type="stmt"/>
        <line num="141" count="0" type="stmt"/>
        <line num="142" count="0" type="cond" truecount="0" falsecount="2"/>
        <line num="143" count="0" type="stmt"/>
        <line num="144" count="0" type="cond" truecount="0" falsecount="2"/>
        <line num="149" count="0" type="stmt"/>
        <line num="153" count="0" type="stmt"/>
        <line num="158" count="0" type="stmt"/>
        <line num="159" count="0" type="cond" truecount="0" falsecount="2"/>
        <line num="167" count="0" type="stmt"/>
        <line num="175" count="0" type="cond" truecount="0" falsecount="2"/>
        <line num="180" count="0" type="stmt"/>
        <line num="181" count="0" type="stmt"/>
        <line num="182" count="0" type="cond" truecount="0" falsecount="2"/>
        <line num="187" count="0" type="stmt"/>
        <line num="188" count="0" type="stmt"/>
        <line num="189" count="0" type="stmt"/>
        <line num="191" count="0" type="stmt"/>
        <line num="197" count="0" type="stmt"/>
        <line num="198" count="0" type="stmt"/>
        <line num="207" count="0" type="cond" truecount="0" falsecount="2"/>
        <line num="213" count="0" type="stmt"/>
        <line num="215" count="0" type="stmt"/>
        <line num="218" count="0" type="cond" truecount="0" falsecount="2"/>
        <line num="220" count="0" type="stmt"/>
        <line num="225" count="0" type="cond" truecount="0" falsecount="2"/>
        <line num="228" count="0" type="cond" truecount="0" falsecount="2"/>
        <line num="229" count="0" type="stmt"/>
        <line num="230" count="0" type="cond" truecount="0" falsecount="2"/>
        <line num="231" count="0" type="stmt"/>
        <line num="236" count="0" type="stmt"/>
        <line num="238" count="0" type="cond" truecount="0" falsecount="2"/>
        <line num="239" count="0" type="stmt"/>
        <line num="242" count="0" type="stmt"/>
        <line num="245" count="0" type="cond" truecount="0" falsecount="2"/>
        <line num="249" count="0" type="stmt"/>
        <line num="253" count="0" type="stmt"/>
        <line num="254" count="0" type="stmt"/>
        <line num="259" count="0" type="stmt"/>
        <line num="262" count="0" type="stmt"/>
        <line num="263" count="0" type="cond" truecount="0" falsecount="2"/>
        <line num="264" count="0" type="stmt"/>
        <line num="265" count="0" type="stmt"/>
        <line num="268" count="0" type="stmt"/>
        <line num="270" count="0" type="stmt"/>
        <line num="273" count="0" type="stmt"/>
        <line num="274" count="0" type="stmt"/>
        <line num="275" count="0" type="cond" truecount="0" falsecount="2"/>
        <line num="278" count="0" type="stmt"/>
        <line num="280" count="0" type="stmt"/>
        <line num="288" count="0" type="stmt"/>
        <line num="289" count="0" type="cond" truecount="0" falsecount="2"/>
        <line num="290" count="0" type="stmt"/>
        <line num="291" count="0" type="stmt"/>
        <line num="292" count="0" type="stmt"/>
        <line num="299" count="0" type="stmt"/>
        <line num="302" count="0" type="stmt"/>
      </file>
      <file name="AuthScreenWrapper.tsx" path="/Users/theobarnes/Projects/comedy-app/src/features/auth/AuthScreenWrapper.tsx">
        <metrics statements="4" coveredstatements="0" conditionals="2" coveredconditionals="0" methods="2" coveredmethods="0"/>
        <line num="20" count="0" type="stmt"/>
        <line num="21" count="0" type="stmt"/>
        <line num="37" count="0" type="stmt"/>
        <line num="38" count="0" type="stmt"/>
      </file>
      <file name="DevLoginPanel.tsx" path="/Users/theobarnes/Projects/comedy-app/src/features/auth/DevLoginPanel.tsx">
        <metrics statements="9" coveredstatements="0" conditionals="4" coveredconditionals="0" methods="4" coveredmethods="0"/>
        <line num="8" count="0" type="stmt"/>
        <line num="19" count="0" type="stmt"/>
        <line num="21" count="0" type="cond" truecount="0" falsecount="2"/>
        <line num="23" count="0" type="stmt"/>
        <line num="30" count="0" type="stmt"/>
        <line num="32" count="0" type="cond" truecount="0" falsecount="2"/>
        <line num="33" count="0" type="stmt"/>
        <line num="46" count="0" type="stmt"/>
        <line num="48" count="0" type="stmt"/>
      </file>
      <file name="LogoHeader.tsx" path="/Users/theobarnes/Projects/comedy-app/src/features/auth/LogoHeader.tsx">
        <metrics statements="5" coveredstatements="0" conditionals="0" coveredconditionals="0" methods="2" coveredmethods="0"/>
        <line num="11" count="0" type="stmt"/>
        <line num="12" count="0" type="stmt"/>
        <line num="13" count="0" type="stmt"/>
        <line num="23" count="0" type="stmt"/>
        <line num="24" count="0" type="stmt"/>
      </file>
      <file name="RoleSelectionCards.tsx" path="/Users/theobarnes/Projects/comedy-app/src/features/auth/RoleSelectionCards.tsx">
        <metrics statements="9" coveredstatements="9" conditionals="8" coveredconditionals="8" methods="4" coveredmethods="4"/>
        <line num="18" count="4" type="stmt"/>
        <line num="19" count="4" type="stmt"/>
        <line num="20" count="4" type="stmt"/>
        <line num="22" count="4" type="stmt"/>
        <line num="25" count="12" type="stmt"/>
        <line num="26" count="12" type="stmt"/>
        <line num="30" count="2" type="stmt"/>
        <line num="58" count="1" type="stmt"/>
        <line num="59" count="4" type="stmt"/>
      </file>
      <file name="SocialAuthButtons.tsx" path="/Users/theobarnes/Projects/comedy-app/src/features/auth/SocialAuthButtons.tsx">
        <metrics statements="6" coveredstatements="6" conditionals="4" coveredconditionals="4" methods="2" coveredmethods="2"/>
        <line num="25" count="4" type="stmt"/>
        <line num="26" count="4" type="stmt"/>
        <line num="27" count="4" type="stmt"/>
        <line num="29" count="4" type="stmt"/>
        <line num="65" count="1" type="stmt"/>
        <line num="66" count="4" type="stmt"/>
      </file>
      <file name="authStyles.ts" path="/Users/theobarnes/Projects/comedy-app/src/features/auth/authStyles.ts">
        <metrics statements="2" coveredstatements="2" conditionals="0" coveredconditionals="0" methods="1" coveredmethods="1"/>
        <line num="6" count="2" type="stmt"/>
        <line num="7" count="16" type="stmt"/>
      </file>
      <file name="context.ts" path="/Users/theobarnes/Projects/comedy-app/src/features/auth/context.ts">
        <metrics statements="1" coveredstatements="1" conditionals="0" coveredconditionals="0" methods="0" coveredmethods="0"/>
        <line num="24" count="5" type="stmt"/>
      </file>
      <file name="schemas.ts" path="/Users/theobarnes/Projects/comedy-app/src/features/auth/schemas.ts">
        <metrics statements="3" coveredstatements="3" conditionals="0" coveredconditionals="0" methods="3" coveredmethods="3"/>
        <line num="5" count="1" type="stmt"/>
        <line num="12" count="1" type="stmt"/>
        <line num="24" count="1" type="stmt"/>
      </file>
      <file name="useAuth.ts" path="/Users/theobarnes/Projects/comedy-app/src/features/auth/useAuth.ts">
        <metrics statements="4" coveredstatements="3" conditionals="2" coveredconditionals="1" methods="1" coveredmethods="1"/>
        <line num="6" count="2" type="stmt"/>
        <line num="7" count="2" type="cond" truecount="1" falsecount="1"/>
        <line num="8" count="2" type="stmt"/>
        <line num="10" count="0" type="stmt"/>
      </file>
      <file name="useRoleOptions.ts" path="/Users/theobarnes/Projects/comedy-app/src/features/auth/useRoleOptions.ts">
        <metrics statements="3" coveredstatements="3" conditionals="0" coveredconditionals="0" methods="2" coveredmethods="2"/>
        <line num="10" count="7" type="stmt"/>
        <line num="11" count="7" type="stmt"/>
        <line num="12" count="7" type="stmt"/>
      </file>
      <file name="useSocialAuthHandlers.ts" path="/Users/theobarnes/Projects/comedy-app/src/features/auth/useSocialAuthHandlers.ts">
        <metrics statements="18" coveredstatements="18" conditionals="0" coveredconditionals="0" methods="3" coveredmethods="3"/>
        <line num="16" count="9" type="stmt"/>
        <line num="17" count="9" type="stmt"/>
        <line num="18" count="9" type="stmt"/>
        <line num="20" count="9" type="stmt"/>
        <line num="21" count="2" type="stmt"/>
        <line num="22" count="2" type="stmt"/>
        <line num="23" count="2" type="stmt"/>
        <line num="24" count="2" type="stmt"/>
        <line num="26" count="1" type="stmt"/>
        <line num="28" count="2" type="stmt"/>
        <line num="32" count="9" type="stmt"/>
        <line num="33" count="1" type="stmt"/>
        <line num="34" count="1" type="stmt"/>
        <line num="35" count="1" type="stmt"/>
        <line num="36" count="1" type="stmt"/>
        <line num="38" count="1" type="stmt"/>
        <line num="40" count="1" type="stmt"/>
        <line num="44" count="9" type="stmt"/>
      </file>
    </package>
    <package name="src.features.browse">
      <metrics statements="3" coveredstatements="3" conditionals="0" coveredconditionals="0" methods="1" coveredmethods="1"/>
      <file name="config.ts" path="/Users/theobarnes/Projects/comedy-app/src/features/browse/config.ts">
        <metrics statements="3" coveredstatements="3" conditionals="0" coveredconditionals="0" methods="1" coveredmethods="1"/>
        <line num="6" count="6" type="stmt"/>
        <line num="122" count="6" type="stmt"/>
        <line num="129" count="21" type="stmt"/>
      </file>
      <file name="index.ts" path="/Users/theobarnes/Projects/comedy-app/src/features/browse/index.ts">
        <metrics statements="0" coveredstatements="0" conditionals="0" coveredconditionals="0" methods="0" coveredmethods="0"/>
      </file>
      <file name="types.ts" path="/Users/theobarnes/Projects/comedy-app/src/features/browse/types.ts">
        <metrics statements="0" coveredstatements="0" conditionals="0" coveredconditionals="0" methods="0" coveredmethods="0"/>
      </file>
    </package>
    <package name="src.features.browse.components">
      <metrics statements="23" coveredstatements="23" conditionals="6" coveredconditionals="5" methods="16" coveredmethods="14"/>
      <file name="BrowseSections.tsx" path="/Users/theobarnes/Projects/comedy-app/src/features/browse/components/BrowseSections.tsx">
        <metrics statements="23" coveredstatements="23" conditionals="6" coveredconditionals="5" methods="16" coveredmethods="14"/>
        <line num="35" count="18" type="stmt"/>
        <line num="45" count="36" type="stmt"/>
        <line num="53" count="17" type="stmt"/>
        <line num="54" count="17" type="stmt"/>
        <line num="72" count="20" type="stmt"/>
        <line num="90" count="80" type="stmt"/>
        <line num="107" count="19" type="stmt"/>
        <line num="108" count="19" type="stmt"/>
        <line num="122" count="57" type="stmt"/>
        <line num="148" count="36" type="stmt"/>
        <line num="149" count="36" type="stmt"/>
        <line num="156" count="36" type="stmt"/>
        <line num="186" count="57" type="stmt"/>
        <line num="187" count="57" type="stmt"/>
        <line num="201" count="5" type="stmt"/>
        <line num="215" count="5" type="stmt"/>
        <line num="216" count="36" type="stmt"/>
        <line num="253" count="5" type="stmt"/>
        <line num="254" count="17" type="stmt"/>
        <line num="267" count="5" type="stmt"/>
        <line num="268" count="19" type="stmt"/>
        <line num="306" count="5" type="stmt"/>
        <line num="307" count="57" type="stmt"/>
      </file>
    </package>
    <package name="src.features.discover">
      <metrics statements="8" coveredstatements="2" conditionals="4" coveredconditionals="0" methods="2" coveredmethods="1"/>
      <file name="config.ts" path="/Users/theobarnes/Projects/comedy-app/src/features/discover/config.ts">
        <metrics statements="2" coveredstatements="2" conditionals="0" coveredconditionals="0" methods="1" coveredmethods="1"/>
        <line num="7" count="1" type="stmt"/>
        <line num="186" count="3" type="stmt"/>
      </file>
      <file name="index.ts" path="/Users/theobarnes/Projects/comedy-app/src/features/discover/index.ts">
        <metrics statements="0" coveredstatements="0" conditionals="0" coveredconditionals="0" methods="0" coveredmethods="0"/>
      </file>
      <file name="search.tsx" path="/Users/theobarnes/Projects/comedy-app/src/features/discover/search.tsx">
        <metrics statements="6" coveredstatements="0" conditionals="4" coveredconditionals="0" methods="1" coveredmethods="0"/>
        <line num="10" count="0" type="stmt"/>
        <line num="17" count="0" type="stmt"/>
        <line num="20" count="0" type="cond" truecount="0" falsecount="2"/>
        <line num="22" count="0" type="cond" truecount="0" falsecount="2"/>
        <line num="23" count="0" type="stmt"/>
        <line num="24" count="0" type="stmt"/>
      </file>
      <file name="types.ts" path="/Users/theobarnes/Projects/comedy-app/src/features/discover/types.ts">
        <metrics statements="0" coveredstatements="0" conditionals="0" coveredconditionals="0" methods="0" coveredmethods="0"/>
      </file>
    </package>
    <package name="src.features.discover.comedian">
      <metrics statements="1" coveredstatements="0" conditionals="0" coveredconditionals="0" methods="1" coveredmethods="0"/>
      <file name="ComedianDiscover.tsx" path="/Users/theobarnes/Projects/comedy-app/src/features/discover/comedian/ComedianDiscover.tsx">
        <metrics statements="1" coveredstatements="0" conditionals="0" coveredconditionals="0" methods="1" coveredmethods="0"/>
        <line num="5" count="0" type="stmt"/>
      </file>
    </package>
    <package name="src.features.discover.components">
      <metrics statements="15" coveredstatements="8" conditionals="12" coveredconditionals="1" methods="9" coveredmethods="3"/>
      <file name="ClipsFeed.tsx" path="/Users/theobarnes/Projects/comedy-app/src/features/discover/components/ClipsFeed.tsx">
        <metrics statements="11" coveredstatements="4" conditionals="12" coveredconditionals="1" methods="7" coveredmethods="1"/>
        <line num="21" count="1" type="stmt"/>
        <line num="24" count="3" type="stmt"/>
        <line num="27" count="0" type="stmt"/>
        <line num="28" count="0" type="cond" truecount="0" falsecount="4"/>
        <line num="31" count="3" type="stmt"/>
        <line num="36" count="0" type="stmt"/>
        <line num="40" count="0" type="stmt"/>
        <line num="45" count="0" type="stmt"/>
        <line num="60" count="0" type="stmt"/>
        <line num="103" count="0" type="stmt"/>
        <line num="115" count="1" type="stmt"/>
      </file>
      <file name="DiscoverScreenLayout.tsx" path="/Users/theobarnes/Projects/comedy-app/src/features/discover/components/DiscoverScreenLayout.tsx">
        <metrics statements="3" coveredstatements="3" conditionals="0" coveredconditionals="0" methods="1" coveredmethods="1"/>
        <line num="15" count="3" type="stmt"/>
        <line num="16" count="3" type="stmt"/>
        <line num="18" count="3" type="stmt"/>
      </file>
      <file name="DiscoverShell.tsx" path="/Users/theobarnes/Projects/comedy-app/src/features/discover/components/DiscoverShell.tsx">
        <metrics statements="1" coveredstatements="1" conditionals="0" coveredconditionals="0" methods="1" coveredmethods="1"/>
        <line num="11" count="3" type="stmt"/>
      </file>
    </package>
    <package name="src.features.discover.fan">
      <metrics statements="1" coveredstatements="0" conditionals="0" coveredconditionals="0" methods="1" coveredmethods="0"/>
      <file name="FanDiscover.tsx" path="/Users/theobarnes/Projects/comedy-app/src/features/discover/fan/FanDiscover.tsx">
        <metrics statements="1" coveredstatements="0" conditionals="0" coveredconditionals="0" methods="1" coveredmethods="0"/>
        <line num="5" count="0" type="stmt"/>
      </file>
    </package>
    <package name="src.features.discover.venue">
      <metrics statements="1" coveredstatements="0" conditionals="0" coveredconditionals="0" methods="1" coveredmethods="0"/>
      <file name="VenueDiscover.tsx" path="/Users/theobarnes/Projects/comedy-app/src/features/discover/venue/VenueDiscover.tsx">
        <metrics statements="1" coveredstatements="0" conditionals="0" coveredconditionals="0" methods="1" coveredmethods="0"/>
        <line num="5" count="0" type="stmt"/>
      </file>
    </package>
    <package name="src.features.home">
      <metrics statements="8" coveredstatements="8" conditionals="4" coveredconditionals="4" methods="1" coveredmethods="1"/>
      <file name="cardTypography.ts" path="/Users/theobarnes/Projects/comedy-app/src/features/home/cardTypography.ts">
        <metrics statements="1" coveredstatements="1" conditionals="0" coveredconditionals="0" methods="0" coveredmethods="0"/>
        <line num="15" count="19" type="stmt"/>
      </file>
      <file name="home-spacing.ts" path="/Users/theobarnes/Projects/comedy-app/src/features/home/home-spacing.ts">
        <metrics statements="1" coveredstatements="1" conditionals="0" coveredconditionals="0" methods="0" coveredmethods="0"/>
        <line num="4" count="4" type="stmt"/>
      </file>
      <file name="index.tsx" path="/Users/theobarnes/Projects/comedy-app/src/features/home/index.tsx">
        <metrics statements="6" coveredstatements="6" conditionals="4" coveredconditionals="4" methods="1" coveredmethods="1"/>
        <line num="10" count="1" type="stmt"/>
        <line num="17" count="5" type="stmt"/>
        <line num="20" count="5" type="cond" truecount="2" falsecount="0"/>
        <line num="22" count="4" type="cond" truecount="2" falsecount="0"/>
        <line num="23" count="4" type="stmt"/>
        <line num="24" count="4" type="stmt"/>
      </file>
    </package>
    <package name="src.features.home.comedian">
      <metrics statements="43" coveredstatements="42" conditionals="10" coveredconditionals="7" methods="24" coveredmethods="18"/>
      <file name="ComedianHome.tsx" path="/Users/theobarnes/Projects/comedy-app/src/features/home/comedian/ComedianHome.tsx">
        <metrics statements="19" coveredstatements="18" conditionals="6" coveredconditionals="3" methods="10" coveredmethods="7"/>
        <line num="27" count="5" type="stmt"/>
        <line num="28" count="5" type="cond" truecount="1" falsecount="1"/>
        <line num="29" count="5" type="cond" truecount="1" falsecount="1"/>
        <line num="30" count="5" type="stmt"/>
        <line num="33" count="1" type="stmt"/>
        <line num="87" count="5" type="stmt"/>
        <line num="88" count="5" type="stmt"/>
        <line num="89" count="5" type="stmt"/>
        <line num="90" count="5" type="stmt"/>
        <line num="91" count="5" type="stmt"/>
        <line num="92" count="25" type="stmt"/>
        <line num="93" count="5" type="cond" truecount="1" falsecount="1"/>
        <line num="95" count="5" type="stmt"/>
        <line num="119" count="15" type="stmt"/>
        <line num="142" count="10" type="stmt"/>
        <line num="152" count="10" type="stmt"/>
        <line num="164" count="15" type="stmt"/>
        <line num="180" count="0" type="stmt"/>
        <line num="190" count="1" type="stmt"/>
      </file>
      <file name="GigListItem.tsx" path="/Users/theobarnes/Projects/comedy-app/src/features/home/comedian/GigListItem.tsx">
        <metrics statements="4" coveredstatements="4" conditionals="2" coveredconditionals="2" methods="3" coveredmethods="2"/>
        <line num="21" count="14" type="stmt"/>
        <line num="23" count="14" type="stmt"/>
        <line num="47" count="2" type="stmt"/>
        <line num="48" count="14" type="stmt"/>
      </file>
      <file name="NextGigCard.tsx" path="/Users/theobarnes/Projects/comedy-app/src/features/home/comedian/NextGigCard.tsx">
        <metrics statements="9" coveredstatements="9" conditionals="0" coveredconditionals="0" methods="5" coveredmethods="4"/>
        <line num="36" count="9" type="stmt"/>
        <line num="37" count="9" type="stmt"/>
        <line num="38" count="9" type="stmt"/>
        <line num="77" count="18" type="stmt"/>
        <line num="78" count="18" type="stmt"/>
        <line num="94" count="2" type="stmt"/>
        <line num="95" count="9" type="stmt"/>
        <line num="120" count="2" type="stmt"/>
        <line num="121" count="18" type="stmt"/>
      </file>
      <file name="StatCard.tsx" path="/Users/theobarnes/Projects/comedy-app/src/features/home/comedian/StatCard.tsx">
        <metrics statements="4" coveredstatements="4" conditionals="0" coveredconditionals="0" methods="2" coveredmethods="2"/>
        <line num="17" count="19" type="stmt"/>
        <line num="18" count="19" type="stmt"/>
        <line num="37" count="2" type="stmt"/>
        <line num="38" count="19" type="stmt"/>
      </file>
      <file name="TipBanner.tsx" path="/Users/theobarnes/Projects/comedy-app/src/features/home/comedian/TipBanner.tsx">
        <metrics statements="7" coveredstatements="7" conditionals="2" coveredconditionals="2" methods="4" coveredmethods="3"/>
        <line num="24" count="9" type="stmt"/>
        <line num="25" count="9" type="stmt"/>
        <line num="27" count="9" type="cond" truecount="2" falsecount="0"/>
        <line num="29" count="8" type="stmt"/>
        <line num="33" count="1" type="stmt"/>
        <line num="61" count="2" type="stmt"/>
        <line num="62" count="8" type="stmt"/>
      </file>
    </package>
    <package name="src.features.home.components">
      <metrics statements="48" coveredstatements="48" conditionals="16" coveredconditionals="16" methods="23" coveredmethods="21"/>
      <file name="AvatarStack.tsx" path="/Users/theobarnes/Projects/comedy-app/src/features/home/components/AvatarStack.tsx">
        <metrics statements="8" coveredstatements="8" conditionals="2" coveredconditionals="2" methods="3" coveredmethods="3"/>
        <line num="9" count="6" type="stmt"/>
        <line num="10" count="6" type="stmt"/>
        <line num="19" count="25" type="stmt"/>
        <line num="20" count="25" type="stmt"/>
        <line num="21" count="25" type="stmt"/>
        <line num="25" count="50" type="cond" truecount="2" falsecount="0"/>
        <line num="37" count="6" type="stmt"/>
        <line num="38" count="25" type="stmt"/>
      </file>
      <file name="Badge.tsx" path="/Users/theobarnes/Projects/comedy-app/src/features/home/components/Badge.tsx">
        <metrics statements="10" coveredstatements="10" conditionals="0" coveredconditionals="0" methods="4" coveredmethods="4"/>
        <line num="25" count="170" type="stmt"/>
        <line num="26" count="170" type="stmt"/>
        <line num="40" count="13" type="stmt"/>
        <line num="56" count="170" type="stmt"/>
        <line num="57" count="170" type="stmt"/>
        <line num="58" count="170" type="stmt"/>
        <line num="59" count="170" type="stmt"/>
        <line num="60" count="170" type="stmt"/>
        <line num="73" count="13" type="stmt"/>
        <line num="74" count="170" type="stmt"/>
      </file>
      <file name="EventCard.tsx" path="/Users/theobarnes/Projects/comedy-app/src/features/home/components/EventCard.tsx">
        <metrics statements="4" coveredstatements="4" conditionals="2" coveredconditionals="2" methods="3" coveredmethods="2"/>
        <line num="20" count="52" type="stmt"/>
        <line num="22" count="52" type="stmt"/>
        <line num="45" count="5" type="stmt"/>
        <line num="46" count="52" type="stmt"/>
      </file>
      <file name="FilterChips.tsx" path="/Users/theobarnes/Projects/comedy-app/src/features/home/components/FilterChips.tsx">
        <metrics statements="7" coveredstatements="7" conditionals="4" coveredconditionals="4" methods="4" coveredmethods="4"/>
        <line num="14" count="31" type="stmt"/>
        <line num="15" count="31" type="stmt"/>
        <line num="22" count="142" type="stmt"/>
        <line num="23" count="142" type="stmt"/>
        <line num="26" count="1" type="stmt"/>
        <line num="44" count="4" type="stmt"/>
        <line num="45" count="31" type="stmt"/>
      </file>
      <file name="HomeScreenLayout.tsx" path="/Users/theobarnes/Projects/comedy-app/src/features/home/components/HomeScreenLayout.tsx">
        <metrics statements="2" coveredstatements="2" conditionals="0" coveredconditionals="0" methods="1" coveredmethods="1"/>
        <line num="20" count="17" type="stmt"/>
        <line num="22" count="17" type="stmt"/>
      </file>
      <file name="PerformerCard.tsx" path="/Users/theobarnes/Projects/comedy-app/src/features/home/components/PerformerCard.tsx">
        <metrics statements="4" coveredstatements="4" conditionals="2" coveredconditionals="2" methods="3" coveredmethods="2"/>
        <line num="20" count="36" type="stmt"/>
        <line num="22" count="36" type="stmt"/>
        <line num="45" count="3" type="stmt"/>
        <line num="46" count="36" type="stmt"/>
      </file>
      <file name="PlaceholderImage.tsx" path="/Users/theobarnes/Projects/comedy-app/src/features/home/components/PlaceholderImage.tsx">
        <metrics statements="4" coveredstatements="4" conditionals="2" coveredconditionals="2" methods="1" coveredmethods="1"/>
        <line num="17" count="393" type="stmt"/>
        <line num="18" count="393" type="cond" truecount="2" falsecount="0"/>
        <line num="19" count="117" type="stmt"/>
        <line num="21" count="276" type="stmt"/>
      </file>
      <file name="ProgressBar.tsx" path="/Users/theobarnes/Projects/comedy-app/src/features/home/components/ProgressBar.tsx">
        <metrics statements="5" coveredstatements="5" conditionals="0" coveredconditionals="0" methods="2" coveredmethods="2"/>
        <line num="12" count="36" type="stmt"/>
        <line num="13" count="36" type="stmt"/>
        <line num="14" count="36" type="stmt"/>
        <line num="21" count="5" type="stmt"/>
        <line num="22" count="36" type="stmt"/>
      </file>
      <file name="SectionHeader.tsx" path="/Users/theobarnes/Projects/comedy-app/src/features/home/components/SectionHeader.tsx">
        <metrics statements="4" coveredstatements="4" conditionals="4" coveredconditionals="4" methods="2" coveredmethods="2"/>
        <line num="23" count="139" type="stmt"/>
        <line num="24" count="139" type="stmt"/>
        <line num="52" count="7" type="stmt"/>
        <line num="53" count="139" type="stmt"/>
      </file>
    </package>
    <package name="src.features.home.fan">
      <metrics statements="32" coveredstatements="31" conditionals="8" coveredconditionals="6" methods="21" coveredmethods="15"/>
      <file name="ClipCard.tsx" path="/Users/theobarnes/Projects/comedy-app/src/features/home/fan/ClipCard.tsx">
        <metrics statements="4" coveredstatements="4" conditionals="2" coveredconditionals="2" methods="3" coveredmethods="2"/>
        <line num="21" count="17" type="stmt"/>
        <line num="22" count="17" type="stmt"/>
        <line num="55" count="3" type="stmt"/>
        <line num="56" count="17" type="stmt"/>
      </file>
      <file name="FanHome.tsx" path="/Users/theobarnes/Projects/comedy-app/src/features/home/fan/FanHome.tsx">
        <metrics statements="14" coveredstatements="13" conditionals="4" coveredconditionals="2" methods="9" coveredmethods="5"/>
        <line num="25" count="1" type="stmt"/>
        <line num="91" count="6" type="stmt"/>
        <line num="92" count="6" type="stmt"/>
        <line num="93" count="6" type="stmt"/>
        <line num="96" count="6" type="stmt"/>
        <line num="97" count="6" type="stmt"/>
        <line num="98" count="30" type="stmt"/>
        <line num="99" count="6" type="cond" truecount="1" falsecount="1"/>
        <line num="101" count="6" type="stmt"/>
        <line num="140" count="18" type="stmt"/>
        <line num="148" count="12" type="stmt"/>
        <line num="166" count="12" type="stmt"/>
        <line num="190" count="0" type="stmt"/>
        <line num="200" count="1" type="stmt"/>
      </file>
      <file name="FeaturedEventCard.tsx" path="/Users/theobarnes/Projects/comedy-app/src/features/home/fan/FeaturedEventCard.tsx">
        <metrics statements="6" coveredstatements="6" conditionals="0" coveredconditionals="0" methods="3" coveredmethods="3"/>
        <line num="40" count="13" type="stmt"/>
        <line num="41" count="13" type="stmt"/>
        <line num="42" count="13" type="stmt"/>
        <line num="49" count="25" type="stmt"/>
        <line num="88" count="3" type="stmt"/>
        <line num="89" count="13" type="stmt"/>
      </file>
      <file name="SavedRecommendationItem.tsx" path="/Users/theobarnes/Projects/comedy-app/src/features/home/fan/SavedRecommendationItem.tsx">
        <metrics statements="5" coveredstatements="5" conditionals="2" coveredconditionals="2" methods="4" coveredmethods="3"/>
        <line num="33" count="95" type="stmt"/>
        <line num="34" count="95" type="stmt"/>
        <line num="40" count="47" type="stmt"/>
        <line num="68" count="6" type="stmt"/>
        <line num="69" count="95" type="stmt"/>
      </file>
      <file name="ThisWeekSection.tsx" path="/Users/theobarnes/Projects/comedy-app/src/features/home/fan/ThisWeekSection.tsx">
        <metrics statements="3" coveredstatements="3" conditionals="0" coveredconditionals="0" methods="2" coveredmethods="2"/>
        <line num="21" count="9" type="stmt"/>
        <line num="30" count="24" type="stmt"/>
        <line num="37" count="2" type="stmt"/>
      </file>
    </package>
    <package name="src.features.home.venue">
      <metrics statements="33" coveredstatements="32" conditionals="8" coveredconditionals="6" methods="21" coveredmethods="12"/>
      <file name="ActCard.tsx" path="/Users/theobarnes/Projects/comedy-app/src/features/home/venue/ActCard.tsx">
        <metrics statements="7" coveredstatements="7" conditionals="2" coveredconditionals="2" methods="3" coveredmethods="2"/>
        <line num="25" count="23" type="stmt"/>
        <line num="26" count="23" type="stmt"/>
        <line num="27" count="23" type="stmt"/>
        <line num="28" count="23" type="stmt"/>
        <line num="62" count="2" type="stmt"/>
        <line num="64" count="2" type="stmt"/>
        <line num="65" count="23" type="stmt"/>
      </file>
      <file name="EventListItem.tsx" path="/Users/theobarnes/Projects/comedy-app/src/features/home/venue/EventListItem.tsx">
        <metrics statements="4" coveredstatements="4" conditionals="2" coveredconditionals="2" methods="3" coveredmethods="2"/>
        <line num="32" count="19" type="stmt"/>
        <line num="33" count="19" type="stmt"/>
        <line num="65" count="2" type="stmt"/>
        <line num="66" count="19" type="stmt"/>
      </file>
      <file name="FeaturedShowCard.tsx" path="/Users/theobarnes/Projects/comedy-app/src/features/home/venue/FeaturedShowCard.tsx">
        <metrics statements="8" coveredstatements="8" conditionals="0" coveredconditionals="0" methods="7" coveredmethods="3"/>
        <line num="50" count="9" type="stmt"/>
        <line num="51" count="9" type="stmt"/>
        <line num="52" count="9" type="stmt"/>
        <line num="54" count="9" type="stmt"/>
        <line num="61" count="9" type="stmt"/>
        <line num="107" count="36" type="stmt"/>
        <line num="119" count="2" type="stmt"/>
        <line num="120" count="9" type="stmt"/>
      </file>
      <file name="VenueHome.tsx" path="/Users/theobarnes/Projects/comedy-app/src/features/home/venue/VenueHome.tsx">
        <metrics statements="14" coveredstatements="13" conditionals="4" coveredconditionals="2" methods="8" coveredmethods="5"/>
        <line num="24" count="1" type="stmt"/>
        <line num="89" count="5" type="stmt"/>
        <line num="90" count="5" type="stmt"/>
        <line num="91" count="5" type="cond" truecount="1" falsecount="1"/>
        <line num="92" count="5" type="stmt"/>
        <line num="93" count="5" type="stmt"/>
        <line num="94" count="25" type="stmt"/>
        <line num="95" count="5" type="cond" truecount="1" falsecount="1"/>
        <line num="97" count="5" type="stmt"/>
        <line num="122" count="15" type="stmt"/>
        <line num="146" count="20" type="stmt"/>
        <line num="158" count="15" type="stmt"/>
        <line num="174" count="0" type="stmt"/>
        <line num="184" count="1" type="stmt"/>
      </file>
    </package>
    <package name="src.features.location">
      <metrics statements="115" coveredstatements="17" conditionals="72" coveredconditionals="12" methods="21" coveredmethods="3"/>
      <file name="LocationProvider.tsx" path="/Users/theobarnes/Projects/comedy-app/src/features/location/LocationProvider.tsx">
        <metrics statements="75" coveredstatements="3" conditionals="35" coveredconditionals="0" methods="14" coveredmethods="0"/>
        <line num="28" count="5" type="stmt"/>
        <line num="29" count="5" type="stmt"/>
        <line num="31" count="5" type="stmt"/>
        <line num="34" count="0" type="cond" truecount="0" falsecount="2"/>
        <line num="36" count="0" type="stmt"/>
        <line num="37" count="0" type="stmt"/>
        <line num="38" count="0" type="cond" truecount="0" falsecount="2"/>
        <line num="44" count="0" type="stmt"/>
        <line num="47" count="0" type="stmt"/>
        <line num="54" count="0" type="stmt"/>
        <line num="59" count="0" type="stmt"/>
        <line num="60" count="0" type="stmt"/>
        <line num="61" count="0" type="stmt"/>
        <line num="62" count="0" type="stmt"/>
        <line num="63" count="0" type="stmt"/>
        <line num="64" count="0" type="stmt"/>
        <line num="66" count="0" type="stmt"/>
        <line num="68" count="0" type="stmt"/>
        <line num="69" count="0" type="stmt"/>
        <line num="70" count="0" type="stmt"/>
        <line num="71" count="0" type="stmt"/>
        <line num="75" count="0" type="stmt"/>
        <line num="76" count="0" type="cond" truecount="0" falsecount="2"/>
        <line num="77" count="0" type="stmt"/>
        <line num="78" count="0" type="stmt"/>
        <line num="79" count="0" type="stmt"/>
        <line num="80" count="0" type="stmt"/>
        <line num="83" count="0" type="stmt"/>
        <line num="85" count="0" type="cond" truecount="0" falsecount="2"/>
        <line num="86" count="0" type="stmt"/>
        <line num="87" count="0" type="stmt"/>
        <line num="88" count="0" type="cond" truecount="0" falsecount="2"/>
        <line num="93" count="0" type="stmt"/>
        <line num="94" count="0" type="stmt"/>
        <line num="95" count="0" type="stmt"/>
        <line num="101" count="0" type="stmt"/>
        <line num="103" count="0" type="cond" truecount="0" falsecount="2"/>
        <line num="104" count="0" type="stmt"/>
        <line num="107" count="0" type="stmt"/>
        <line num="109" count="0" type="cond" truecount="0" falsecount="2"/>
        <line num="110" count="0" type="stmt"/>
        <line num="111" count="0" type="stmt"/>
        <line num="112" count="0" type="stmt"/>
        <line num="114" count="0" type="stmt"/>
        <line num="117" count="0" type="cond" truecount="0" falsecount="2"/>
        <line num="118" count="0" type="stmt"/>
        <line num="124" count="0" type="stmt"/>
        <line num="125" count="0" type="stmt"/>
        <line num="128" count="0" type="stmt"/>
        <line num="129" count="0" type="stmt"/>
        <line num="132" count="0" type="stmt"/>
        <line num="133" count="0" type="stmt"/>
        <line num="135" count="0" type="cond" truecount="0" falsecount="4"/>
        <line num="136" count="0" type="stmt"/>
        <line num="137" count="0" type="stmt"/>
        <line num="140" count="0" type="stmt"/>
        <line num="143" count="0" type="stmt"/>
        <line num="144" count="0" type="stmt"/>
        <line num="147" count="0" type="stmt"/>
        <line num="152" count="0" type="cond" truecount="0" falsecount="4"/>
        <line num="154" count="0" type="stmt"/>
        <line num="155" count="0" type="cond" truecount="0" falsecount="2"/>
        <line num="156" count="0" type="stmt"/>
        <line num="159" count="0" type="stmt"/>
        <line num="160" count="0" type="cond" truecount="0" falsecount="2"/>
        <line num="161" count="0" type="stmt"/>
        <line num="162" count="0" type="stmt"/>
        <line num="163" count="0" type="stmt"/>
        <line num="166" count="0" type="stmt"/>
        <line num="169" count="0" type="stmt"/>
        <line num="171" count="0" type="stmt"/>
        <line num="172" count="0" type="stmt"/>
        <line num="176" count="0" type="stmt"/>
        <line num="177" count="0" type="stmt"/>
        <line num="201" count="0" type="stmt"/>
      </file>
      <file name="index.ts" path="/Users/theobarnes/Projects/comedy-app/src/features/location/index.ts">
        <metrics statements="0" coveredstatements="0" conditionals="0" coveredconditionals="0" methods="0" coveredmethods="0"/>
      </file>
      <file name="location-service.ts" path="/Users/theobarnes/Projects/comedy-app/src/features/location/location-service.ts">
        <metrics statements="26" coveredstatements="4" conditionals="31" coveredconditionals="9" methods="4" coveredmethods="1"/>
        <line num="24" count="5" type="stmt"/>
        <line num="25" count="5" type="cond" truecount="2" falsecount="0"/>
        <line num="28" count="4" type="cond" truecount="4" falsecount="1"/>
        <line num="34" count="4" type="cond" truecount="3" falsecount="1"/>
        <line num="42" count="0" type="cond" truecount="0" falsecount="4"/>
        <line num="43" count="0" type="cond" truecount="0" falsecount="2"/>
        <line num="47" count="0" type="stmt"/>
        <line num="53" count="0" type="stmt"/>
        <line num="54" count="0" type="stmt"/>
        <line num="55" count="0" type="cond" truecount="0" falsecount="2"/>
        <line num="56" count="0" type="stmt"/>
        <line num="59" count="0" type="stmt"/>
        <line num="61" count="0" type="cond" truecount="0" falsecount="4"/>
        <line num="62" count="0" type="stmt"/>
        <line num="65" count="0" type="stmt"/>
        <line num="66" count="0" type="cond" truecount="0" falsecount="2"/>
        <line num="67" count="0" type="stmt"/>
        <line num="74" count="0" type="stmt"/>
        <line num="80" count="0" type="cond" truecount="0" falsecount="2"/>
        <line num="85" count="0" type="stmt"/>
        <line num="86" count="0" type="stmt"/>
        <line num="87" count="0" type="stmt"/>
        <line num="89" count="0" type="cond" truecount="0" falsecount="2"/>
        <line num="90" count="0" type="stmt"/>
        <line num="93" count="0" type="stmt"/>
        <line num="104" count="0" type="stmt"/>
      </file>
      <file name="types.ts" path="/Users/theobarnes/Projects/comedy-app/src/features/location/types.ts">
        <metrics statements="0" coveredstatements="0" conditionals="0" coveredconditionals="0" methods="0" coveredmethods="0"/>
      </file>
      <file name="useHeaderLocationLabel.ts" path="/Users/theobarnes/Projects/comedy-app/src/features/location/useHeaderLocationLabel.ts">
        <metrics statements="14" coveredstatements="10" conditionals="6" coveredconditionals="3" methods="3" coveredmethods="2"/>
        <line num="6" count="5" type="stmt"/>
        <line num="14" count="20" type="stmt"/>
        <line num="15" count="20" type="stmt"/>
        <line num="17" count="20" type="stmt"/>
        <line num="18" count="20" type="stmt"/>
        <line num="19" count="20" type="cond" truecount="1" falsecount="1"/>
        <line num="20" count="0" type="stmt"/>
        <line num="23" count="20" type="stmt"/>
        <line num="24" count="20" type="cond" truecount="1" falsecount="1"/>
        <line num="25" count="0" type="stmt"/>
        <line num="28" count="20" type="cond" truecount="1" falsecount="1"/>
        <line num="29" count="20" type="stmt"/>
        <line num="32" count="0" type="stmt"/>
        <line num="35" count="0" type="stmt"/>
      </file>
    </package>
    <package name="src.hooks">
      <metrics statements="12" coveredstatements="12" conditionals="4" coveredconditionals="4" methods="9" coveredmethods="9"/>
      <file name="useCountdown.ts" path="/Users/theobarnes/Projects/comedy-app/src/hooks/useCountdown.ts">
        <metrics statements="7" coveredstatements="7" conditionals="2" coveredconditionals="2" methods="6" coveredmethods="6"/>
        <line num="4" count="12" type="stmt"/>
        <line num="6" count="12" type="stmt"/>
        <line num="7" count="12" type="cond" truecount="2" falsecount="0"/>
        <line num="8" count="7" type="stmt"/>
        <line num="9" count="7" type="stmt"/>
        <line num="12" count="12" type="stmt"/>
        <line num="14" count="12" type="stmt"/>
      </file>
      <file name="useOnboarding.ts" path="/Users/theobarnes/Projects/comedy-app/src/hooks/useOnboarding.ts">
        <metrics statements="3" coveredstatements="3" conditionals="2" coveredconditionals="2" methods="1" coveredmethods="1"/>
        <line num="5" count="10" type="stmt"/>
        <line num="6" count="10" type="cond" truecount="2" falsecount="0"/>
        <line num="7" count="8" type="stmt"/>
      </file>
      <file name="useThemedStyles.ts" path="/Users/theobarnes/Projects/comedy-app/src/hooks/useThemedStyles.ts">
        <metrics statements="2" coveredstatements="2" conditionals="0" coveredconditionals="0" methods="2" coveredmethods="2"/>
        <line num="25" count="3549" type="stmt"/>
        <line num="26" count="3549" type="stmt"/>
      </file>
    </package>
    <package name="src.i18n">
      <metrics statements="8" coveredstatements="0" conditionals="6" coveredconditionals="0" methods="1" coveredmethods="0"/>
      <file name="index.ts" path="/Users/theobarnes/Projects/comedy-app/src/i18n/index.ts">
        <metrics statements="8" coveredstatements="0" conditionals="6" coveredconditionals="0" methods="1" coveredmethods="0"/>
        <line num="15" count="0" type="stmt"/>
        <line num="16" count="0" type="stmt"/>
        <line num="18" count="0" type="stmt"/>
        <line num="19" count="0" type="cond" truecount="0" falsecount="2"/>
        <line num="20" count="0" type="cond" truecount="0" falsecount="4"/>
        <line num="21" count="0" type="stmt"/>
        <line num="24" count="0" type="stmt"/>
        <line num="28" count="0" type="stmt"/>
      </file>
      <file name="types.ts" path="/Users/theobarnes/Projects/comedy-app/src/i18n/types.ts">
        <metrics statements="0" coveredstatements="0" conditionals="0" coveredconditionals="0" methods="0" coveredmethods="0"/>
      </file>
    </package>
    <package name="src.lib">
      <metrics statements="53" coveredstatements="39" conditionals="27" coveredconditionals="19" methods="16" coveredmethods="13"/>
      <file name="env.ts" path="/Users/theobarnes/Projects/comedy-app/src/lib/env.ts">
        <metrics statements="2" coveredstatements="0" conditionals="2" coveredconditionals="0" methods="0" coveredmethods="0"/>
        <line num="3" count="0" type="stmt"/>
        <line num="9" count="0" type="stmt"/>
      </file>
      <file name="format.ts" path="/Users/theobarnes/Projects/comedy-app/src/lib/format.ts">
        <metrics statements="14" coveredstatements="14" conditionals="11" coveredconditionals="11" methods="6" coveredmethods="6"/>
        <line num="13" count="8" type="cond" truecount="2" falsecount="0"/>
        <line num="24" count="3" type="stmt"/>
        <line num="25" count="3" type="stmt"/>
        <line num="30" count="3" type="stmt"/>
        <line num="34" count="3" type="stmt"/>
        <line num="43" count="2" type="stmt"/>
        <line num="58" count="3" type="stmt"/>
        <line num="70" count="7" type="cond" truecount="3" falsecount="0"/>
        <line num="72" count="7" type="cond" truecount="2" falsecount="0"/>
        <line num="73" count="4" type="stmt"/>
        <line num="74" count="4" type="cond" truecount="2" falsecount="0"/>
        <line num="79" count="3" type="stmt"/>
        <line num="80" count="3" type="cond" truecount="2" falsecount="0"/>
        <line num="93" count="4" type="stmt"/>
      </file>
      <file name="large-secure-store.ts" path="/Users/theobarnes/Projects/comedy-app/src/lib/large-secure-store.ts">
        <metrics statements="25" coveredstatements="25" conditionals="8" coveredconditionals="8" methods="7" coveredmethods="7"/>
        <line num="7" count="6" type="stmt"/>
        <line num="9" count="6" type="stmt"/>
        <line num="11" count="3" type="stmt"/>
        <line num="12" count="3" type="cond" truecount="2" falsecount="0"/>
        <line num="14" count="2" type="stmt"/>
        <line num="15" count="2" type="stmt"/>
        <line num="16" count="5" type="stmt"/>
        <line num="18" count="5" type="cond" truecount="2" falsecount="0"/>
        <line num="19" count="1" type="stmt"/>
        <line num="23" count="2" type="cond" truecount="2" falsecount="0"/>
        <line num="24" count="1" type="stmt"/>
        <line num="25" count="1" type="stmt"/>
        <line num="28" count="1" type="stmt"/>
        <line num="29" count="1" type="stmt"/>
        <line num="30" count="2" type="stmt"/>
        <line num="32" count="2" type="stmt"/>
        <line num="33" count="1" type="stmt"/>
        <line num="34" count="1" type="stmt"/>
        <line num="38" count="2" type="stmt"/>
        <line num="39" count="2" type="cond" truecount="2" falsecount="0"/>
        <line num="40" count="1" type="stmt"/>
        <line num="41" count="1" type="stmt"/>
        <line num="42" count="3" type="stmt"/>
        <line num="44" count="1" type="stmt"/>
        <line num="46" count="1" type="stmt"/>
      </file>
      <file name="query-client.ts" path="/Users/theobarnes/Projects/comedy-app/src/lib/query-client.ts">
        <metrics statements="1" coveredstatements="0" conditionals="0" coveredconditionals="0" methods="0" coveredmethods="0"/>
        <line num="3" count="0" type="stmt"/>
      </file>
      <file name="sentry.ts" path="/Users/theobarnes/Projects/comedy-app/src/lib/sentry.ts">
        <metrics statements="10" coveredstatements="0" conditionals="6" coveredconditionals="0" methods="3" coveredmethods="0"/>
        <line num="16" count="0" type="cond" truecount="0" falsecount="2"/>
        <line num="18" count="0" type="stmt"/>
        <line num="24" count="0" type="cond" truecount="0" falsecount="2"/>
        <line num="25" count="0" type="stmt"/>
        <line num="26" count="0" type="stmt"/>
        <line num="27" count="0" type="stmt"/>
        <line num="29" count="0" type="stmt"/>
        <line num="30" count="0" type="stmt"/>
        <line num="33" count="0" type="cond" truecount="0" falsecount="2"/>
        <line num="34" count="0" type="stmt"/>
      </file>
      <file name="supabase.ts" path="/Users/theobarnes/Projects/comedy-app/src/lib/supabase.ts">
        <metrics statements="1" coveredstatements="0" conditionals="0" coveredconditionals="0" methods="0" coveredmethods="0"/>
        <line num="6" count="0" type="stmt"/>
      </file>
    </package>
    <package name="src.lib.api">
      <metrics statements="6" coveredstatements="0" conditionals="2" coveredconditionals="0" methods="3" coveredmethods="0"/>
      <file name="keys.ts" path="/Users/theobarnes/Projects/comedy-app/src/lib/api/keys.ts">
        <metrics statements="2" coveredstatements="0" conditionals="0" coveredconditionals="0" methods="1" coveredmethods="0"/>
        <line num="8" count="0" type="stmt"/>
        <line num="10" count="0" type="stmt"/>
      </file>
      <file name="profiles.ts" path="/Users/theobarnes/Projects/comedy-app/src/lib/api/profiles.ts">
        <metrics statements="4" coveredstatements="0" conditionals="2" coveredconditionals="0" methods="2" coveredmethods="0"/>
        <line num="17" count="0" type="stmt"/>
        <line num="22" count="0" type="cond" truecount="0" falsecount="2"/>
        <line num="23" count="0" type="stmt"/>
        <line num="34" count="0" type="stmt"/>
      </file>
    </package>
    <package name="src.providers">
      <metrics statements="46" coveredstatements="32" conditionals="30" coveredconditionals="12" methods="15" coveredmethods="9"/>
      <file name="AppProviders.tsx" path="/Users/theobarnes/Projects/comedy-app/src/providers/AppProviders.tsx">
        <metrics statements="1" coveredstatements="0" conditionals="0" coveredconditionals="0" methods="1" coveredmethods="0"/>
        <line num="16" count="0" type="stmt"/>
      </file>
      <file name="OnboardingProvider.tsx" path="/Users/theobarnes/Projects/comedy-app/src/providers/OnboardingProvider.tsx">
        <metrics statements="13" coveredstatements="10" conditionals="6" coveredconditionals="3" methods="4" coveredmethods="3"/>
        <line num="4" count="3" type="stmt"/>
        <line num="8" count="3" type="stmt"/>
        <line num="15" count="3" type="stmt"/>
        <line num="20" count="7" type="stmt"/>
        <line num="24" count="7" type="stmt"/>
        <line num="25" count="5" type="cond" truecount="1" falsecount="1"/>
        <line num="26" count="0" type="stmt"/>
        <line num="27" count="0" type="stmt"/>
        <line num="31" count="7" type="stmt"/>
        <line num="32" count="2" type="cond" truecount="1" falsecount="1"/>
        <line num="33" count="0" type="stmt"/>
        <line num="35" count="2" type="stmt"/>
        <line num="38" count="7" type="stmt"/>
      </file>
      <file name="ThemeProvider.tsx" path="/Users/theobarnes/Projects/comedy-app/src/providers/ThemeProvider.tsx">
        <metrics statements="32" coveredstatements="22" conditionals="24" coveredconditionals="9" methods="10" coveredmethods="6"/>
        <line num="26" count="43" type="stmt"/>
        <line num="42" count="43" type="stmt"/>
        <line num="55" count="178" type="stmt"/>
        <line num="56" count="178" type="cond" truecount="1" falsecount="1"/>
        <line num="57" count="178" type="stmt"/>
        <line num="58" count="178" type="cond" truecount="1" falsecount="1"/>
        <line num="59" count="178" type="stmt"/>
        <line num="64" count="178" type="stmt"/>
        <line num="66" count="174" type="cond" truecount="1" falsecount="1"/>
        <line num="68" count="0" type="stmt"/>
        <line num="69" count="0" type="stmt"/>
        <line num="71" count="0" type="cond" truecount="0" falsecount="6"/>
        <line num="72" count="0" type="stmt"/>
        <line num="76" count="0" type="cond" truecount="0" falsecount="2"/>
        <line num="79" count="0" type="cond" truecount="0" falsecount="2"/>
        <line num="81" count="0" type="stmt"/>
        <line num="82" count="0" type="stmt"/>
        <line num="86" count="178" type="stmt"/>
        <line num="87" count="1" type="stmt"/>
        <line num="88" count="1" type="cond" truecount="1" falsecount="1"/>
        <line num="89" count="0" type="stmt"/>
        <line num="91" count="1" type="stmt"/>
        <line num="95" count="178" type="cond" truecount="2" falsecount="0"/>
        <line num="97" count="178" type="stmt"/>
        <line num="98" count="177" type="stmt"/>
        <line num="109" count="178" type="stmt"/>
        <line num="110" count="177" type="stmt"/>
        <line num="114" count="178" type="stmt"/>
        <line num="124" count="6437" type="stmt"/>
        <line num="125" count="6437" type="cond" truecount="1" falsecount="1"/>
        <line num="126" count="0" type="stmt"/>
        <line num="128" count="6437" type="stmt"/>
      </file>
    </package>
    <package name="src.theme">
      <metrics statements="33" coveredstatements="28" conditionals="26" coveredconditionals="17" methods="5" coveredmethods="5"/>
      <file name="FontRegister.ts" path="/Users/theobarnes/Projects/comedy-app/src/theme/FontRegister.ts">
        <metrics statements="24" coveredstatements="19" conditionals="26" coveredconditionals="17" methods="4" coveredmethods="4"/>
        <line num="11" count="43" type="stmt"/>
        <line num="48" count="220" type="cond" truecount="2" falsecount="0"/>
        <line num="49" count="43" type="stmt"/>
        <line num="61" count="177" type="stmt"/>
        <line num="74" count="220" type="stmt"/>
        <line num="75" count="220" type="stmt"/>
        <line num="89" count="178" type="stmt"/>
        <line num="100" count="178" type="cond" truecount="3" falsecount="1"/>
        <line num="101" count="0" type="stmt"/>
        <line num="104" count="178" type="stmt"/>
        <line num="111" count="2187" type="cond" truecount="4" falsecount="0"/>
        <line num="112" count="816" type="stmt"/>
        <line num="115" count="1371" type="cond" truecount="1" falsecount="1"/>
        <line num="116" count="0" type="stmt"/>
        <line num="119" count="1371" type="cond" truecount="1" falsecount="1"/>
        <line num="120" count="0" type="stmt"/>
        <line num="123" count="1371" type="cond" truecount="1" falsecount="1"/>
        <line num="124" count="1371" type="cond" truecount="5" falsecount="5"/>
        <line num="129" count="143" type="stmt"/>
        <line num="131" count="99" type="stmt"/>
        <line num="133" count="807" type="stmt"/>
        <line num="135" count="322" type="stmt"/>
        <line num="138" count="0" type="stmt"/>
        <line num="140" count="0" type="stmt"/>
      </file>
      <file name="index.ts" path="/Users/theobarnes/Projects/comedy-app/src/theme/index.ts">
        <metrics statements="0" coveredstatements="0" conditionals="0" coveredconditionals="0" methods="0" coveredmethods="0"/>
      </file>
      <file name="scale.ts" path="/Users/theobarnes/Projects/comedy-app/src/theme/scale.ts">
        <metrics statements="1" coveredstatements="1" conditionals="0" coveredconditionals="0" methods="0" coveredmethods="0"/>
        <line num="8" count="43" type="stmt"/>
      </file>
      <file name="tokens.ts" path="/Users/theobarnes/Projects/comedy-app/src/theme/tokens.ts">
        <metrics statements="8" coveredstatements="8" conditionals="0" coveredconditionals="0" methods="1" coveredmethods="1"/>
        <line num="10" count="43" type="stmt"/>
        <line num="61" count="43" type="stmt"/>
        <line num="106" count="43" type="stmt"/>
        <line num="114" count="43" type="stmt"/>
        <line num="125" count="43" type="stmt"/>
        <line num="139" count="43" type="stmt"/>
        <line num="149" count="220" type="stmt"/>
        <line num="154" count="43" type="stmt"/>
      </file>
      <file name="types.ts" path="/Users/theobarnes/Projects/comedy-app/src/theme/types.ts">
        <metrics statements="0" coveredstatements="0" conditionals="0" coveredconditionals="0" methods="0" coveredmethods="0"/>
      </file>
    </package>
    <package name="src.types">
      <metrics statements="0" coveredstatements="0" conditionals="0" coveredconditionals="0" methods="0" coveredmethods="0"/>
      <file name="index.ts" path="/Users/theobarnes/Projects/comedy-app/src/types/index.ts">
        <metrics statements="0" coveredstatements="0" conditionals="0" coveredconditionals="0" methods="0" coveredmethods="0"/>
      </file>
    </package>
  </project>
</coverage>
