{"/Users/theobarnes/Projects/comedy-app/__tests__/utils/renderWithTheme.tsx": {"path":"/Users/theobarnes/Projects/comedy-app/__tests__/utils/renderWithTheme.tsx","statementMap":{"0":{"start":{"line":18,"column":2},"end":{"line":18,"column":75}},"1":{"start":{"line":25,"column":39},"end":{"line":25,"column":60}},"2":{"start":{"line":27,"column":18},"end":{"line":29,"column":3}},"3":{"start":{"line":28,"column":4},"end":{"line":28,"column":73}},"4":{"start":{"line":30,"column":2},"end":{"line":30,"column":54}}},"fnMap":{"0":{"name":"AllProviders","decl":{"start":{"line":11,"column":9},"end":{"line":11,"column":21}},"loc":{"start":{"line":17,"column":3},"end":{"line":19,"column":1}},"line":17},"1":{"name":"renderWithTheme","decl":{"start":{"line":21,"column":16},"end":{"line":21,"column":31}},"loc":{"start":{"line":24,"column":2},"end":{"line":31,"column":1}},"line":24},"2":{"name":"(anonymous_2)","decl":{"start":{"line":27,"column":18},"end":{"line":27,"column":19}},"loc":{"start":{"line":28,"column":4},"end":{"line":28,"column":73}},"line":28}},"branchMap":{"0":{"loc":{"start":{"line":23,"column":2},"end":{"line":23,"column":56}},"type":"default-arg","locations":[{"start":{"line":23,"column":54},"end":{"line":23,"column":56}}],"line":23},"1":{"loc":{"start":{"line":25,"column":39},"end":{"line":25,"column":60}},"type":"binary-expr","locations":[{"start":{"line":25,"column":39},"end":{"line":25,"column":48}},{"start":{"line":25,"column":52},"end":{"line":25,"column":60}}],"line":25}},"s":{"0":176,"1":173,"2":173,"3":176,"4":173},"f":{"0":176,"1":173,"2":176},"b":{"0":[161],"1":[173,161]},"_coverageSchema":"1a1c01bbd47fc00a2c39e90264f33305004495a9","hash":"ab74ffd65c2712c3e1650757f95530fcca0880c1"}
,"/Users/theobarnes/Projects/comedy-app/app/_layout.tsx": {"path":"/Users/theobarnes/Projects/comedy-app/app/_layout.tsx","statementMap":{"0":{"start":{"line":12,"column":0},"end":{"line":12,"column":13}},"1":{"start":{"line":15,"column":0},"end":{"line":15,"column":36}},"2":{"start":{"line":18,"column":2},"end":{"line":23,"column":4}},"3":{"start":{"line":29,"column":51},"end":{"line":29,"column":60}},"4":{"start":{"line":30,"column":32},"end":{"line":30,"column":47}},"5":{"start":{"line":31,"column":42},"end":{"line":31,"column":52}},"6":{"start":{"line":33,"column":18},"end":{"line":33,"column":77}},"7":{"start":{"line":35,"column":2},"end":{"line":37,"column":16}},"8":{"start":{"line":36,"column":4},"end":{"line":36,"column":42}},"9":{"start":{"line":36,"column":17},"end":{"line":36,"column":42}},"10":{"start":{"line":39,"column":29},"end":{"line":39,"column":68}},"11":{"start":{"line":40,"column":18},"end":{"line":40,"column":63}},"12":{"start":{"line":41,"column":25},"end":{"line":41,"column":52}},"13":{"start":{"line":42,"column":19},"end":{"line":42,"column":46}},"14":{"start":{"line":44,"column":2},"end":{"line":59,"column":4}}},"fnMap":{"0":{"name":"RootLayout","decl":{"start":{"line":17,"column":9},"end":{"line":17,"column":19}},"loc":{"start":{"line":17,"column":22},"end":{"line":24,"column":1}},"line":17},"1":{"name":"RootNavigator","decl":{"start":{"line":28,"column":9},"end":{"line":28,"column":22}},"loc":{"start":{"line":28,"column":25},"end":{"line":60,"column":1}},"line":28},"2":{"name":"(anonymous_2)","decl":{"start":{"line":35,"column":12},"end":{"line":35,"column":13}},"loc":{"start":{"line":35,"column":18},"end":{"line":37,"column":3}},"line":35}},"branchMap":{"0":{"loc":{"start":{"line":33,"column":18},"end":{"line":33,"column":77}},"type":"binary-expr","locations":[{"start":{"line":33,"column":18},"end":{"line":33,"column":28}},{"start":{"line":33,"column":32},"end":{"line":33,"column":58}},{"start":{"line":33,"column":62},"end":{"line":33,"column":77}}],"line":33},"1":{"loc":{"start":{"line":36,"column":4},"end":{"line":36,"column":42}},"type":"if","locations":[{"start":{"line":36,"column":4},"end":{"line":36,"column":42}},{"start":{},"end":{}}],"line":36},"2":{"loc":{"start":{"line":39,"column":29},"end":{"line":39,"column":68}},"type":"binary-expr","locations":[{"start":{"line":39,"column":29},"end":{"line":39,"column":38}},{"start":{"line":39,"column":42},"end":{"line":39,"column":50}},{"start":{"line":39,"column":54},"end":{"line":39,"column":68}}],"line":39},"3":{"loc":{"start":{"line":40,"column":18},"end":{"line":40,"column":63}},"type":"binary-expr","locations":[{"start":{"line":40,"column":19},"end":{"line":40,"column":28}},{"start":{"line":40,"column":32},"end":{"line":40,"column":39}},{"start":{"line":40,"column":44},"end":{"line":40,"column":63}}],"line":40},"4":{"loc":{"start":{"line":42,"column":19},"end":{"line":42,"column":46}},"type":"binary-expr","locations":[{"start":{"line":42,"column":19},"end":{"line":42,"column":34}},{"start":{"line":42,"column":38},"end":{"line":42,"column":46}}],"line":42}},"s":{"0":0,"1":0,"2":0,"3":0,"4":0,"5":0,"6":0,"7":0,"8":0,"9":0,"10":0,"11":0,"12":0,"13":0,"14":0},"f":{"0":0,"1":0,"2":0},"b":{"0":[0,0,0],"1":[0,0],"2":[0,0,0],"3":[0,0,0],"4":[0,0]}}
,"/Users/theobarnes/Projects/comedy-app/app/discover-search.tsx": {"path":"/Users/theobarnes/Projects/comedy-app/app/discover-search.tsx","statementMap":{"0":{"start":{"line":6,"column":17},"end":{"line":6,"column":28}},"1":{"start":{"line":8,"column":2},"end":{"line":18,"column":4}},"2":{"start":{"line":15,"column":23},"end":{"line":15,"column":36}}},"fnMap":{"0":{"name":"DiscoverSearchScreen","decl":{"start":{"line":5,"column":24},"end":{"line":5,"column":44}},"loc":{"start":{"line":5,"column":47},"end":{"line":19,"column":1}},"line":5},"1":{"name":"(anonymous_1)","decl":{"start":{"line":15,"column":17},"end":{"line":15,"column":18}},"loc":{"start":{"line":15,"column":23},"end":{"line":15,"column":36}},"line":15}},"branchMap":{},"s":{"0":0,"1":0,"2":0},"f":{"0":0,"1":0},"b":{}}
,"/Users/theobarnes/Projects/comedy-app/app/map.tsx": {"path":"/Users/theobarnes/Projects/comedy-app/app/map.tsx","statementMap":{"0":{"start":{"line":12,"column":20},"end":{"line":12,"column":80}},"1":{"start":{"line":15,"column":20},"end":{"line":15,"column":30}},"2":{"start":{"line":16,"column":17},"end":{"line":16,"column":46}},"3":{"start":{"line":18,"column":2},"end":{"line":73,"column":4}},"4":{"start":{"line":36,"column":12},"end":{"line":47,"column":24}},"5":{"start":{"line":76,"column":21},"end":{"line":152,"column":4}},"6":{"start":{"line":77,"column":2},"end":{"line":152,"column":4}}},"fnMap":{"0":{"name":"MapScreen","decl":{"start":{"line":14,"column":24},"end":{"line":14,"column":33}},"loc":{"start":{"line":14,"column":36},"end":{"line":74,"column":1}},"line":14},"1":{"name":"(anonymous_1)","decl":{"start":{"line":35,"column":27},"end":{"line":35,"column":28}},"loc":{"start":{"line":36,"column":12},"end":{"line":47,"column":24}},"line":36},"2":{"name":"(anonymous_2)","decl":{"start":{"line":76,"column":21},"end":{"line":76,"column":22}},"loc":{"start":{"line":77,"column":2},"end":{"line":152,"column":4}},"line":77}},"branchMap":{"0":{"loc":{"start":{"line":39,"column":41},"end":{"line":39,"column":79}},"type":"binary-expr","locations":[{"start":{"line":39,"column":41},"end":{"line":39,"column":52}},{"start":{"line":39,"column":56},"end":{"line":39,"column":79}}],"line":39},"1":{"loc":{"start":{"line":43,"column":47},"end":{"line":43,"column":89}},"type":"binary-expr","locations":[{"start":{"line":43,"column":47},"end":{"line":43,"column":58}},{"start":{"line":43,"column":62},"end":{"line":43,"column":89}}],"line":43}},"s":{"0":0,"1":0,"2":0,"3":0,"4":0,"5":0,"6":0},"f":{"0":0,"1":0,"2":0},"b":{"0":[0,0],"1":[0,0]}}
,"/Users/theobarnes/Projects/comedy-app/app/(auth)/_layout.tsx": {"path":"/Users/theobarnes/Projects/comedy-app/app/(auth)/_layout.tsx","statementMap":{"0":{"start":{"line":4,"column":2},"end":{"line":4,"column":58}}},"fnMap":{"0":{"name":"AuthLayout","decl":{"start":{"line":3,"column":24},"end":{"line":3,"column":34}},"loc":{"start":{"line":3,"column":37},"end":{"line":5,"column":1}},"line":3}},"branchMap":{},"s":{"0":0},"f":{"0":0},"b":{}}
,"/Users/theobarnes/Projects/comedy-app/app/(auth)/auth-callback.tsx": {"path":"/Users/theobarnes/Projects/comedy-app/app/(auth)/auth-callback.tsx","statementMap":{"0":{"start":{"line":16,"column":26},"end":{"line":16,"column":50}},"1":{"start":{"line":19,"column":16},"end":{"line":19,"column":55}},"2":{"start":{"line":20,"column":2},"end":{"line":20,"column":63}},"3":{"start":{"line":24,"column":16},"end":{"line":24,"column":32}},"4":{"start":{"line":25,"column":30},"end":{"line":25,"column":70}},"5":{"start":{"line":26,"column":37},"end":{"line":26,"column":46}},"6":{"start":{"line":27,"column":28},"end":{"line":27,"column":57}},"7":{"start":{"line":28,"column":20},"end":{"line":28,"column":30}},"8":{"start":{"line":29,"column":17},"end":{"line":29,"column":46}},"9":{"start":{"line":31,"column":15},"end":{"line":31,"column":38}},"10":{"start":{"line":35,"column":26},"end":{"line":35,"column":39}},"11":{"start":{"line":39,"column":23},"end":{"line":39,"column":71}},"12":{"start":{"line":41,"column":2},"end":{"line":54,"column":40}},"13":{"start":{"line":42,"column":4},"end":{"line":42,"column":49}},"14":{"start":{"line":42,"column":42},"end":{"line":42,"column":49}},"15":{"start":{"line":43,"column":4},"end":{"line":43,"column":35}},"16":{"start":{"line":44,"column":4},"end":{"line":53,"column":9}},"17":{"start":{"line":52,"column":8},"end":{"line":52,"column":51}},"18":{"start":{"line":56,"column":2},"end":{"line":69,"column":3}},"19":{"start":{"line":57,"column":4},"end":{"line":68,"column":6}},"20":{"start":{"line":65,"column":25},"end":{"line":65,"column":66}},"21":{"start":{"line":71,"column":2},"end":{"line":78,"column":4}},"22":{"start":{"line":81,"column":21},"end":{"line":95,"column":4}},"23":{"start":{"line":82,"column":2},"end":{"line":95,"column":4}}},"fnMap":{"0":{"name":"sanitizeCode","decl":{"start":{"line":18,"column":9},"end":{"line":18,"column":21}},"loc":{"start":{"line":18,"column":75},"end":{"line":21,"column":1}},"line":18},"1":{"name":"AuthCallbackScreen","decl":{"start":{"line":23,"column":24},"end":{"line":23,"column":42}},"loc":{"start":{"line":23,"column":45},"end":{"line":79,"column":1}},"line":23},"2":{"name":"(anonymous_2)","decl":{"start":{"line":41,"column":12},"end":{"line":41,"column":13}},"loc":{"start":{"line":41,"column":18},"end":{"line":54,"column":3}},"line":41},"3":{"name":"(anonymous_3)","decl":{"start":{"line":45,"column":12},"end":{"line":45,"column":13}},"loc":{"start":{"line":45,"column":18},"end":{"line":48,"column":7}},"line":45},"4":{"name":"(anonymous_4)","decl":{"start":{"line":49,"column":13},"end":{"line":49,"column":14}},"loc":{"start":{"line":49,"column":19},"end":{"line":53,"column":7}},"line":49},"5":{"name":"(anonymous_5)","decl":{"start":{"line":65,"column":19},"end":{"line":65,"column":20}},"loc":{"start":{"line":65,"column":25},"end":{"line":65,"column":66}},"line":65},"6":{"name":"(anonymous_6)","decl":{"start":{"line":81,"column":21},"end":{"line":81,"column":22}},"loc":{"start":{"line":82,"column":2},"end":{"line":95,"column":4}},"line":82}},"branchMap":{"0":{"loc":{"start":{"line":19,"column":16},"end":{"line":19,"column":55}},"type":"cond-expr","locations":[{"start":{"line":19,"column":39},"end":{"line":19,"column":47}},{"start":{"line":19,"column":50},"end":{"line":19,"column":55}}],"line":19},"1":{"loc":{"start":{"line":20,"column":9},"end":{"line":20,"column":62}},"type":"cond-expr","locations":[{"start":{"line":20,"column":50},"end":{"line":20,"column":55}},{"start":{"line":20,"column":58},"end":{"line":20,"column":62}}],"line":20},"2":{"loc":{"start":{"line":20,"column":9},"end":{"line":20,"column":47}},"type":"binary-expr","locations":[{"start":{"line":20,"column":9},"end":{"line":20,"column":14}},{"start":{"line":20,"column":18},"end":{"line":20,"column":47}}],"line":20},"3":{"loc":{"start":{"line":39,"column":23},"end":{"line":39,"column":71}},"type":"cond-expr","locations":[{"start":{"line":39,"column":31},"end":{"line":39,"column":63}},{"start":{"line":39,"column":66},"end":{"line":39,"column":71}}],"line":39},"4":{"loc":{"start":{"line":42,"column":4},"end":{"line":42,"column":49}},"type":"if","locations":[{"start":{"line":42,"column":4},"end":{"line":42,"column":49}},{"start":{},"end":{}}],"line":42},"5":{"loc":{"start":{"line":42,"column":8},"end":{"line":42,"column":40}},"type":"binary-expr","locations":[{"start":{"line":42,"column":8},"end":{"line":42,"column":13}},{"start":{"line":42,"column":17},"end":{"line":42,"column":40}}],"line":42},"6":{"loc":{"start":{"line":56,"column":2},"end":{"line":69,"column":3}},"type":"if","locations":[{"start":{"line":56,"column":2},"end":{"line":69,"column":3}},{"start":{},"end":{}}],"line":56}},"s":{"0":0,"1":0,"2":0,"3":0,"4":0,"5":0,"6":0,"7":0,"8":0,"9":0,"10":0,"11":0,"12":0,"13":0,"14":0,"15":0,"16":0,"17":0,"18":0,"19":0,"20":0,"21":0,"22":0,"23":0},"f":{"0":0,"1":0,"2":0,"3":0,"4":0,"5":0,"6":0},"b":{"0":[0,0],"1":[0,0],"2":[0,0],"3":[0,0],"4":[0,0],"5":[0,0],"6":[0,0]}}
,"/Users/theobarnes/Projects/comedy-app/app/(auth)/forgot-password.tsx": {"path":"/Users/theobarnes/Projects/comedy-app/app/(auth)/forgot-password.tsx","statementMap":{"0":{"start":{"line":24,"column":16},"end":{"line":24,"column":32}},"1":{"start":{"line":25,"column":36},"end":{"line":25,"column":45}},"2":{"start":{"line":26,"column":36},"end":{"line":26,"column":51}},"3":{"start":{"line":27,"column":17},"end":{"line":27,"column":46}},"4":{"start":{"line":29,"column":17},"end":{"line":29,"column":58}},"5":{"start":{"line":29,"column":31},"end":{"line":29,"column":52}},"6":{"start":{"line":35,"column":6},"end":{"line":38,"column":4}},"7":{"start":{"line":40,"column":19},"end":{"line":46,"column":3}},"8":{"start":{"line":42,"column":6},"end":{"line":42,"column":46}},"9":{"start":{"line":43,"column":6},"end":{"line":43,"column":25}},"10":{"start":{"line":48,"column":2},"end":{"line":101,"column":4}},"11":{"start":{"line":65,"column":78},"end":{"line":65,"column":91}},"12":{"start":{"line":74,"column":14},"end":{"line":86,"column":16}},"13":{"start":{"line":104,"column":21},"end":{"line":122,"column":4}},"14":{"start":{"line":105,"column":2},"end":{"line":122,"column":4}}},"fnMap":{"0":{"name":"ForgotPasswordScreen","decl":{"start":{"line":23,"column":24},"end":{"line":23,"column":44}},"loc":{"start":{"line":23,"column":47},"end":{"line":102,"column":1}},"line":23},"1":{"name":"(anonymous_1)","decl":{"start":{"line":29,"column":25},"end":{"line":29,"column":26}},"loc":{"start":{"line":29,"column":31},"end":{"line":29,"column":52}},"line":29},"2":{"name":"(anonymous_2)","decl":{"start":{"line":41,"column":4},"end":{"line":41,"column":5}},"loc":{"start":{"line":41,"column":34},"end":{"line":44,"column":5}},"line":41},"3":{"name":"(anonymous_3)","decl":{"start":{"line":65,"column":72},"end":{"line":65,"column":73}},"loc":{"start":{"line":65,"column":78},"end":{"line":65,"column":91}},"line":65},"4":{"name":"(anonymous_4)","decl":{"start":{"line":73,"column":20},"end":{"line":73,"column":21}},"loc":{"start":{"line":74,"column":14},"end":{"line":86,"column":16}},"line":74},"5":{"name":"(anonymous_5)","decl":{"start":{"line":104,"column":21},"end":{"line":104,"column":22}},"loc":{"start":{"line":105,"column":2},"end":{"line":122,"column":4}},"line":105}},"branchMap":{"0":{"loc":{"start":{"line":59,"column":7},"end":{"line":99,"column":7}},"type":"cond-expr","locations":[{"start":{"line":60,"column":8},"end":{"line":67,"column":10}},{"start":{"line":69,"column":8},"end":{"line":98,"column":11}}],"line":59}},"s":{"0":0,"1":0,"2":0,"3":0,"4":0,"5":0,"6":0,"7":0,"8":0,"9":0,"10":0,"11":0,"12":0,"13":0,"14":0},"f":{"0":0,"1":0,"2":0,"3":0,"4":0,"5":0},"b":{"0":[0,0]}}
,"/Users/theobarnes/Projects/comedy-app/app/(auth)/index.tsx": {"path":"/Users/theobarnes/Projects/comedy-app/app/(auth)/index.tsx","statementMap":{"0":{"start":{"line":9,"column":31},"end":{"line":9,"column":40}},"1":{"start":{"line":10,"column":2},"end":{"line":12,"column":3}},"2":{"start":{"line":11,"column":4},"end":{"line":11,"column":51}},"3":{"start":{"line":13,"column":2},"end":{"line":13,"column":45}}},"fnMap":{"0":{"name":"AuthIndex","decl":{"start":{"line":8,"column":24},"end":{"line":8,"column":33}},"loc":{"start":{"line":8,"column":36},"end":{"line":14,"column":1}},"line":8}},"branchMap":{"0":{"loc":{"start":{"line":10,"column":2},"end":{"line":12,"column":3}},"type":"if","locations":[{"start":{"line":10,"column":2},"end":{"line":12,"column":3}},{"start":{},"end":{}}],"line":10},"1":{"loc":{"start":{"line":10,"column":6},"end":{"line":10,"column":31}},"type":"binary-expr","locations":[{"start":{"line":10,"column":6},"end":{"line":10,"column":13}},{"start":{"line":10,"column":17},"end":{"line":10,"column":31}}],"line":10}},"s":{"0":0,"1":0,"2":0,"3":0},"f":{"0":0},"b":{"0":[0,0],"1":[0,0]}}
,"/Users/theobarnes/Projects/comedy-app/app/(auth)/select-role.tsx": {"path":"/Users/theobarnes/Projects/comedy-app/app/(auth)/select-role.tsx","statementMap":{"0":{"start":{"line":18,"column":16},"end":{"line":18,"column":32}},"1":{"start":{"line":19,"column":29},"end":{"line":19,"column":38}},"2":{"start":{"line":20,"column":42},"end":{"line":20,"column":67}},"3":{"start":{"line":21,"column":42},"end":{"line":21,"column":57}},"4":{"start":{"line":22,"column":28},"end":{"line":22,"column":57}},"5":{"start":{"line":23,"column":17},"end":{"line":23,"column":46}},"6":{"start":{"line":25,"column":23},"end":{"line":36,"column":39}},"7":{"start":{"line":26,"column":4},"end":{"line":26,"column":19}},"8":{"start":{"line":27,"column":4},"end":{"line":27,"column":26}},"9":{"start":{"line":28,"column":4},"end":{"line":35,"column":5}},"10":{"start":{"line":29,"column":6},"end":{"line":29,"column":41}},"11":{"start":{"line":32,"column":6},"end":{"line":32,"column":51}},"12":{"start":{"line":34,"column":6},"end":{"line":34,"column":29}},"13":{"start":{"line":38,"column":2},"end":{"line":57,"column":4}},"14":{"start":{"line":60,"column":21},"end":{"line":70,"column":4}},"15":{"start":{"line":61,"column":2},"end":{"line":70,"column":4}}},"fnMap":{"0":{"name":"SelectRoleScreen","decl":{"start":{"line":17,"column":24},"end":{"line":17,"column":40}},"loc":{"start":{"line":17,"column":43},"end":{"line":58,"column":1}},"line":17},"1":{"name":"(anonymous_1)","decl":{"start":{"line":25,"column":35},"end":{"line":25,"column":36}},"loc":{"start":{"line":25,"column":47},"end":{"line":36,"column":3}},"line":25},"2":{"name":"(anonymous_2)","decl":{"start":{"line":60,"column":21},"end":{"line":60,"column":22}},"loc":{"start":{"line":61,"column":2},"end":{"line":70,"column":4}},"line":61}},"branchMap":{},"s":{"0":0,"1":0,"2":0,"3":0,"4":0,"5":0,"6":0,"7":0,"8":0,"9":0,"10":0,"11":0,"12":0,"13":0,"14":0,"15":0},"f":{"0":0,"1":0,"2":0},"b":{}}
,"/Users/theobarnes/Projects/comedy-app/app/(auth)/sign-in.tsx": {"path":"/Users/theobarnes/Projects/comedy-app/app/(auth)/sign-in.tsx","statementMap":{"0":{"start":{"line":29,"column":28},"end":{"line":29,"column":29}},"1":{"start":{"line":30,"column":25},"end":{"line":30,"column":27}},"2":{"start":{"line":33,"column":16},"end":{"line":33,"column":32}},"3":{"start":{"line":34,"column":47},"end":{"line":34,"column":56}},"4":{"start":{"line":35,"column":28},"end":{"line":35,"column":57}},"5":{"start":{"line":36,"column":17},"end":{"line":36,"column":46}},"6":{"start":{"line":38,"column":17},"end":{"line":38,"column":58}},"7":{"start":{"line":38,"column":31},"end":{"line":38,"column":52}},"8":{"start":{"line":39,"column":69},"end":{"line":43,"column":4}},"9":{"start":{"line":44,"column":46},"end":{"line":44,"column":57}},"10":{"start":{"line":45,"column":65},"end":{"line":45,"column":95}},"11":{"start":{"line":51,"column":6},"end":{"line":54,"column":4}},"12":{"start":{"line":56,"column":19},"end":{"line":72,"column":3}},"13":{"start":{"line":58,"column":6},"end":{"line":58,"column":21}},"14":{"start":{"line":59,"column":6},"end":{"line":69,"column":7}},"15":{"start":{"line":60,"column":8},"end":{"line":60,"column":57}},"16":{"start":{"line":61,"column":8},"end":{"line":61,"column":29}},"17":{"start":{"line":62,"column":8},"end":{"line":62,"column":42}},"18":{"start":{"line":65,"column":8},"end":{"line":65,"column":48}},"19":{"start":{"line":66,"column":21},"end":{"line":66,"column":39}},"20":{"start":{"line":67,"column":8},"end":{"line":67,"column":32}},"21":{"start":{"line":68,"column":8},"end":{"line":68,"column":57}},"22":{"start":{"line":68,"column":41},"end":{"line":68,"column":57}},"23":{"start":{"line":74,"column":22},"end":{"line":74,"column":43}},"24":{"start":{"line":75,"column":25},"end":{"line":75,"column":52}},"25":{"start":{"line":77,"column":2},"end":{"line":175,"column":4}},"26":{"start":{"line":93,"column":10},"end":{"line":105,"column":12}},"27":{"start":{"line":114,"column":10},"end":{"line":123,"column":12}},"28":{"start":{"line":178,"column":21},"end":{"line":217,"column":4}},"29":{"start":{"line":179,"column":2},"end":{"line":217,"column":4}}},"fnMap":{"0":{"name":"SignInScreen","decl":{"start":{"line":32,"column":24},"end":{"line":32,"column":36}},"loc":{"start":{"line":32,"column":39},"end":{"line":176,"column":1}},"line":32},"1":{"name":"(anonymous_1)","decl":{"start":{"line":38,"column":25},"end":{"line":38,"column":26}},"loc":{"start":{"line":38,"column":31},"end":{"line":38,"column":52}},"line":38},"2":{"name":"(anonymous_2)","decl":{"start":{"line":57,"column":4},"end":{"line":57,"column":5}},"loc":{"start":{"line":57,"column":34},"end":{"line":70,"column":5}},"line":57},"3":{"name":"(anonymous_3)","decl":{"start":{"line":92,"column":16},"end":{"line":92,"column":17}},"loc":{"start":{"line":93,"column":10},"end":{"line":105,"column":12}},"line":93},"4":{"name":"(anonymous_4)","decl":{"start":{"line":113,"column":16},"end":{"line":113,"column":17}},"loc":{"start":{"line":114,"column":10},"end":{"line":123,"column":12}},"line":114},"5":{"name":"(anonymous_5)","decl":{"start":{"line":178,"column":21},"end":{"line":178,"column":22}},"loc":{"start":{"line":179,"column":2},"end":{"line":217,"column":4}},"line":179}},"branchMap":{"0":{"loc":{"start":{"line":68,"column":8},"end":{"line":68,"column":57}},"type":"if","locations":[{"start":{"line":68,"column":8},"end":{"line":68,"column":57}},{"start":{},"end":{}}],"line":68},"1":{"loc":{"start":{"line":75,"column":25},"end":{"line":75,"column":52}},"type":"binary-expr","locations":[{"start":{"line":75,"column":25},"end":{"line":75,"column":37}},{"start":{"line":75,"column":41},"end":{"line":75,"column":52}}],"line":75},"2":{"loc":{"start":{"line":134,"column":7},"end":{"line":138,"column":7}},"type":"binary-expr","locations":[{"start":{"line":134,"column":7},"end":{"line":134,"column":18}},{"start":{"line":135,"column":8},"end":{"line":137,"column":18}}],"line":134}},"s":{"0":0,"1":0,"2":0,"3":0,"4":0,"5":0,"6":0,"7":0,"8":0,"9":0,"10":0,"11":0,"12":0,"13":0,"14":0,"15":0,"16":0,"17":0,"18":0,"19":0,"20":0,"21":0,"22":0,"23":0,"24":0,"25":0,"26":0,"27":0,"28":0,"29":0},"f":{"0":0,"1":0,"2":0,"3":0,"4":0,"5":0},"b":{"0":[0,0],"1":[0,0],"2":[0,0]}}
,"/Users/theobarnes/Projects/comedy-app/app/(auth)/sign-up.tsx": {"path":"/Users/theobarnes/Projects/comedy-app/app/(auth)/sign-up.tsx","statementMap":{"0":{"start":{"line":30,"column":16},"end":{"line":30,"column":32}},"1":{"start":{"line":31,"column":21},"end":{"line":31,"column":30}},"2":{"start":{"line":32,"column":42},"end":{"line":32,"column":67}},"3":{"start":{"line":33,"column":28},"end":{"line":33,"column":57}},"4":{"start":{"line":34,"column":17},"end":{"line":34,"column":46}},"5":{"start":{"line":36,"column":69},"end":{"line":40,"column":4}},"6":{"start":{"line":42,"column":17},"end":{"line":42,"column":58}},"7":{"start":{"line":42,"column":31},"end":{"line":42,"column":52}},"8":{"start":{"line":48,"column":6},"end":{"line":51,"column":4}},"9":{"start":{"line":53,"column":19},"end":{"line":65,"column":3}},"10":{"start":{"line":55,"column":6},"end":{"line":55,"column":21}},"11":{"start":{"line":56,"column":6},"end":{"line":62,"column":7}},"12":{"start":{"line":57,"column":8},"end":{"line":57,"column":80}},"13":{"start":{"line":58,"column":8},"end":{"line":58,"column":55}},"14":{"start":{"line":60,"column":24},"end":{"line":60,"column":91}},"15":{"start":{"line":61,"column":8},"end":{"line":61,"column":26}},"16":{"start":{"line":67,"column":2},"end":{"line":176,"column":4}},"17":{"start":{"line":86,"column":10},"end":{"line":96,"column":12}},"18":{"start":{"line":105,"column":10},"end":{"line":117,"column":12}},"19":{"start":{"line":126,"column":10},"end":{"line":135,"column":12}},"20":{"start":{"line":179,"column":21},"end":{"line":213,"column":4}},"21":{"start":{"line":180,"column":2},"end":{"line":213,"column":4}}},"fnMap":{"0":{"name":"SignUpScreen","decl":{"start":{"line":29,"column":24},"end":{"line":29,"column":36}},"loc":{"start":{"line":29,"column":39},"end":{"line":177,"column":1}},"line":29},"1":{"name":"(anonymous_1)","decl":{"start":{"line":42,"column":25},"end":{"line":42,"column":26}},"loc":{"start":{"line":42,"column":31},"end":{"line":42,"column":52}},"line":42},"2":{"name":"(anonymous_2)","decl":{"start":{"line":54,"column":4},"end":{"line":54,"column":5}},"loc":{"start":{"line":54,"column":34},"end":{"line":63,"column":5}},"line":54},"3":{"name":"(anonymous_3)","decl":{"start":{"line":85,"column":16},"end":{"line":85,"column":17}},"loc":{"start":{"line":86,"column":10},"end":{"line":96,"column":12}},"line":86},"4":{"name":"(anonymous_4)","decl":{"start":{"line":104,"column":16},"end":{"line":104,"column":17}},"loc":{"start":{"line":105,"column":10},"end":{"line":117,"column":12}},"line":105},"5":{"name":"(anonymous_5)","decl":{"start":{"line":125,"column":16},"end":{"line":125,"column":17}},"loc":{"start":{"line":126,"column":10},"end":{"line":135,"column":12}},"line":126},"6":{"name":"(anonymous_6)","decl":{"start":{"line":179,"column":21},"end":{"line":179,"column":22}},"loc":{"start":{"line":180,"column":2},"end":{"line":213,"column":4}},"line":180}},"branchMap":{"0":{"loc":{"start":{"line":60,"column":24},"end":{"line":60,"column":91}},"type":"cond-expr","locations":[{"start":{"line":60,"column":47},"end":{"line":60,"column":58}},{"start":{"line":60,"column":61},"end":{"line":60,"column":91}}],"line":60}},"s":{"0":0,"1":0,"2":0,"3":0,"4":0,"5":0,"6":0,"7":0,"8":0,"9":0,"10":0,"11":0,"12":0,"13":0,"14":0,"15":0,"16":0,"17":0,"18":0,"19":0,"20":0,"21":0},"f":{"0":0,"1":0,"2":0,"3":0,"4":0,"5":0,"6":0},"b":{"0":[0,0]}}
,"/Users/theobarnes/Projects/comedy-app/app/(auth)/verify-email.tsx": {"path":"/Users/theobarnes/Projects/comedy-app/app/(auth)/verify-email.tsx","statementMap":{"0":{"start":{"line":7,"column":16},"end":{"line":7,"column":32}},"1":{"start":{"line":9,"column":2},"end":{"line":20,"column":4}},"2":{"start":{"line":17,"column":23},"end":{"line":17,"column":64}}},"fnMap":{"0":{"name":"VerifyEmailScreen","decl":{"start":{"line":6,"column":24},"end":{"line":6,"column":41}},"loc":{"start":{"line":6,"column":44},"end":{"line":21,"column":1}},"line":6},"1":{"name":"(anonymous_1)","decl":{"start":{"line":17,"column":17},"end":{"line":17,"column":18}},"loc":{"start":{"line":17,"column":23},"end":{"line":17,"column":64}},"line":17}},"branchMap":{},"s":{"0":0,"1":0,"2":0},"f":{"0":0,"1":0},"b":{}}
,"/Users/theobarnes/Projects/comedy-app/app/(onboarding)/_layout.tsx": {"path":"/Users/theobarnes/Projects/comedy-app/app/(onboarding)/_layout.tsx","statementMap":{"0":{"start":{"line":4,"column":2},"end":{"line":4,"column":18}}},"fnMap":{"0":{"name":"OnboardingLayout","decl":{"start":{"line":3,"column":24},"end":{"line":3,"column":40}},"loc":{"start":{"line":3,"column":43},"end":{"line":5,"column":1}},"line":3}},"branchMap":{},"s":{"0":0},"f":{"0":0},"b":{}}
,"/Users/theobarnes/Projects/comedy-app/app/(onboarding)/index.tsx": {"path":"/Users/theobarnes/Projects/comedy-app/app/(onboarding)/index.tsx","statementMap":{"0":{"start":{"line":21,"column":55},"end":{"line":21,"column":79}},"1":{"start":{"line":33,"column":20},"end":{"line":33,"column":21}},"2":{"start":{"line":36,"column":28},"end":{"line":36,"column":90}},"3":{"start":{"line":37,"column":21},"end":{"line":37,"column":60}},"4":{"start":{"line":38,"column":25},"end":{"line":38,"column":41}},"5":{"start":{"line":39,"column":27},"end":{"line":39,"column":39}},"6":{"start":{"line":42,"column":52},"end":{"line":42,"column":67}},"7":{"start":{"line":43,"column":40},"end":{"line":43,"column":51}},"8":{"start":{"line":44,"column":22},"end":{"line":44,"column":51}},"9":{"start":{"line":46,"column":29},"end":{"line":46,"column":54}},"10":{"start":{"line":47,"column":17},"end":{"line":47,"column":46}},"11":{"start":{"line":49,"column":16},"end":{"line":49,"column":32}},"12":{"start":{"line":52,"column":17},"end":{"line":77,"column":3}},"13":{"start":{"line":53,"column":19},"end":{"line":75,"column":5}},"14":{"start":{"line":82,"column":24},"end":{"line":89,"column":3}},"15":{"start":{"line":84,"column":6},"end":{"line":87,"column":7}},"16":{"start":{"line":86,"column":18},"end":{"line":86,"column":85}},"17":{"start":{"line":93,"column":2},"end":{"line":104,"column":35}},"18":{"start":{"line":94,"column":4},"end":{"line":103,"column":14}},"19":{"start":{"line":96,"column":8},"end":{"line":101,"column":10}},"20":{"start":{"line":109,"column":2},"end":{"line":115,"column":26}},"21":{"start":{"line":110,"column":4},"end":{"line":114,"column":5}},"22":{"start":{"line":111,"column":19},"end":{"line":111,"column":45}},"23":{"start":{"line":112,"column":6},"end":{"line":112,"column":40}},"24":{"start":{"line":113,"column":6},"end":{"line":113,"column":27}},"25":{"start":{"line":117,"column":21},"end":{"line":120,"column":26}},"26":{"start":{"line":118,"column":4},"end":{"line":118,"column":59}},"27":{"start":{"line":119,"column":4},"end":{"line":119,"column":31}},"28":{"start":{"line":122,"column":25},"end":{"line":132,"column":3}},"29":{"start":{"line":124,"column":6},"end":{"line":129,"column":7}},"30":{"start":{"line":125,"column":8},"end":{"line":125,"column":63}},"31":{"start":{"line":126,"column":8},"end":{"line":126,"column":35}},"32":{"start":{"line":128,"column":8},"end":{"line":128,"column":81}},"33":{"start":{"line":134,"column":22},"end":{"line":161,"column":3}},"34":{"start":{"line":136,"column":6},"end":{"line":158,"column":13}},"35":{"start":{"line":149,"column":41},"end":{"line":149,"column":68}},"36":{"start":{"line":163,"column":33},"end":{"line":170,"column":3}},"37":{"start":{"line":165,"column":6},"end":{"line":167,"column":7}},"38":{"start":{"line":166,"column":8},"end":{"line":166,"column":47}},"39":{"start":{"line":172,"column":2},"end":{"line":205,"column":4}},"40":{"start":{"line":178,"column":32},"end":{"line":178,"column":40}},"41":{"start":{"line":185,"column":38},"end":{"line":189,"column":9}},"42":{"start":{"line":195,"column":10},"end":{"line":201,"column":12}},"43":{"start":{"line":208,"column":21},"end":{"line":268,"column":4}},"44":{"start":{"line":209,"column":2},"end":{"line":268,"column":4}}},"fnMap":{"0":{"name":"OnboardingScreen","decl":{"start":{"line":41,"column":24},"end":{"line":41,"column":40}},"loc":{"start":{"line":41,"column":43},"end":{"line":206,"column":1}},"line":41},"1":{"name":"(anonymous_1)","decl":{"start":{"line":53,"column":4},"end":{"line":53,"column":5}},"loc":{"start":{"line":53,"column":19},"end":{"line":75,"column":5}},"line":53},"2":{"name":"(anonymous_2)","decl":{"start":{"line":83,"column":4},"end":{"line":83,"column":5}},"loc":{"start":{"line":84,"column":6},"end":{"line":87,"column":7}},"line":84},"3":{"name":"(anonymous_3)","decl":{"start":{"line":86,"column":8},"end":{"line":86,"column":9}},"loc":{"start":{"line":86,"column":18},"end":{"line":86,"column":85}},"line":86},"4":{"name":"(anonymous_4)","decl":{"start":{"line":93,"column":12},"end":{"line":93,"column":13}},"loc":{"start":{"line":93,"column":18},"end":{"line":104,"column":3}},"line":93},"5":{"name":"(anonymous_5)","decl":{"start":{"line":95,"column":24},"end":{"line":95,"column":25}},"loc":{"start":{"line":96,"column":8},"end":{"line":101,"column":10}},"line":96},"6":{"name":"(anonymous_6)","decl":{"start":{"line":109,"column":12},"end":{"line":109,"column":13}},"loc":{"start":{"line":109,"column":18},"end":{"line":115,"column":3}},"line":109},"7":{"name":"(anonymous_7)","decl":{"start":{"line":117,"column":33},"end":{"line":117,"column":34}},"loc":{"start":{"line":117,"column":45},"end":{"line":120,"column":3}},"line":117},"8":{"name":"(anonymous_8)","decl":{"start":{"line":123,"column":4},"end":{"line":123,"column":5}},"loc":{"start":{"line":123,"column":43},"end":{"line":130,"column":5}},"line":123},"9":{"name":"(anonymous_9)","decl":{"start":{"line":135,"column":4},"end":{"line":135,"column":5}},"loc":{"start":{"line":136,"column":6},"end":{"line":158,"column":13}},"line":136},"10":{"name":"(anonymous_10)","decl":{"start":{"line":149,"column":35},"end":{"line":149,"column":36}},"loc":{"start":{"line":149,"column":41},"end":{"line":149,"column":68}},"line":149},"11":{"name":"(anonymous_11)","decl":{"start":{"line":164,"column":4},"end":{"line":164,"column":5}},"loc":{"start":{"line":164,"column":74},"end":{"line":168,"column":5}},"line":164},"12":{"name":"(anonymous_12)","decl":{"start":{"line":178,"column":22},"end":{"line":178,"column":23}},"loc":{"start":{"line":178,"column":32},"end":{"line":178,"column":40}},"line":178},"13":{"name":"(anonymous_13)","decl":{"start":{"line":185,"column":23},"end":{"line":185,"column":24}},"loc":{"start":{"line":185,"column":38},"end":{"line":189,"column":9}},"line":185},"14":{"name":"(anonymous_14)","decl":{"start":{"line":194,"column":45},"end":{"line":194,"column":46}},"loc":{"start":{"line":195,"column":10},"end":{"line":201,"column":12}},"line":195},"15":{"name":"(anonymous_15)","decl":{"start":{"line":208,"column":21},"end":{"line":208,"column":22}},"loc":{"start":{"line":209,"column":2},"end":{"line":268,"column":4}},"line":209}},"branchMap":{"0":{"loc":{"start":{"line":86,"column":37},"end":{"line":86,"column":84}},"type":"cond-expr","locations":[{"start":{"line":86,"column":47},"end":{"line":86,"column":63}},{"start":{"line":86,"column":66},"end":{"line":86,"column":84}}],"line":86},"1":{"loc":{"start":{"line":97,"column":19},"end":{"line":97,"column":76}},"type":"cond-expr","locations":[{"start":{"line":97,"column":39},"end":{"line":97,"column":55}},{"start":{"line":97,"column":58},"end":{"line":97,"column":76}}],"line":97},"2":{"loc":{"start":{"line":110,"column":4},"end":{"line":114,"column":5}},"type":"if","locations":[{"start":{"line":110,"column":4},"end":{"line":114,"column":5}},{"start":{},"end":{}}],"line":110},"3":{"loc":{"start":{"line":110,"column":8},"end":{"line":110,"column":64}},"type":"binary-expr","locations":[{"start":{"line":110,"column":8},"end":{"line":110,"column":34}},{"start":{"line":110,"column":38},"end":{"line":110,"column":64}}],"line":110},"4":{"loc":{"start":{"line":124,"column":6},"end":{"line":129,"column":7}},"type":"if","locations":[{"start":{"line":124,"column":6},"end":{"line":129,"column":7}},{"start":{"line":127,"column":13},"end":{"line":129,"column":7}}],"line":124},"5":{"loc":{"start":{"line":150,"column":11},"end":{"line":150,"column":52}},"type":"cond-expr","locations":[{"start":{"line":150,"column":26},"end":{"line":150,"column":34}},{"start":{"line":150,"column":37},"end":{"line":150,"column":52}}],"line":150},"6":{"loc":{"start":{"line":165,"column":6},"end":{"line":167,"column":7}},"type":"if","locations":[{"start":{"line":165,"column":6},"end":{"line":167,"column":7}},{"start":{},"end":{}}],"line":165},"7":{"loc":{"start":{"line":198,"column":14},"end":{"line":198,"column":95}},"type":"cond-expr","locations":[{"start":{"line":198,"column":34},"end":{"line":198,"column":62}},{"start":{"line":198,"column":65},"end":{"line":198,"column":95}}],"line":198}},"s":{"0":1,"1":1,"2":1,"3":1,"4":1,"5":1,"6":2,"7":2,"8":2,"9":2,"10":2,"11":2,"12":2,"13":2,"14":2,"15":1,"16":3,"17":2,"18":1,"19":3,"20":2,"21":1,"22":0,"23":0,"24":0,"25":2,"26":0,"27":0,"28":2,"29":0,"30":0,"31":0,"32":0,"33":2,"34":6,"35":0,"36":2,"37":0,"38":0,"39":2,"40":7,"41":0,"42":6,"43":1,"44":2},"f":{"0":2,"1":2,"2":1,"3":3,"4":1,"5":3,"6":1,"7":0,"8":0,"9":6,"10":0,"11":0,"12":7,"13":0,"14":6,"15":2},"b":{"0":[1,2],"1":[1,2],"2":[0,1],"3":[1,0],"4":[0,0],"5":[2,4],"6":[0,0],"7":[2,4]},"_coverageSchema":"1a1c01bbd47fc00a2c39e90264f33305004495a9","hash":"382bb68e27a37a59d91d72b7696beb3adc98c9c4"}
,"/Users/theobarnes/Projects/comedy-app/app/(tabs)/_layout.tsx": {"path":"/Users/theobarnes/Projects/comedy-app/app/(tabs)/_layout.tsx","statementMap":{"0":{"start":{"line":11,"column":2},"end":{"line":13,"column":4}},"1":{"start":{"line":12,"column":4},"end":{"line":12,"column":87}},"2":{"start":{"line":17,"column":16},"end":{"line":17,"column":32}},"3":{"start":{"line":18,"column":20},"end":{"line":18,"column":30}},"4":{"start":{"line":19,"column":2},"end":{"line":60,"column":4}}},"fnMap":{"0":{"name":"tabIcon","decl":{"start":{"line":10,"column":9},"end":{"line":10,"column":16}},"loc":{"start":{"line":10,"column":61},"end":{"line":14,"column":1}},"line":10},"1":{"name":"(anonymous_1)","decl":{"start":{"line":11,"column":9},"end":{"line":11,"column":10}},"loc":{"start":{"line":12,"column":4},"end":{"line":12,"column":87}},"line":12},"2":{"name":"TabsLayout","decl":{"start":{"line":16,"column":24},"end":{"line":16,"column":34}},"loc":{"start":{"line":16,"column":37},"end":{"line":61,"column":1}},"line":16}},"branchMap":{"0":{"loc":{"start":{"line":12,"column":20},"end":{"line":12,"column":47}},"type":"cond-expr","locations":[{"start":{"line":12,"column":30},"end":{"line":12,"column":36}},{"start":{"line":12,"column":39},"end":{"line":12,"column":47}}],"line":12}},"s":{"0":0,"1":0,"2":0,"3":0,"4":0},"f":{"0":0,"1":0,"2":0},"b":{"0":[0,0]}}
,"/Users/theobarnes/Projects/comedy-app/app/(tabs)/index.tsx": {"path":"/Users/theobarnes/Projects/comedy-app/app/(tabs)/index.tsx","statementMap":{},"fnMap":{},"branchMap":{},"s":{},"f":{},"b":{}}
,"/Users/theobarnes/Projects/comedy-app/app/(tabs)/profile.tsx": {"path":"/Users/theobarnes/Projects/comedy-app/app/(tabs)/profile.tsx","statementMap":{"0":{"start":{"line":10,"column":39},"end":{"line":10,"column":66}},"1":{"start":{"line":13,"column":51},"end":{"line":13,"column":61}},"2":{"start":{"line":14,"column":17},"end":{"line":14,"column":46}},"3":{"start":{"line":16,"column":2},"end":{"line":54,"column":4}},"4":{"start":{"line":28,"column":31},"end":{"line":28,"column":49}},"5":{"start":{"line":29,"column":14},"end":{"line":48,"column":16}},"6":{"start":{"line":33,"column":20},"end":{"line":33,"column":44}},"7":{"start":{"line":35,"column":42},"end":{"line":39,"column":19}},"8":{"start":{"line":57,"column":21},"end":{"line":102,"column":4}},"9":{"start":{"line":58,"column":2},"end":{"line":102,"column":4}}},"fnMap":{"0":{"name":"ProfileScreen","decl":{"start":{"line":12,"column":24},"end":{"line":12,"column":37}},"loc":{"start":{"line":12,"column":40},"end":{"line":55,"column":1}},"line":12},"1":{"name":"(anonymous_1)","decl":{"start":{"line":27,"column":35},"end":{"line":27,"column":36}},"loc":{"start":{"line":27,"column":45},"end":{"line":49,"column":13}},"line":27},"2":{"name":"(anonymous_2)","decl":{"start":{"line":32,"column":27},"end":{"line":32,"column":28}},"loc":{"start":{"line":32,"column":33},"end":{"line":34,"column":19}},"line":32},"3":{"name":"(anonymous_3)","decl":{"start":{"line":35,"column":25},"end":{"line":35,"column":26}},"loc":{"start":{"line":35,"column":42},"end":{"line":39,"column":19}},"line":35},"4":{"name":"(anonymous_4)","decl":{"start":{"line":57,"column":21},"end":{"line":57,"column":22}},"loc":{"start":{"line":58,"column":2},"end":{"line":102,"column":4}},"line":58}},"branchMap":{"0":{"loc":{"start":{"line":18,"column":7},"end":{"line":52,"column":7}},"type":"binary-expr","locations":[{"start":{"line":18,"column":7},"end":{"line":18,"column":14}},{"start":{"line":19,"column":8},"end":{"line":51,"column":15}}],"line":18},"1":{"loc":{"start":{"line":37,"column":20},"end":{"line":37,"column":53}},"type":"binary-expr","locations":[{"start":{"line":37,"column":20},"end":{"line":37,"column":28}},{"start":{"line":37,"column":32},"end":{"line":37,"column":53}}],"line":37},"2":{"loc":{"start":{"line":38,"column":20},"end":{"line":38,"column":51}},"type":"binary-expr","locations":[{"start":{"line":38,"column":20},"end":{"line":38,"column":27}},{"start":{"line":38,"column":31},"end":{"line":38,"column":51}}],"line":38},"3":{"loc":{"start":{"line":43,"column":47},"end":{"line":43,"column":84}},"type":"binary-expr","locations":[{"start":{"line":43,"column":47},"end":{"line":43,"column":55}},{"start":{"line":43,"column":59},"end":{"line":43,"column":84}}],"line":43}},"s":{"0":0,"1":0,"2":0,"3":0,"4":0,"5":0,"6":0,"7":0,"8":0,"9":0},"f":{"0":0,"1":0,"2":0,"3":0,"4":0},"b":{"0":[0,0],"1":[0,0],"2":[0,0],"3":[0,0]}}
,"/Users/theobarnes/Projects/comedy-app/app/(tabs)/saved.tsx": {"path":"/Users/theobarnes/Projects/comedy-app/app/(tabs)/saved.tsx","statementMap":{"0":{"start":{"line":4,"column":2},"end":{"line":6,"column":4}}},"fnMap":{"0":{"name":"SavedScreen","decl":{"start":{"line":3,"column":24},"end":{"line":3,"column":35}},"loc":{"start":{"line":3,"column":38},"end":{"line":7,"column":1}},"line":3}},"branchMap":{},"s":{"0":0},"f":{"0":0},"b":{}}
,"/Users/theobarnes/Projects/comedy-app/app/(tabs)/search.tsx": {"path":"/Users/theobarnes/Projects/comedy-app/app/(tabs)/search.tsx","statementMap":{},"fnMap":{},"branchMap":{},"s":{},"f":{},"b":{}}
,"/Users/theobarnes/Projects/comedy-app/src/components/AppText.tsx": {"path":"/Users/theobarnes/Projects/comedy-app/src/components/AppText.tsx","statementMap":{"0":{"start":{"line":21,"column":20},"end":{"line":21,"column":30}},"1":{"start":{"line":22,"column":17},"end":{"line":22,"column":46}},"2":{"start":{"line":23,"column":25},"end":{"line":23,"column":50}},"3":{"start":{"line":24,"column":25},"end":{"line":24,"column":51}},"4":{"start":{"line":25,"column":27},"end":{"line":28,"column":3}},"5":{"start":{"line":31,"column":4},"end":{"line":37,"column":50}},"6":{"start":{"line":39,"column":28},"end":{"line":39,"column":97}},"7":{"start":{"line":40,"column":29},"end":{"line":44,"column":43}},"8":{"start":{"line":46,"column":2},"end":{"line":59,"column":4}},"9":{"start":{"line":62,"column":21},"end":{"line":107,"column":4}},"10":{"start":{"line":63,"column":2},"end":{"line":107,"column":4}}},"fnMap":{"0":{"name":"AppText","decl":{"start":{"line":14,"column":16},"end":{"line":14,"column":23}},"loc":{"start":{"line":20,"column":17},"end":{"line":60,"column":1}},"line":20},"1":{"name":"(anonymous_1)","decl":{"start":{"line":62,"column":21},"end":{"line":62,"column":22}},"loc":{"start":{"line":63,"column":2},"end":{"line":107,"column":4}},"line":63}},"branchMap":{"0":{"loc":{"start":{"line":16,"column":2},"end":{"line":16,"column":18}},"type":"default-arg","locations":[{"start":{"line":16,"column":12},"end":{"line":16,"column":18}}],"line":16},"1":{"loc":{"start":{"line":17,"column":2},"end":{"line":17,"column":15}},"type":"default-arg","locations":[{"start":{"line":17,"column":10},"end":{"line":17,"column":15}}],"line":17},"2":{"loc":{"start":{"line":31,"column":4},"end":{"line":37,"column":50}},"type":"cond-expr","locations":[{"start":{"line":32,"column":8},"end":{"line":32,"column":47}},{"start":{"line":33,"column":8},"end":{"line":37,"column":50}}],"line":31},"3":{"loc":{"start":{"line":31,"column":4},"end":{"line":31,"column":48}},"type":"binary-expr","locations":[{"start":{"line":31,"column":4},"end":{"line":31,"column":25}},{"start":{"line":31,"column":29},"end":{"line":31,"column":48}}],"line":31},"4":{"loc":{"start":{"line":33,"column":8},"end":{"line":37,"column":50}},"type":"cond-expr","locations":[{"start":{"line":34,"column":10},"end":{"line":34,"column":51}},{"start":{"line":35,"column":10},"end":{"line":37,"column":50}}],"line":33},"5":{"loc":{"start":{"line":35,"column":10},"end":{"line":37,"column":50}},"type":"cond-expr","locations":[{"start":{"line":36,"column":12},"end":{"line":36,"column":53}},{"start":{"line":37,"column":12},"end":{"line":37,"column":50}}],"line":35},"6":{"loc":{"start":{"line":35,"column":10},"end":{"line":35,"column":54}},"type":"binary-expr","locations":[{"start":{"line":35,"column":10},"end":{"line":35,"column":31}},{"start":{"line":35,"column":35},"end":{"line":35,"column":54}}],"line":35},"7":{"loc":{"start":{"line":39,"column":28},"end":{"line":39,"column":97}},"type":"binary-expr","locations":[{"start":{"line":39,"column":28},"end":{"line":39,"column":49}},{"start":{"line":39,"column":53},"end":{"line":39,"column":72}},{"start":{"line":39,"column":76},"end":{"line":39,"column":97}}],"line":39},"8":{"loc":{"start":{"line":40,"column":29},"end":{"line":44,"column":43}},"type":"cond-expr","locations":[{"start":{"line":41,"column":6},"end":{"line":41,"column":20}},{"start":{"line":42,"column":6},"end":{"line":44,"column":43}}],"line":40},"9":{"loc":{"start":{"line":42,"column":6},"end":{"line":44,"column":43}},"type":"cond-expr","locations":[{"start":{"line":43,"column":8},"end":{"line":43,"column":21}},{"start":{"line":44,"column":9},"end":{"line":44,"column":42}}],"line":42},"10":{"loc":{"start":{"line":44,"column":9},"end":{"line":44,"column":42}},"type":"binary-expr","locations":[{"start":{"line":44,"column":9},"end":{"line":44,"column":25}},{"start":{"line":44,"column":29},"end":{"line":44,"column":42}}],"line":44},"11":{"loc":{"start":{"line":51,"column":8},"end":{"line":51,"column":29}},"type":"binary-expr","locations":[{"start":{"line":51,"column":8},"end":{"line":51,"column":13}},{"start":{"line":51,"column":17},"end":{"line":51,"column":29}}],"line":51},"12":{"loc":{"start":{"line":52,"column":8},"end":{"line":52,"column":70}},"type":"cond-expr","locations":[{"start":{"line":52,"column":29},"end":{"line":52,"column":63}},{"start":{"line":52,"column":66},"end":{"line":52,"column":70}}],"line":52}},"s":{"0":2187,"1":2187,"2":2187,"3":2187,"4":2187,"5":2187,"6":2187,"7":2187,"8":2187,"9":37,"10":2182},"f":{"0":2187,"1":2182},"b":{"0":[10],"1":[1541],"2":[26,2161],"3":[2187,2180],"4":[106,2055],"5":[1548,507],"6":[2055,561],"7":[2187,2180,2161],"8":[0,2187],"9":[132,2055],"10":[2055,785],"11":[2187,646],"12":[2187,0]},"_coverageSchema":"1a1c01bbd47fc00a2c39e90264f33305004495a9","hash":"b288080d3db1e3ffb238afa4d1de9a7d0ade55ab"}
,"/Users/theobarnes/Projects/comedy-app/src/components/BackButton.tsx": {"path":"/Users/theobarnes/Projects/comedy-app/src/components/BackButton.tsx","statementMap":{"0":{"start":{"line":14,"column":20},"end":{"line":14,"column":30}},"1":{"start":{"line":15,"column":2},"end":{"line":19,"column":4}},"2":{"start":{"line":16,"column":73},"end":{"line":16,"column":86}},"3":{"start":{"line":22,"column":15},"end":{"line":30,"column":2}}},"fnMap":{"0":{"name":"BackButton","decl":{"start":{"line":13,"column":16},"end":{"line":13,"column":26}},"loc":{"start":{"line":13,"column":54},"end":{"line":20,"column":1}},"line":13},"1":{"name":"(anonymous_1)","decl":{"start":{"line":16,"column":67},"end":{"line":16,"column":68}},"loc":{"start":{"line":16,"column":73},"end":{"line":16,"column":86}},"line":16}},"branchMap":{"0":{"loc":{"start":{"line":16,"column":55},"end":{"line":16,"column":87}},"type":"binary-expr","locations":[{"start":{"line":16,"column":55},"end":{"line":16,"column":62}},{"start":{"line":16,"column":67},"end":{"line":16,"column":86}}],"line":16}},"s":{"0":2,"1":2,"2":1,"3":1},"f":{"0":2,"1":1},"b":{"0":[2,1]},"_coverageSchema":"1a1c01bbd47fc00a2c39e90264f33305004495a9","hash":"d5199a33d849e738a6fa6f8a5798a82a924aa31c"}
,"/Users/theobarnes/Projects/comedy-app/src/components/Button.tsx": {"path":"/Users/theobarnes/Projects/comedy-app/src/components/Button.tsx","statementMap":{"0":{"start":{"line":39,"column":21},"end":{"line":39,"column":40}},"1":{"start":{"line":40,"column":20},"end":{"line":40,"column":30}},"2":{"start":{"line":41,"column":17},"end":{"line":41,"column":46}},"3":{"start":{"line":43,"column":2},"end":{"line":70,"column":4}},"4":{"start":{"line":45,"column":30},"end":{"line":52,"column":7}},"5":{"start":{"line":73,"column":21},"end":{"line":145,"column":4}},"6":{"start":{"line":74,"column":2},"end":{"line":145,"column":4}}},"fnMap":{"0":{"name":"Button","decl":{"start":{"line":29,"column":16},"end":{"line":29,"column":22}},"loc":{"start":{"line":38,"column":16},"end":{"line":71,"column":1}},"line":38},"1":{"name":"(anonymous_1)","decl":{"start":{"line":45,"column":13},"end":{"line":45,"column":14}},"loc":{"start":{"line":45,"column":30},"end":{"line":52,"column":7}},"line":45},"2":{"name":"(anonymous_2)","decl":{"start":{"line":73,"column":21},"end":{"line":73,"column":22}},"loc":{"start":{"line":74,"column":2},"end":{"line":145,"column":4}},"line":74}},"branchMap":{"0":{"loc":{"start":{"line":30,"column":2},"end":{"line":30,"column":21}},"type":"default-arg","locations":[{"start":{"line":30,"column":12},"end":{"line":30,"column":21}}],"line":30},"1":{"loc":{"start":{"line":31,"column":2},"end":{"line":31,"column":13}},"type":"default-arg","locations":[{"start":{"line":31,"column":9},"end":{"line":31,"column":13}}],"line":31},"2":{"loc":{"start":{"line":32,"column":2},"end":{"line":32,"column":17}},"type":"default-arg","locations":[{"start":{"line":32,"column":12},"end":{"line":32,"column":17}}],"line":32},"3":{"loc":{"start":{"line":33,"column":2},"end":{"line":33,"column":18}},"type":"default-arg","locations":[{"start":{"line":33,"column":13},"end":{"line":33,"column":18}}],"line":33},"4":{"loc":{"start":{"line":39,"column":21},"end":{"line":39,"column":40}},"type":"binary-expr","locations":[{"start":{"line":39,"column":21},"end":{"line":39,"column":29}},{"start":{"line":39,"column":33},"end":{"line":39,"column":40}}],"line":39},"5":{"loc":{"start":{"line":49,"column":8},"end":{"line":49,"column":37}},"type":"binary-expr","locations":[{"start":{"line":49,"column":8},"end":{"line":49,"column":18}},{"start":{"line":49,"column":22},"end":{"line":49,"column":37}}],"line":49},"6":{"loc":{"start":{"line":50,"column":8},"end":{"line":50,"column":48}},"type":"binary-expr","locations":[{"start":{"line":50,"column":8},"end":{"line":50,"column":15}},{"start":{"line":50,"column":19},"end":{"line":50,"column":30}},{"start":{"line":50,"column":34},"end":{"line":50,"column":48}}],"line":50},"7":{"loc":{"start":{"line":56,"column":7},"end":{"line":68,"column":7}},"type":"cond-expr","locations":[{"start":{"line":57,"column":8},"end":{"line":60,"column":10}},{"start":{"line":62,"column":8},"end":{"line":67,"column":11}}],"line":56},"8":{"loc":{"start":{"line":58,"column":17},"end":{"line":58,"column":90}},"type":"cond-expr","locations":[{"start":{"line":58,"column":41},"end":{"line":58,"column":63}},{"start":{"line":58,"column":66},"end":{"line":58,"column":90}}],"line":58}},"s":{"0":54,"1":54,"2":54,"3":54,"4":54,"5":9,"6":53},"f":{"0":54,"1":54,"2":53},"b":{"0":[10],"1":[9],"2":[47],"3":[53],"4":[54,53],"5":[54,3],"6":[54,0,0],"7":[2,52],"8":[1,1]},"_coverageSchema":"1a1c01bbd47fc00a2c39e90264f33305004495a9","hash":"db10278203207220cc9368669babd19f75a151d0"}
,"/Users/theobarnes/Projects/comedy-app/src/components/Card.tsx": {"path":"/Users/theobarnes/Projects/comedy-app/src/components/Card.tsx","statementMap":{"0":{"start":{"line":12,"column":17},"end":{"line":12,"column":46}},"1":{"start":{"line":13,"column":2},"end":{"line":22,"column":3}},"2":{"start":{"line":14,"column":4},"end":{"line":21,"column":6}},"3":{"start":{"line":16,"column":32},"end":{"line":16,"column":79}},"4":{"start":{"line":24,"column":2},"end":{"line":24,"column":62}},"5":{"start":{"line":27,"column":21},"end":{"line":39,"column":4}},"6":{"start":{"line":28,"column":2},"end":{"line":39,"column":4}}},"fnMap":{"0":{"name":"Card","decl":{"start":{"line":11,"column":16},"end":{"line":11,"column":20}},"loc":{"start":{"line":11,"column":62},"end":{"line":25,"column":1}},"line":11},"1":{"name":"(anonymous_1)","decl":{"start":{"line":16,"column":15},"end":{"line":16,"column":16}},"loc":{"start":{"line":16,"column":32},"end":{"line":16,"column":79}},"line":16},"2":{"name":"(anonymous_2)","decl":{"start":{"line":27,"column":21},"end":{"line":27,"column":22}},"loc":{"start":{"line":28,"column":2},"end":{"line":39,"column":4}},"line":28}},"branchMap":{"0":{"loc":{"start":{"line":13,"column":2},"end":{"line":22,"column":3}},"type":"if","locations":[{"start":{"line":13,"column":2},"end":{"line":22,"column":3}},{"start":{},"end":{}}],"line":13},"1":{"loc":{"start":{"line":16,"column":46},"end":{"line":16,"column":71}},"type":"binary-expr","locations":[{"start":{"line":16,"column":46},"end":{"line":16,"column":53}},{"start":{"line":16,"column":57},"end":{"line":16,"column":71}}],"line":16}},"s":{"0":357,"1":357,"2":234,"3":234,"4":123,"5":19,"6":357},"f":{"0":357,"1":234,"2":357},"b":{"0":[234,123],"1":[234,0]},"_coverageSchema":"1a1c01bbd47fc00a2c39e90264f33305004495a9","hash":"4d081a3a468881d6c7798d916db2c807bba46827"}
,"/Users/theobarnes/Projects/comedy-app/src/components/ErrorBanner.tsx": {"path":"/Users/theobarnes/Projects/comedy-app/src/components/ErrorBanner.tsx","statementMap":{"0":{"start":{"line":11,"column":17},"end":{"line":11,"column":46}},"1":{"start":{"line":12,"column":2},"end":{"line":12,"column":28}},"2":{"start":{"line":12,"column":16},"end":{"line":12,"column":28}},"3":{"start":{"line":13,"column":2},"end":{"line":17,"column":4}},"4":{"start":{"line":20,"column":21},"end":{"line":27,"column":4}},"5":{"start":{"line":21,"column":2},"end":{"line":27,"column":4}}},"fnMap":{"0":{"name":"ErrorBanner","decl":{"start":{"line":10,"column":16},"end":{"line":10,"column":27}},"loc":{"start":{"line":10,"column":48},"end":{"line":18,"column":1}},"line":10},"1":{"name":"(anonymous_1)","decl":{"start":{"line":20,"column":21},"end":{"line":20,"column":22}},"loc":{"start":{"line":21,"column":2},"end":{"line":27,"column":4}},"line":21}},"branchMap":{"0":{"loc":{"start":{"line":12,"column":2},"end":{"line":12,"column":28}},"type":"if","locations":[{"start":{"line":12,"column":2},"end":{"line":12,"column":28}},{"start":{},"end":{}}],"line":12}},"s":{"0":2,"1":2,"2":1,"3":1,"4":1,"5":2},"f":{"0":2,"1":2},"b":{"0":[1,1]},"_coverageSchema":"1a1c01bbd47fc00a2c39e90264f33305004495a9","hash":"08d788e40eeeb315fa35e03470d21e108a75f602"}
,"/Users/theobarnes/Projects/comedy-app/src/components/ErrorBoundary.tsx": {"path":"/Users/theobarnes/Projects/comedy-app/src/components/ErrorBoundary.tsx","statementMap":{"0":{"start":{"line":18,"column":17},"end":{"line":18,"column":36}},"1":{"start":{"line":21,"column":4},"end":{"line":21,"column":30}},"2":{"start":{"line":25,"column":4},"end":{"line":25,"column":106}},"3":{"start":{"line":28,"column":16},"end":{"line":30,"column":3}},"4":{"start":{"line":29,"column":4},"end":{"line":29,"column":39}},"5":{"start":{"line":33,"column":22},"end":{"line":33,"column":32}},"6":{"start":{"line":34,"column":4},"end":{"line":48,"column":5}},"7":{"start":{"line":35,"column":6},"end":{"line":47,"column":8}},"8":{"start":{"line":49,"column":4},"end":{"line":49,"column":31}},"9":{"start":{"line":58,"column":20},"end":{"line":58,"column":30}},"10":{"start":{"line":59,"column":2},"end":{"line":59,"column":75}},"11":{"start":{"line":64,"column":15},"end":{"line":80,"column":2}}},"fnMap":{"0":{"name":"(anonymous_0)","decl":{"start":{"line":20,"column":2},"end":{"line":20,"column":3}},"loc":{"start":{"line":20,"column":43},"end":{"line":22,"column":3}},"line":20},"1":{"name":"(anonymous_1)","decl":{"start":{"line":24,"column":2},"end":{"line":24,"column":3}},"loc":{"start":{"line":24,"column":56},"end":{"line":26,"column":3}},"line":24},"2":{"name":"(anonymous_2)","decl":{"start":{"line":28,"column":16},"end":{"line":28,"column":17}},"loc":{"start":{"line":28,"column":22},"end":{"line":30,"column":3}},"line":28},"3":{"name":"(anonymous_3)","decl":{"start":{"line":32,"column":2},"end":{"line":32,"column":3}},"loc":{"start":{"line":32,"column":11},"end":{"line":50,"column":3}},"line":32},"4":{"name":"ErrorBoundary","decl":{"start":{"line":57,"column":16},"end":{"line":57,"column":29}},"loc":{"start":{"line":57,"column":51},"end":{"line":60,"column":1}},"line":57}},"branchMap":{"0":{"loc":{"start":{"line":34,"column":4},"end":{"line":48,"column":5}},"type":"if","locations":[{"start":{"line":34,"column":4},"end":{"line":48,"column":5}},{"start":{},"end":{}}],"line":34}},"s":{"0":5,"1":4,"2":2,"3":5,"4":1,"5":11,"6":11,"7":5,"8":6,"9":6,"10":6,"11":1},"f":{"0":4,"1":2,"2":1,"3":11,"4":6},"b":{"0":[5,6]},"_coverageSchema":"1a1c01bbd47fc00a2c39e90264f33305004495a9","hash":"1b7cb34fa55ebd10921b2510627d0e14d0d47a84"}
,"/Users/theobarnes/Projects/comedy-app/src/components/FieldWrapper.tsx": {"path":"/Users/theobarnes/Projects/comedy-app/src/components/FieldWrapper.tsx","statementMap":{"0":{"start":{"line":18,"column":21},"end":{"line":18,"column":54}},"1":{"start":{"line":19,"column":2},"end":{"line":31,"column":4}}},"fnMap":{"0":{"name":"FieldWrapper","decl":{"start":{"line":17,"column":16},"end":{"line":17,"column":28}},"loc":{"start":{"line":17,"column":64},"end":{"line":32,"column":1}},"line":17}},"branchMap":{"0":{"loc":{"start":{"line":25,"column":7},"end":{"line":29,"column":7}},"type":"binary-expr","locations":[{"start":{"line":25,"column":7},"end":{"line":25,"column":12}},{"start":{"line":26,"column":8},"end":{"line":28,"column":18}}],"line":25}},"s":{"0":11,"1":11},"f":{"0":11},"b":{"0":[11,2]},"_coverageSchema":"1a1c01bbd47fc00a2c39e90264f33305004495a9","hash":"e23594ac959609865a46378b446ec3d2af304d0f"}
,"/Users/theobarnes/Projects/comedy-app/src/components/FormField.tsx": {"path":"/Users/theobarnes/Projects/comedy-app/src/components/FormField.tsx","statementMap":{"0":{"start":{"line":15,"column":20},"end":{"line":15,"column":30}},"1":{"start":{"line":16,"column":21},"end":{"line":16,"column":54}},"2":{"start":{"line":17,"column":2},"end":{"line":25,"column":4}}},"fnMap":{"0":{"name":"FormField","decl":{"start":{"line":14,"column":16},"end":{"line":14,"column":25}},"loc":{"start":{"line":14,"column":73},"end":{"line":26,"column":1}},"line":14}},"branchMap":{"0":{"loc":{"start":{"line":20,"column":34},"end":{"line":20,"column":64}},"type":"binary-expr","locations":[{"start":{"line":20,"column":34},"end":{"line":20,"column":39}},{"start":{"line":20,"column":43},"end":{"line":20,"column":64}}],"line":20}},"s":{"0":3,"1":3,"2":3},"f":{"0":3},"b":{"0":[3,1]},"_coverageSchema":"1a1c01bbd47fc00a2c39e90264f33305004495a9","hash":"13ab9ef2071aee6997293cea3c551f401fac4c7a"}
,"/Users/theobarnes/Projects/comedy-app/src/components/GlassSurface.tsx": {"path":"/Users/theobarnes/Projects/comedy-app/src/components/GlassSurface.tsx","statementMap":{"0":{"start":{"line":26,"column":32},"end":{"line":26,"column":47}},"1":{"start":{"line":28,"column":2},"end":{"line":42,"column":9}},"2":{"start":{"line":29,"column":4},"end":{"line":29,"column":38}},"3":{"start":{"line":29,"column":31},"end":{"line":29,"column":38}},"4":{"start":{"line":30,"column":20},"end":{"line":30,"column":25}},"5":{"start":{"line":31,"column":4},"end":{"line":33,"column":7}},"6":{"start":{"line":32,"column":6},"end":{"line":32,"column":40}},"7":{"start":{"line":32,"column":22},"end":{"line":32,"column":40}},"8":{"start":{"line":34,"column":25},"end":{"line":37,"column":5}},"9":{"start":{"line":38,"column":4},"end":{"line":41,"column":6}},"10":{"start":{"line":39,"column":6},"end":{"line":39,"column":23}},"11":{"start":{"line":40,"column":6},"end":{"line":40,"column":28}},"12":{"start":{"line":44,"column":2},"end":{"line":44,"column":17}},"13":{"start":{"line":50,"column":2},"end":{"line":50,"column":82}},"14":{"start":{"line":69,"column":20},"end":{"line":69,"column":30}},"15":{"start":{"line":70,"column":29},"end":{"line":70,"column":52}},"16":{"start":{"line":72,"column":2},"end":{"line":78,"column":3}},"17":{"start":{"line":73,"column":4},"end":{"line":77,"column":6}},"18":{"start":{"line":80,"column":2},"end":{"line":90,"column":4}}},"fnMap":{"0":{"name":"useReduceTransparency","decl":{"start":{"line":25,"column":9},"end":{"line":25,"column":30}},"loc":{"start":{"line":25,"column":42},"end":{"line":45,"column":1}},"line":25},"1":{"name":"(anonymous_1)","decl":{"start":{"line":28,"column":12},"end":{"line":28,"column":13}},"loc":{"start":{"line":28,"column":18},"end":{"line":42,"column":3}},"line":28},"2":{"name":"(anonymous_2)","decl":{"start":{"line":31,"column":57},"end":{"line":31,"column":58}},"loc":{"start":{"line":31,"column":68},"end":{"line":33,"column":5}},"line":31},"3":{"name":"(anonymous_3)","decl":{"start":{"line":38,"column":11},"end":{"line":38,"column":12}},"loc":{"start":{"line":38,"column":17},"end":{"line":41,"column":5}},"line":38},"4":{"name":"GlassSurface","decl":{"start":{"line":61,"column":16},"end":{"line":61,"column":28}},"loc":{"start":{"line":68,"column":22},"end":{"line":91,"column":1}},"line":68}},"branchMap":{"0":{"loc":{"start":{"line":29,"column":4},"end":{"line":29,"column":38}},"type":"if","locations":[{"start":{"line":29,"column":4},"end":{"line":29,"column":38}},{"start":{},"end":{}}],"line":29},"1":{"loc":{"start":{"line":32,"column":6},"end":{"line":32,"column":40}},"type":"if","locations":[{"start":{"line":32,"column":6},"end":{"line":32,"column":40}},{"start":{},"end":{}}],"line":32},"2":{"loc":{"start":{"line":50,"column":2},"end":{"line":50,"column":82}},"type":"binary-expr","locations":[{"start":{"line":50,"column":2},"end":{"line":50,"column":23}},{"start":{"line":50,"column":27},"end":{"line":50,"column":54}},{"start":{"line":50,"column":58},"end":{"line":50,"column":82}}],"line":50},"3":{"loc":{"start":{"line":62,"column":2},"end":{"line":62,"column":30}},"type":"default-arg","locations":[{"start":{"line":62,"column":21},"end":{"line":62,"column":30}}],"line":62},"4":{"loc":{"start":{"line":72,"column":2},"end":{"line":78,"column":3}},"type":"if","locations":[{"start":{"line":72,"column":2},"end":{"line":78,"column":3}},{"start":{},"end":{}}],"line":72},"5":{"loc":{"start":{"line":72,"column":6},"end":{"line":72,"column":43}},"type":"binary-expr","locations":[{"start":{"line":72,"column":6},"end":{"line":72,"column":21}},{"start":{"line":72,"column":25},"end":{"line":72,"column":43}}],"line":72}},"s":{"0":3,"1":3,"2":3,"3":0,"4":3,"5":3,"6":3,"7":3,"8":3,"9":3,"10":3,"11":3,"12":3,"13":1,"14":3,"15":3,"16":3,"17":3,"18":0},"f":{"0":3,"1":3,"2":3,"3":3,"4":3},"b":{"0":[0,3],"1":[3,0],"2":[1,1,0],"3":[3],"4":[3,0],"5":[3,0]},"_coverageSchema":"1a1c01bbd47fc00a2c39e90264f33305004495a9","hash":"b5538e24f5037b1870c799033f63d8bbad5c2959"}
,"/Users/theobarnes/Projects/comedy-app/src/components/HomeHeroHeader.tsx": {"path":"/Users/theobarnes/Projects/comedy-app/src/components/HomeHeroHeader.tsx","statementMap":{"0":{"start":{"line":11,"column":2},"end":{"line":15,"column":4}},"1":{"start":{"line":18,"column":15},"end":{"line":25,"column":2}}},"fnMap":{"0":{"name":"HomeHeroHeader","decl":{"start":{"line":10,"column":16},"end":{"line":10,"column":30}},"loc":{"start":{"line":10,"column":63},"end":{"line":16,"column":1}},"line":10}},"branchMap":{},"s":{"0":18,"1":5},"f":{"0":18},"b":{},"_coverageSchema":"1a1c01bbd47fc00a2c39e90264f33305004495a9","hash":"265c885eca399c8a7aed135d60bb06252869bb53"}
,"/Users/theobarnes/Projects/comedy-app/src/components/PasswordInput.tsx": {"path":"/Users/theobarnes/Projects/comedy-app/src/components/PasswordInput.tsx","statementMap":{"0":{"start":{"line":17,"column":32},"end":{"line":17,"column":47}},"1":{"start":{"line":18,"column":20},"end":{"line":18,"column":30}},"2":{"start":{"line":19,"column":21},"end":{"line":19,"column":54}},"3":{"start":{"line":21,"column":2},"end":{"line":39,"column":4}},"4":{"start":{"line":30,"column":34},"end":{"line":30,"column":55}},"5":{"start":{"line":30,"column":52},"end":{"line":30,"column":54}}},"fnMap":{"0":{"name":"PasswordInput","decl":{"start":{"line":16,"column":16},"end":{"line":16,"column":29}},"loc":{"start":{"line":16,"column":70},"end":{"line":40,"column":1}},"line":16},"1":{"name":"(anonymous_1)","decl":{"start":{"line":30,"column":28},"end":{"line":30,"column":29}},"loc":{"start":{"line":30,"column":34},"end":{"line":30,"column":55}},"line":30},"2":{"name":"(anonymous_2)","decl":{"start":{"line":30,"column":45},"end":{"line":30,"column":46}},"loc":{"start":{"line":30,"column":52},"end":{"line":30,"column":54}},"line":30}},"branchMap":{"0":{"loc":{"start":{"line":23,"column":44},"end":{"line":23,"column":74}},"type":"binary-expr","locations":[{"start":{"line":23,"column":44},"end":{"line":23,"column":49}},{"start":{"line":23,"column":53},"end":{"line":23,"column":74}}],"line":23},"1":{"loc":{"start":{"line":32,"column":18},"end":{"line":32,"column":61}},"type":"cond-expr","locations":[{"start":{"line":32,"column":28},"end":{"line":32,"column":45}},{"start":{"line":32,"column":48},"end":{"line":32,"column":61}}],"line":32}},"s":{"0":8,"1":8,"2":8,"3":8,"4":3,"5":3},"f":{"0":8,"1":3,"2":3},"b":{"0":[8,1],"1":[2,6]},"_coverageSchema":"1a1c01bbd47fc00a2c39e90264f33305004495a9","hash":"dca527e69301cf6a31703327aa05718806b88b4a"}
,"/Users/theobarnes/Projects/comedy-app/src/components/Screen.tsx": {"path":"/Users/theobarnes/Projects/comedy-app/src/components/Screen.tsx","statementMap":{"0":{"start":{"line":9,"column":32},"end":{"line":9,"column":56}},"1":{"start":{"line":12,"column":17},"end":{"line":12,"column":46}},"2":{"start":{"line":13,"column":2},"end":{"line":17,"column":4}},"3":{"start":{"line":20,"column":21},"end":{"line":30,"column":4}},"4":{"start":{"line":21,"column":2},"end":{"line":30,"column":4}}},"fnMap":{"0":{"name":"Screen","decl":{"start":{"line":11,"column":16},"end":{"line":11,"column":22}},"loc":{"start":{"line":11,"column":56},"end":{"line":18,"column":1}},"line":11},"1":{"name":"(anonymous_1)","decl":{"start":{"line":20,"column":21},"end":{"line":20,"column":22}},"loc":{"start":{"line":21,"column":2},"end":{"line":30,"column":4}},"line":21}},"branchMap":{},"s":{"0":6,"1":24,"2":24,"3":6,"4":24},"f":{"0":24,"1":24},"b":{},"_coverageSchema":"1a1c01bbd47fc00a2c39e90264f33305004495a9","hash":"21b8260b0339476a8271f78ad6395408edfe4a7c"}
,"/Users/theobarnes/Projects/comedy-app/src/components/ScreenHeader.tsx": {"path":"/Users/theobarnes/Projects/comedy-app/src/components/ScreenHeader.tsx","statementMap":{"0":{"start":{"line":12,"column":20},"end":{"line":12,"column":22}},"1":{"start":{"line":39,"column":17},"end":{"line":39,"column":28}},"2":{"start":{"line":40,"column":17},"end":{"line":40,"column":46}},"3":{"start":{"line":41,"column":28},"end":{"line":48,"column":29}},"4":{"start":{"line":42,"column":4},"end":{"line":45,"column":5}},"5":{"start":{"line":43,"column":6},"end":{"line":43,"column":22}},"6":{"start":{"line":44,"column":6},"end":{"line":44,"column":13}},"7":{"start":{"line":47,"column":4},"end":{"line":47,"column":38}},"8":{"start":{"line":50,"column":24},"end":{"line":50,"column":51}},"9":{"start":{"line":52,"column":2},"end":{"line":123,"column":4}},"10":{"start":{"line":84,"column":31},"end":{"line":84,"column":59}},"11":{"start":{"line":85,"column":14},"end":{"line":105,"column":16}},"12":{"start":{"line":92,"column":33},"end":{"line":92,"column":59}},"13":{"start":{"line":126,"column":21},"end":{"line":223,"column":4}},"14":{"start":{"line":127,"column":2},"end":{"line":223,"column":4}}},"fnMap":{"0":{"name":"ScreenHeader","decl":{"start":{"line":29,"column":16},"end":{"line":29,"column":28}},"loc":{"start":{"line":38,"column":22},"end":{"line":124,"column":1}},"line":38},"1":{"name":"(anonymous_1)","decl":{"start":{"line":41,"column":40},"end":{"line":41,"column":41}},"loc":{"start":{"line":41,"column":46},"end":{"line":48,"column":3}},"line":41},"2":{"name":"(anonymous_2)","decl":{"start":{"line":83,"column":29},"end":{"line":83,"column":30}},"loc":{"start":{"line":83,"column":38},"end":{"line":106,"column":13}},"line":83},"3":{"name":"(anonymous_3)","decl":{"start":{"line":92,"column":27},"end":{"line":92,"column":28}},"loc":{"start":{"line":92,"column":33},"end":{"line":92,"column":59}},"line":92},"4":{"name":"(anonymous_4)","decl":{"start":{"line":126,"column":21},"end":{"line":126,"column":22}},"loc":{"start":{"line":127,"column":2},"end":{"line":223,"column":4}},"line":127}},"branchMap":{"0":{"loc":{"start":{"line":42,"column":4},"end":{"line":45,"column":5}},"type":"if","locations":[{"start":{"line":42,"column":4},"end":{"line":45,"column":5}},{"start":{},"end":{}}],"line":42},"1":{"loc":{"start":{"line":55,"column":9},"end":{"line":71,"column":9}},"type":"cond-expr","locations":[{"start":{"line":56,"column":10},"end":{"line":66,"column":22}},{"start":{"line":68,"column":10},"end":{"line":70,"column":20}}],"line":55},"2":{"loc":{"start":{"line":80,"column":7},"end":{"line":109,"column":14}},"type":"cond-expr","locations":[{"start":{"line":81,"column":8},"end":{"line":108,"column":15}},{"start":{"line":109,"column":10},"end":{"line":109,"column":14}}],"line":80},"3":{"loc":{"start":{"line":89,"column":38},"end":{"line":89,"column":73}},"type":"binary-expr","locations":[{"start":{"line":89,"column":38},"end":{"line":89,"column":60}},{"start":{"line":89,"column":64},"end":{"line":89,"column":73}}],"line":89},"4":{"loc":{"start":{"line":97,"column":51},"end":{"line":97,"column":90}},"type":"binary-expr","locations":[{"start":{"line":97,"column":51},"end":{"line":97,"column":59}},{"start":{"line":97,"column":63},"end":{"line":97,"column":90}}],"line":97},"5":{"loc":{"start":{"line":102,"column":55},"end":{"line":102,"column":98}},"type":"binary-expr","locations":[{"start":{"line":102,"column":55},"end":{"line":102,"column":63}},{"start":{"line":102,"column":67},"end":{"line":102,"column":98}}],"line":102}},"s":{"0":6,"1":26,"2":26,"3":26,"4":1,"5":1,"6":1,"7":0,"8":26,"9":26,"10":9,"11":9,"12":1,"13":6,"14":26},"f":{"0":26,"1":1,"2":9,"3":1,"4":26},"b":{"0":[1,0],"1":[1,25],"2":[3,23],"3":[9,9],"4":[9,3],"5":[9,3]},"_coverageSchema":"1a1c01bbd47fc00a2c39e90264f33305004495a9","hash":"a981b96035045e1e0c75c377bd71511a55a919d6"}
,"/Users/theobarnes/Projects/comedy-app/src/components/StatusScreen.tsx": {"path":"/Users/theobarnes/Projects/comedy-app/src/components/StatusScreen.tsx","statementMap":{"0":{"start":{"line":34,"column":20},"end":{"line":34,"column":30}},"1":{"start":{"line":35,"column":17},"end":{"line":35,"column":46}},"2":{"start":{"line":36,"column":28},"end":{"line":36,"column":65}},"3":{"start":{"line":37,"column":2},"end":{"line":52,"column":4}},"4":{"start":{"line":55,"column":21},"end":{"line":77,"column":4}},"5":{"start":{"line":56,"column":2},"end":{"line":77,"column":4}}},"fnMap":{"0":{"name":"StatusScreen","decl":{"start":{"line":24,"column":16},"end":{"line":24,"column":28}},"loc":{"start":{"line":33,"column":10},"end":{"line":53,"column":1}},"line":33},"1":{"name":"(anonymous_1)","decl":{"start":{"line":55,"column":21},"end":{"line":55,"column":22}},"loc":{"start":{"line":56,"column":2},"end":{"line":77,"column":4}},"line":56}},"branchMap":{"0":{"loc":{"start":{"line":27,"column":2},"end":{"line":27,"column":15}},"type":"default-arg","locations":[{"start":{"line":27,"column":13},"end":{"line":27,"column":15}}],"line":27},"1":{"loc":{"start":{"line":29,"column":2},"end":{"line":29,"column":26}},"type":"default-arg","locations":[{"start":{"line":29,"column":17},"end":{"line":29,"column":26}}],"line":29},"2":{"loc":{"start":{"line":36,"column":28},"end":{"line":36,"column":65}},"type":"binary-expr","locations":[{"start":{"line":36,"column":28},"end":{"line":36,"column":37}},{"start":{"line":36,"column":41},"end":{"line":36,"column":65}}],"line":36},"3":{"loc":{"start":{"line":46,"column":7},"end":{"line":50,"column":7}},"type":"binary-expr","locations":[{"start":{"line":46,"column":7},"end":{"line":46,"column":10}},{"start":{"line":47,"column":8},"end":{"line":49,"column":17}}],"line":46}},"s":{"0":4,"1":4,"2":4,"3":4,"4":1,"5":4},"f":{"0":4,"1":4},"b":{"0":[4],"1":[4],"2":[4,4],"3":[4,2]},"_coverageSchema":"1a1c01bbd47fc00a2c39e90264f33305004495a9","hash":"d89c17bf9fb0c5aade7776a65133f773789aebc1"}
,"/Users/theobarnes/Projects/comedy-app/src/components/TabScreenTemplate.tsx": {"path":"/Users/theobarnes/Projects/comedy-app/src/components/TabScreenTemplate.tsx","statementMap":{"0":{"start":{"line":15,"column":2},"end":{"line":27,"column":4}},"1":{"start":{"line":30,"column":15},"end":{"line":36,"column":2}}},"fnMap":{"0":{"name":"TabScreenTemplate","decl":{"start":{"line":14,"column":16},"end":{"line":14,"column":33}},"loc":{"start":{"line":14,"column":98},"end":{"line":28,"column":1}},"line":14}},"branchMap":{"0":{"loc":{"start":{"line":14,"column":43},"end":{"line":14,"column":67}},"type":"default-arg","locations":[{"start":{"line":14,"column":58},"end":{"line":14,"column":67}}],"line":14},"1":{"loc":{"start":{"line":19,"column":9},"end":{"line":23,"column":9}},"type":"binary-expr","locations":[{"start":{"line":19,"column":9},"end":{"line":19,"column":17}},{"start":{"line":20,"column":10},"end":{"line":22,"column":20}}],"line":19}},"s":{"0":4,"1":1},"f":{"0":4},"b":{"0":[4],"1":[4,1]},"_coverageSchema":"1a1c01bbd47fc00a2c39e90264f33305004495a9","hash":"7aa0789c257612816fae4b633f954c8d12e398f0"}
,"/Users/theobarnes/Projects/comedy-app/src/components/icons.ts": {"path":"/Users/theobarnes/Projects/comedy-app/src/components/icons.ts","statementMap":{},"fnMap":{},"branchMap":{},"s":{},"f":{},"b":{}}
,"/Users/theobarnes/Projects/comedy-app/src/components/layouts/AppTabScreenLayout.tsx": {"path":"/Users/theobarnes/Projects/comedy-app/src/components/layouts/AppTabScreenLayout.tsx","statementMap":{"0":{"start":{"line":53,"column":4},"end":{"line":62,"column":6}},"1":{"start":{"line":65,"column":2},"end":{"line":83,"column":3}},"2":{"start":{"line":66,"column":4},"end":{"line":82,"column":6}},"3":{"start":{"line":85,"column":2},"end":{"line":98,"column":3}},"4":{"start":{"line":86,"column":4},"end":{"line":97,"column":6}},"5":{"start":{"line":100,"column":2},"end":{"line":110,"column":4}},"6":{"start":{"line":113,"column":15},"end":{"line":133,"column":2}}},"fnMap":{"0":{"name":"AppTabScreenLayout","decl":{"start":{"line":33,"column":16},"end":{"line":33,"column":34}},"loc":{"start":{"line":51,"column":28},"end":{"line":111,"column":1}},"line":51}},"branchMap":{"0":{"loc":{"start":{"line":45,"column":2},"end":{"line":45,"column":21}},"type":"default-arg","locations":[{"start":{"line":45,"column":13},"end":{"line":45,"column":21}}],"line":45},"1":{"loc":{"start":{"line":46,"column":2},"end":{"line":46,"column":23}},"type":"default-arg","locations":[{"start":{"line":46,"column":18},"end":{"line":46,"column":23}}],"line":46},"2":{"loc":{"start":{"line":65,"column":2},"end":{"line":83,"column":3}},"type":"if","locations":[{"start":{"line":65,"column":2},"end":{"line":83,"column":3}},{"start":{},"end":{}}],"line":65},"3":{"loc":{"start":{"line":85,"column":2},"end":{"line":98,"column":3}},"type":"if","locations":[{"start":{"line":85,"column":2},"end":{"line":98,"column":3}},{"start":{},"end":{}}],"line":85}},"s":{"0":20,"1":20,"2":17,"3":3,"4":3,"5":0,"6":5},"f":{"0":20},"b":{"0":[0],"1":[17],"2":[17,3],"3":[3,0]},"_coverageSchema":"1a1c01bbd47fc00a2c39e90264f33305004495a9","hash":"e3009a721877efddb88757febe3c27b182cd608f"}
,"/Users/theobarnes/Projects/comedy-app/src/features/auth/AuthProvider.tsx": {"path":"/Users/theobarnes/Projects/comedy-app/src/features/auth/AuthProvider.tsx","statementMap":{"0":{"start":{"line":18,"column":23},"end":{"line":18,"column":59}},"1":{"start":{"line":22,"column":32},"end":{"line":22,"column":62}},"2":{"start":{"line":23,"column":26},"end":{"line":23,"column":53}},"3":{"start":{"line":24,"column":50},"end":{"line":24,"column":64}},"4":{"start":{"line":25,"column":32},"end":{"line":25,"column":47}},"5":{"start":{"line":28,"column":46},"end":{"line":28,"column":77}},"6":{"start":{"line":30,"column":38},"end":{"line":30,"column":72}},"7":{"start":{"line":31,"column":22},"end":{"line":31,"column":38}},"8":{"start":{"line":34,"column":20},"end":{"line":34,"column":32}},"9":{"start":{"line":35,"column":2},"end":{"line":40,"column":9}},"10":{"start":{"line":36,"column":4},"end":{"line":36,"column":29}},"11":{"start":{"line":37,"column":4},"end":{"line":39,"column":6}},"12":{"start":{"line":38,"column":6},"end":{"line":38,"column":32}},"13":{"start":{"line":43,"column":17},"end":{"line":43,"column":25}},"14":{"start":{"line":44,"column":23},"end":{"line":48,"column":4}},"15":{"start":{"line":46,"column":19},"end":{"line":46,"column":49}},"16":{"start":{"line":50,"column":18},"end":{"line":73,"column":59}},"17":{"start":{"line":51,"column":4},"end":{"line":51,"column":38}},"18":{"start":{"line":51,"column":20},"end":{"line":51,"column":38}},"19":{"start":{"line":52,"column":17},"end":{"line":52,"column":42}},"20":{"start":{"line":53,"column":4},"end":{"line":66,"column":5}},"21":{"start":{"line":56,"column":6},"end":{"line":64,"column":7}},"22":{"start":{"line":57,"column":8},"end":{"line":63,"column":10}},"23":{"start":{"line":65,"column":6},"end":{"line":65,"column":18}},"24":{"start":{"line":69,"column":4},"end":{"line":71,"column":5}},"25":{"start":{"line":70,"column":6},"end":{"line":70,"column":47}},"26":{"start":{"line":72,"column":4},"end":{"line":72,"column":16}},"27":{"start":{"line":78,"column":20},"end":{"line":78,"column":91}},"28":{"start":{"line":81,"column":2},"end":{"line":115,"column":20}},"29":{"start":{"line":82,"column":4},"end":{"line":95,"column":7}},"30":{"start":{"line":83,"column":6},"end":{"line":83,"column":37}},"31":{"start":{"line":83,"column":30},"end":{"line":83,"column":37}},"32":{"start":{"line":87,"column":6},"end":{"line":91,"column":7}},"33":{"start":{"line":88,"column":8},"end":{"line":88,"column":38}},"34":{"start":{"line":89,"column":8},"end":{"line":89,"column":35}},"35":{"start":{"line":90,"column":8},"end":{"line":90,"column":15}},"36":{"start":{"line":92,"column":6},"end":{"line":92,"column":20}},"37":{"start":{"line":93,"column":6},"end":{"line":93,"column":31}},"38":{"start":{"line":94,"column":6},"end":{"line":94,"column":33}},"39":{"start":{"line":99,"column":8},"end":{"line":112,"column":6}},"40":{"start":{"line":100,"column":6},"end":{"line":100,"column":37}},"41":{"start":{"line":100,"column":30},"end":{"line":100,"column":37}},"42":{"start":{"line":101,"column":6},"end":{"line":101,"column":20}},"43":{"start":{"line":102,"column":6},"end":{"line":102,"column":31}},"44":{"start":{"line":103,"column":6},"end":{"line":109,"column":7}},"45":{"start":{"line":105,"column":8},"end":{"line":105,"column":82}},"46":{"start":{"line":107,"column":8},"end":{"line":107,"column":32}},"47":{"start":{"line":108,"column":8},"end":{"line":108,"column":68}},"48":{"start":{"line":111,"column":6},"end":{"line":111,"column":31}},"49":{"start":{"line":111,"column":13},"end":{"line":111,"column":31}},"50":{"start":{"line":114,"column":4},"end":{"line":114,"column":44}},"51":{"start":{"line":114,"column":17},"end":{"line":114,"column":43}},"52":{"start":{"line":118,"column":26},"end":{"line":121,"column":8}},"53":{"start":{"line":119,"column":22},"end":{"line":119,"column":81}},"54":{"start":{"line":120,"column":4},"end":{"line":120,"column":27}},"55":{"start":{"line":120,"column":15},"end":{"line":120,"column":27}},"56":{"start":{"line":123,"column":27},"end":{"line":147,"column":8}},"57":{"start":{"line":124,"column":23},"end":{"line":128,"column":6}},"58":{"start":{"line":130,"column":28},"end":{"line":133,"column":6}},"59":{"start":{"line":135,"column":4},"end":{"line":135,"column":78}},"60":{"start":{"line":135,"column":28},"end":{"line":135,"column":78}},"61":{"start":{"line":137,"column":19},"end":{"line":137,"column":78}},"62":{"start":{"line":139,"column":4},"end":{"line":146,"column":5}},"63":{"start":{"line":140,"column":18},"end":{"line":140,"column":37}},"64":{"start":{"line":141,"column":19},"end":{"line":141,"column":47}},"65":{"start":{"line":142,"column":6},"end":{"line":145,"column":7}},"66":{
[...]
,"/Users/theobarnes/Projects/comedy-app/src/lib/api/profiles.ts": {"path":"/Users/theobarnes/Projects/comedy-app/src/lib/api/profiles.ts","statementMap":{"0":{"start":{"line":17,"column":26},"end":{"line":21,"column":18}},"1":{"start":{"line":22,"column":2},"end":{"line":22,"column":25}},"2":{"start":{"line":22,"column":13},"end":{"line":22,"column":25}},"3":{"start":{"line":23,"column":2},"end":{"line":23,"column":14}},"4":{"start":{"line":34,"column":2},"end":{"line":34,"column":68}}},"fnMap":{"0":{"name":"fetchProfile","decl":{"start":{"line":16,"column":22},"end":{"line":16,"column":34}},"loc":{"start":{"line":16,"column":80},"end":{"line":24,"column":1}},"line":16},"1":{"name":"updateProfileRole","decl":{"start":{"line":33,"column":22},"end":{"line":33,"column":39}},"loc":{"start":{"line":33,"column":87},"end":{"line":35,"column":1}},"line":33}},"branchMap":{"0":{"loc":{"start":{"line":22,"column":2},"end":{"line":22,"column":25}},"type":"if","locations":[{"start":{"line":22,"column":2},"end":{"line":22,"column":25}},{"start":{},"end":{}}],"line":22}},"s":{"0":0,"1":0,"2":0,"3":0,"4":0},"f":{"0":0,"1":0},"b":{"0":[0,0]}}
,"/Users/theobarnes/Projects/comedy-app/src/providers/AppProviders.tsx": {"path":"/Users/theobarnes/Projects/comedy-app/src/providers/AppProviders.tsx","statementMap":{"0":{"start":{"line":16,"column":2},"end":{"line":32,"column":4}}},"fnMap":{"0":{"name":"AppProviders","decl":{"start":{"line":15,"column":16},"end":{"line":15,"column":28}},"loc":{"start":{"line":15,"column":62},"end":{"line":33,"column":1}},"line":15}},"branchMap":{},"s":{"0":0},"f":{"0":0},"b":{}}
,"/Users/theobarnes/Projects/comedy-app/src/providers/OnboardingProvider.tsx": {"path":"/Users/theobarnes/Projects/comedy-app/src/providers/OnboardingProvider.tsx","statementMap":{"0":{"start":{"line":4,"column":23},"end":{"line":4,"column":44}},"1":{"start":{"line":8,"column":25},"end":{"line":8,"column":32}},"2":{"start":{"line":15,"column":33},"end":{"line":15,"column":83}},"3":{"start":{"line":20,"column":52},"end":{"line":22,"column":3}},"4":{"start":{"line":24,"column":2},"end":{"line":29,"column":9}},"5":{"start":{"line":25,"column":4},"end":{"line":25,"column":33}},"6":{"start":{"line":25,"column":26},"end":{"line":25,"column":33}},"7":{"start":{"line":26,"column":4},"end":{"line":28,"column":7}},"8":{"start":{"line":27,"column":6},"end":{"line":27,"column":45}},"9":{"start":{"line":31,"column":29},"end":{"line":36,"column":8}},"10":{"start":{"line":32,"column":4},"end":{"line":34,"column":5}},"11":{"start":{"line":33,"column":6},"end":{"line":33,"column":61}},"12":{"start":{"line":35,"column":4},"end":{"line":35,"column":31}},"13":{"start":{"line":38,"column":2},"end":{"line":42,"column":4}}},"fnMap":{"0":{"name":"OnboardingProvider","decl":{"start":{"line":17,"column":16},"end":{"line":17,"column":34}},"loc":{"start":{"line":17,"column":68},"end":{"line":43,"column":1}},"line":17},"1":{"name":"(anonymous_1)","decl":{"start":{"line":24,"column":12},"end":{"line":24,"column":13}},"loc":{"start":{"line":24,"column":18},"end":{"line":29,"column":3}},"line":24},"2":{"name":"(anonymous_2)","decl":{"start":{"line":26,"column":50},"end":{"line":26,"column":51}},"loc":{"start":{"line":26,"column":61},"end":{"line":28,"column":5}},"line":26},"3":{"name":"(anonymous_3)","decl":{"start":{"line":31,"column":41},"end":{"line":31,"column":42}},"loc":{"start":{"line":31,"column":53},"end":{"line":36,"column":3}},"line":31}},"branchMap":{"0":{"loc":{"start":{"line":21,"column":4},"end":{"line":21,"column":35}},"type":"cond-expr","locations":[{"start":{"line":21,"column":23},"end":{"line":21,"column":28}},{"start":{"line":21,"column":31},"end":{"line":21,"column":35}}],"line":21},"1":{"loc":{"start":{"line":25,"column":4},"end":{"line":25,"column":33}},"type":"if","locations":[{"start":{"line":25,"column":4},"end":{"line":25,"column":33}},{"start":{},"end":{}}],"line":25},"2":{"loc":{"start":{"line":32,"column":4},"end":{"line":34,"column":5}},"type":"if","locations":[{"start":{"line":32,"column":4},"end":{"line":34,"column":5}},{"start":{},"end":{}}],"line":32}},"s":{"0":3,"1":3,"2":3,"3":7,"4":7,"5":5,"6":5,"7":0,"8":0,"9":7,"10":2,"11":0,"12":2,"13":7},"f":{"0":7,"1":5,"2":0,"3":2},"b":{"0":[7,0],"1":[5,0],"2":[0,2]},"_coverageSchema":"1a1c01bbd47fc00a2c39e90264f33305004495a9","hash":"b96c167214fdaedd62f68bc50bfbe942aa9cc9fb"}
,"/Users/theobarnes/Projects/comedy-app/src/providers/ThemeProvider.tsx": {"path":"/Users/theobarnes/Projects/comedy-app/src/providers/ThemeProvider.tsx","statementMap":{"0":{"start":{"line":26,"column":18},"end":{"line":26,"column":30}},"1":{"start":{"line":42,"column":21},"end":{"line":42,"column":66}},"2":{"start":{"line":55,"column":20},"end":{"line":55,"column":36}},"3":{"start":{"line":56,"column":41},"end":{"line":56,"column":81}},"4":{"start":{"line":57,"column":22},"end":{"line":57,"column":35}},"5":{"start":{"line":58,"column":41},"end":{"line":58,"column":85}},"6":{"start":{"line":59,"column":38},"end":{"line":59,"column":67}},"7":{"start":{"line":64,"column":2},"end":{"line":84,"column":20}},"8":{"start":{"line":66,"column":4},"end":{"line":66,"column":36}},"9":{"start":{"line":66,"column":29},"end":{"line":66,"column":36}},"10":{"start":{"line":68,"column":20},"end":{"line":68,"column":25}},"11":{"start":{"line":69,"column":4},"end":{"line":80,"column":9}},"12":{"start":{"line":71,"column":8},"end":{"line":73,"column":9}},"13":{"start":{"line":72,"column":10},"end":{"line":72,"column":36}},"14":{"start":{"line":76,"column":8},"end":{"line":76,"column":83}},"15":{"start":{"line":76,"column":21},"end":{"line":76,"column":83}},"16":{"start":{"line":79,"column":8},"end":{"line":79,"column":44}},"17":{"start":{"line":79,"column":24},"end":{"line":79,"column":44}},"18":{"start":{"line":81,"column":4},"end":{"line":83,"column":6}},"19":{"start":{"line":82,"column":6},"end":{"line":82,"column":23}},"20":{"start":{"line":86,"column":23},"end":{"line":93,"column":8}},"21":{"start":{"line":87,"column":4},"end":{"line":87,"column":28}},"22":{"start":{"line":88,"column":4},"end":{"line":92,"column":5}},"23":{"start":{"line":89,"column":6},"end":{"line":89,"column":51}},"24":{"start":{"line":91,"column":6},"end":{"line":91,"column":54}},"25":{"start":{"line":95,"column":40},"end":{"line":95,"column":89}},"26":{"start":{"line":97,"column":16},"end":{"line":107,"column":3}},"27":{"start":{"line":98,"column":11},"end":{"line":105,"column":5}},"28":{"start":{"line":109,"column":16},"end":{"line":112,"column":3}},"29":{"start":{"line":110,"column":11},"end":{"line":110,"column":70}},"30":{"start":{"line":114,"column":2},"end":{"line":114,"column":81}},"31":{"start":{"line":124,"column":14},"end":{"line":124,"column":38}},"32":{"start":{"line":125,"column":2},"end":{"line":127,"column":3}},"33":{"start":{"line":126,"column":4},"end":{"line":126,"column":68}},"34":{"start":{"line":128,"column":2},"end":{"line":128,"column":13}}},"fnMap":{"0":{"name":"ThemeProvider","decl":{"start":{"line":54,"column":16},"end":{"line":54,"column":29}},"loc":{"start":{"line":54,"column":77},"end":{"line":115,"column":1}},"line":54},"1":{"name":"(anonymous_1)","decl":{"start":{"line":64,"column":12},"end":{"line":64,"column":13}},"loc":{"start":{"line":64,"column":18},"end":{"line":84,"column":3}},"line":64},"2":{"name":"(anonymous_2)","decl":{"start":{"line":70,"column":12},"end":{"line":70,"column":13}},"loc":{"start":{"line":70,"column":24},"end":{"line":74,"column":7}},"line":70},"3":{"name":"(anonymous_3)","decl":{"start":{"line":75,"column":13},"end":{"line":75,"column":14}},"loc":{"start":{"line":75,"column":22},"end":{"line":77,"column":7}},"line":75},"4":{"name":"(anonymous_4)","decl":{"start":{"line":78,"column":15},"end":{"line":78,"column":16}},"loc":{"start":{"line":78,"column":21},"end":{"line":80,"column":7}},"line":78},"5":{"name":"(anonymous_5)","decl":{"start":{"line":81,"column":11},"end":{"line":81,"column":12}},"loc":{"start":{"line":81,"column":17},"end":{"line":83,"column":5}},"line":81},"6":{"name":"(anonymous_6)","decl":{"start":{"line":86,"column":35},"end":{"line":86,"column":36}},"loc":{"start":{"line":86,"column":62},"end":{"line":93,"column":3}},"line":86},"7":{"name":"(anonymous_7)","decl":{"start":{"line":98,"column":4},"end":{"line":98,"column":5}},"loc":{"start":{"line":98,"column":11},"end":{"line":105,"column":5}},"line":98},"8":{"name":"(anonymous_8)","decl":{"start":{"line":110,"column":4},"end":{"line":110,"column":5}},"loc":{"start":{"line":110,"column":11},"end":{"line":110,"column":70}},"line":110},"9":{"name":"useTheme","decl":{"start":{"line":123,"column":16},"end":{"line":123,"column":24}},"loc":{"start":{"line":123,"column":46},"end":{"line":129,"column":1}},"line":123}},"branchMap":{"0":{"loc":{"start":{"line":56,"column":41},"end":{"line":56,"column":81}},"type":"cond-expr","locations":[{"start":{"line":56,"column":65},"end":{"line":56,"column":72}},{"start":{"line":56,"column":75},"end":{"line":56,"column":81}}],"line":56},"1":{"loc":{"start":{"line":58,"column":61},"end":{"line":58,"column":84}},"type":"binary-expr","locations":[{"start":{"line":58,"column":61},"end":{"line":58,"column":72}},{"start":{"line":58,"column":76},"end":{"line":58,"column":84}}],"line":58},"2":{"loc":{"start":{"line":66,"column":4},"end":{"line":66,"column":36}},"type":"if","locations":[{"start":{"line":66,"column":4},"end":{"line":66,"column":36}},{"start":{},"end":{}}],"line":66},"3":{"loc":{"start":{"line":71,"column":8},"end":{"line":73,"column":9}},"type":"if","locations":[{"start":{"line":71,"column":8},"end":{"line":73,"column":9}},{"start":{},"end":{}}],"line":71},"4":{"loc":{"start":{"line":71,"column":12},"end":{"line":71,"column":90}},"type":"binary-expr","locations":[{"start":{"line":71,"column":12},"end":{"line":71,"column":22}},{"start":{"line":71,"column":27},"end":{"line":71,"column":45}},{"start":{"line":71,"column":49},"end":{"line":71,"column":66}},{"start":{"line":71,"column":70},"end":{"line":71,"column":89}}],"line":71},"5":{"loc":{"start":{"line":76,"column":8},"end":{"line":76,"column":83}},"type":"if","locations":[{"start":{"line":76,"column":8},"end":{"line":76,"column":83}},{"start":{},"end":{}}],"line":76},"6":{"loc":{"start":{"line":79,"column":8},"end":{"line":79,"column":44}},"type":"if","locations":[{"start":{"line":79,"column":8},"end":{"line":79,"column":44}},{"start":{},"end":{}}],"line":79},"7":{"loc":{"start":{"line":88,"column":4},"end":{"line":92,"column":5}},"type":"if","locations":[{"start":{"line":88,"column":4},"end":{"line":92,"column":5}},{"start":{"line":90,"column":11},"end":{"line":92,"column":5}}],"line":88},"8":{"loc":{"start":{"line":95,"column":40},"end":{"line":95,"column":89}},"type":"cond-expr","locations":[{"start":{"line":95,"column":65},"end":{"line":95,"column":77}},{"start":{"line":95,"column":80},"end":{"line":95,"column":89}}],"line":95},"9":{"loc":{"start":{"line":99,"column":14},"end":{"line":99,"column":63}},"type":"cond-expr","locations":[{"start":{"line":99,"column":39},"end":{"line":99,"column":49}},{"start":{"line":99,"column":52},"end":{"line":99,"column":63}}],"line":99},"10":{"loc":{"start":{"line":125,"column":2},"end":{"line":127,"column":3}},"type":"if","locations":[{"start":{"line":125,"column":2},"end":{"line":127,"column":3}},{"start":{},"end":{}}],"line":125}},"s":{"0":43,"1":43,"2":178,"3":178,"4":178,"5":178,"6":178,"7":178,"8":174,"9":174,"10":0,"11":0,"12":0,"13":0,"14":0,"15":0,"16":0,"17":0,"18":0,"19":0,"20":178,"21":1,"22":1,"23":0,"24":1,"25":178,"26":178,"27":177,"28":178,"29":177,"30":178,"31":6437,"32":6437,"33":0,"34":6437},"f":{"0":178,"1":174,"2":0,"3":0,"4":0,"5":0,"6":1,"7":177,"8":177,"9":6437},"b":{"0":[178,0],"1":[178,0],"2":[174,0],"3":[0,0],"4":[0,0,0,0],"5":[0,0],"6":[0,0],"7":[0,1],"8":[164,14],"9":[7,170],"10":[0,6437]},"_coverageSchema":"1a1c01bbd47fc00a2c39e90264f33305004495a9","hash":"0b6dded8a783a528a484293e1b131257b0140204"}
,"/Users/theobarnes/Projects/comedy-app/src/theme/FontRegister.ts": {"path":"/Users/theobarnes/Projects/comedy-app/src/theme/FontRegister.ts","statementMap":{"0":{"start":{"line":11,"column":28},"end":{"line":20,"column":10}},"1":{"start":{"line":48,"column":2},"end":{"line":59,"column":3}},"2":{"start":{"line":49,"column":4},"end":{"line":58,"column":6}},"3":{"start":{"line":61,"column":2},"end":{"line":70,"column":4}},"4":{"start":{"line":74,"column":18},"end":{"line":74,"column":49}},"5":{"start":{"line":75,"column":2},"end":{"line":85,"column":4}},"6":{"start":{"line":89,"column":35},"end":{"line":98,"column":4}},"7":{"start":{"line":100,"column":2},"end":{"line":102,"column":3}},"8":{"start":{"line":101,"column":4},"end":{"line":101,"column":72}},"9":{"start":{"line":104,"column":2},"end":{"line":104,"column":21}},"10":{"start":{"line":111,"column":2},"end":{"line":113,"column":3}},"11":{"start":{"line":112,"column":4},"end":{"line":112,"column":21}},"12":{"start":{"line":115,"column":2},"end":{"line":117,"column":3}},"13":{"start":{"line":116,"column":4},"end":{"line":116,"column":33}},"14":{"start":{"line":119,"column":2},"end":{"line":121,"column":3}},"15":{"start":{"line":120,"column":4},"end":{"line":120,"column":30}},"16":{"start":{"line":123,"column":17},"end":{"line":123,"column":81}},"17":{"start":{"line":124,"column":2},"end":{"line":141,"column":3}},"18":{"start":{"line":129,"column":6},"end":{"line":129,"column":35}},"19":{"start":{"line":131,"column":6},"end":{"line":131,"column":34}},"20":{"start":{"line":133,"column":6},"end":{"line":133,"column":36}},"21":{"start":{"line":135,"column":6},"end":{"line":135,"column":32}},"22":{"start":{"line":138,"column":6},"end":{"line":138,"column":37}},"23":{"start":{"line":140,"column":6},"end":{"line":140,"column":23}}},"fnMap":{"0":{"name":"buildFontFamilyMap","decl":{"start":{"line":47,"column":9},"end":{"line":47,"column":27}},"loc":{"start":{"line":47,"column":63},"end":{"line":71,"column":1}},"line":47},"1":{"name":"createRegisteredFontFamilies","decl":{"start":{"line":73,"column":16},"end":{"line":73,"column":44}},"loc":{"start":{"line":73,"column":91},"end":{"line":86,"column":1}},"line":73},"2":{"name":"useAppFonts","decl":{"start":{"line":88,"column":16},"end":{"line":88,"column":27}},"loc":{"start":{"line":88,"column":30},"end":{"line":105,"column":1}},"line":88},"3":{"name":"resolveFontWeightFamily","decl":{"start":{"line":107,"column":16},"end":{"line":107,"column":39}},"loc":{"start":{"line":110,"column":2},"end":{"line":142,"column":1}},"line":110}},"branchMap":{"0":{"loc":{"start":{"line":48,"column":2},"end":{"line":59,"column":3}},"type":"if","locations":[{"start":{"line":48,"column":2},"end":{"line":59,"column":3}},{"start":{},"end":{}}],"line":48},"1":{"loc":{"start":{"line":100,"column":2},"end":{"line":102,"column":3}},"type":"if","locations":[{"start":{"line":100,"column":2},"end":{"line":102,"column":3}},{"start":{},"end":{}}],"line":100},"2":{"loc":{"start":{"line":100,"column":6},"end":{"line":100,"column":26}},"type":"binary-expr","locations":[{"start":{"line":100,"column":6},"end":{"line":100,"column":13}},{"start":{"line":100,"column":17},"end":{"line":100,"column":26}}],"line":100},"3":{"loc":{"start":{"line":111,"column":2},"end":{"line":113,"column":3}},"type":"if","locations":[{"start":{"line":111,"column":2},"end":{"line":113,"column":3}},{"start":{},"end":{}}],"line":111},"4":{"loc":{"start":{"line":111,"column":6},"end":{"line":111,"column":53}},"type":"binary-expr","locations":[{"start":{"line":111,"column":6},"end":{"line":111,"column":30}},{"start":{"line":111,"column":34},"end":{"line":111,"column":53}}],"line":111},"5":{"loc":{"start":{"line":115,"column":2},"end":{"line":117,"column":3}},"type":"if","locations":[{"start":{"line":115,"column":2},"end":{"line":117,"column":3}},{"start":{},"end":{}}],"line":115},"6":{"loc":{"start":{"line":119,"column":2},"end":{"line":121,"column":3}},"type":"if","locations":[{"start":{"line":119,"column":2},"end":{"line":121,"column":3}},{"start":{},"end":{}}],"line":119},"7":{"loc":{"start":{"line":123,"column":17},"end":{"line":123,"column":81}},"type":"cond-expr","locations":[{"start":{"line":123,"column":50},"end":{"line":123,"column":68}},{"start":{"line":123,"column":71},"end":{"line":123,"column":81}}],"line":123},"8":{"loc":{"start":{"line":124,"column":2},"end":{"line":141,"column":3}},"type":"switch","locations":[{"start":{"line":125,"column":4},"end":{"line":125,"column":15}},{"start":{"line":126,"column":4},"end":{"line":126,"column":15}},{"start":{"line":127,"column":4},"end":{"line":127,"column":15}},{"start":{"line":128,"column":4},"end":{"line":129,"column":35}},{"start":{"line":130,"column":4},"end":{"line":131,"column":34}},{"start":{"line":132,"column":4},"end":{"line":133,"column":36}},{"start":{"line":134,"column":4},"end":{"line":135,"column":32}},{"start":{"line":136,"column":4},"end":{"line":136,"column":15}},{"start":{"line":137,"column":4},"end":{"line":138,"column":37}},{"start":{"line":139,"column":4},"end":{"line":140,"column":23}}],"line":124}},"s":{"0":43,"1":220,"2":43,"3":177,"4":220,"5":220,"6":178,"7":178,"8":0,"9":178,"10":2187,"11":816,"12":1371,"13":0,"14":1371,"15":0,"16":1371,"17":1371,"18":143,"19":99,"20":807,"21":322,"22":0,"23":0},"f":{"0":220,"1":220,"2":178,"3":2187},"b":{"0":[43,177],"1":[0,178],"2":[178,178],"3":[816,1371],"4":[2187,1371],"5":[0,1371],"6":[0,1371],"7":[0,1371],"8":[0,0,111,143,99,807,322,0,0,0]},"_coverageSchema":"1a1c01bbd47fc00a2c39e90264f33305004495a9","hash":"0af320c7be0b367f42d598cec9c2b6bec703007f"}
,"/Users/theobarnes/Projects/comedy-app/src/theme/index.ts": {"path":"/Users/theobarnes/Projects/comedy-app/src/theme/index.ts","statementMap":{},"fnMap":{},"branchMap":{},"s":{},"f":{},"b":{},"_coverageSchema":"1a1c01bbd47fc00a2c39e90264f33305004495a9","hash":"f3f9791df056ec0e8f476773aa5bb7bab16742da"}
,"/Users/theobarnes/Projects/comedy-app/src/theme/scale.ts": {"path":"/Users/theobarnes/Projects/comedy-app/src/theme/scale.ts","statementMap":{"0":{"start":{"line":8,"column":23},"end":{"line":29,"column":11}}},"fnMap":{},"branchMap":{},"s":{"0":43},"f":{},"b":{},"_coverageSchema":"1a1c01bbd47fc00a2c39e90264f33305004495a9","hash":"e207b05d759eb46b3285bbba904c09f22a417bf9"}
,"/Users/theobarnes/Projects/comedy-app/src/theme/tokens.ts": {"path":"/Users/theobarnes/Projects/comedy-app/src/theme/tokens.ts","statementMap":{"0":{"start":{"line":10,"column":39},"end":{"line":54,"column":1}},"1":{"start":{"line":61,"column":40},"end":{"line":104,"column":1}},"2":{"start":{"line":106,"column":23},"end":{"line":112,"column":1}},"3":{"start":{"line":114,"column":21},"end":{"line":119,"column":1}},"4":{"start":{"line":125,"column":30},"end":{"line":137,"column":10}},"5":{"start":{"line":139,"column":24},"end":{"line":147,"column":10}},"6":{"start":{"line":149,"column":32},"end":{"line":152,"column":2}},"7":{"start":{"line":149,"column":59},"end":{"line":152,"column":1}},"8":{"start":{"line":154,"column":26},"end":{"line":154,"column":49}}},"fnMap":{"0":{"name":"(anonymous_0)","decl":{"start":{"line":149,"column":32},"end":{"line":149,"column":33}},"loc":{"start":{"line":149,"column":59},"end":{"line":152,"column":1}},"line":149}},"branchMap":{},"s":{"0":43,"1":43,"2":43,"3":43,"4":43,"5":43,"6":43,"7":220,"8":43},"f":{"0":220},"b":{},"_coverageSchema":"1a1c01bbd47fc00a2c39e90264f33305004495a9","hash":"5392cf7f7445b71560e07bb6e2aea97ad90b72f3"}
,"/Users/theobarnes/Projects/comedy-app/src/theme/types.ts": {"path":"/Users/theobarnes/Projects/comedy-app/src/theme/types.ts","statementMap":{},"fnMap":{},"branchMap":{},"s":{},"f":{},"b":{}}
,"/Users/theobarnes/Projects/comedy-app/src/types/index.ts": {"path":"/Users/theobarnes/Projects/comedy-app/src/types/index.ts","statementMap":{},"fnMap":{},"branchMap":{},"s":{},"f":{},"b":{}}
}
