TN:
SF:__tests__/utils/renderWithTheme.tsx
FN:11,AllProviders
FN:21,renderWithTheme
FN:27,(anonymous_2)
FNF:3
FNH:3
FNDA:176,AllProviders
FNDA:173,renderWithTheme
FNDA:176,(anonymous_2)
DA:18,176
DA:25,173
DA:27,173
DA:28,176
DA:30,173
LF:5
LH:5
BRDA:23,0,0,161
BRDA:25,1,0,173
BRDA:25,1,1,161
BRF:3
BRH:3
end_of_record
TN:
SF:app/_layout.tsx
FN:17,RootLayout
FN:28,RootNavigator
FN:35,(anonymous_2)
FNF:3
FNH:0
FNDA:0,RootLayout
FNDA:0,RootNavigator
FNDA:0,(anonymous_2)
DA:12,0
DA:15,0
DA:18,0
DA:29,0
DA:30,0
DA:31,0
DA:33,0
DA:35,0
DA:36,0
DA:39,0
DA:40,0
DA:41,0
DA:42,0
DA:44,0
LF:14
LH:0
BRDA:33,0,0,0
BRDA:33,0,1,0
BRDA:33,0,2,0
BRDA:36,1,0,0
BRDA:36,1,1,0
BRDA:39,2,0,0
BRDA:39,2,1,0
BRDA:39,2,2,0
BRDA:40,3,0,0
BRDA:40,3,1,0
BRDA:40,3,2,0
BRDA:42,4,0,0
BRDA:42,4,1,0
BRF:13
BRH:0
end_of_record
TN:
SF:app/discover-search.tsx
FN:5,DiscoverSearchScreen
FN:15,(anonymous_1)
FNF:2
FNH:0
FNDA:0,DiscoverSearchScreen
FNDA:0,(anonymous_1)
DA:6,0
DA:8,0
DA:15,0
LF:3
LH:0
BRF:0
BRH:0
end_of_record
TN:
SF:app/map.tsx
FN:14,MapScreen
FN:35,(anonymous_1)
FN:76,(anonymous_2)
FNF:3
FNH:0
FNDA:0,MapScreen
FNDA:0,(anonymous_1)
FNDA:0,(anonymous_2)
DA:12,0
DA:15,0
DA:16,0
DA:18,0
DA:36,0
DA:76,0
DA:77,0
LF:7
LH:0
BRDA:39,0,0,0
BRDA:39,0,1,0
BRDA:43,1,0,0
BRDA:43,1,1,0
BRF:4
BRH:0
end_of_record
TN:
SF:app/(auth)/_layout.tsx
FN:3,AuthLayout
FNF:1
FNH:0
FNDA:0,AuthLayout
DA:4,0
LF:1
LH:0
BRF:0
BRH:0
end_of_record
TN:
SF:app/(auth)/auth-callback.tsx
FN:18,sanitizeCode
FN:23,AuthCallbackScreen
FN:41,(anonymous_2)
FN:45,(anonymous_3)
FN:49,(anonymous_4)
FN:65,(anonymous_5)
FN:81,(anonymous_6)
FNF:7
FNH:0
FNDA:0,sanitizeCode
FNDA:0,AuthCallbackScreen
FNDA:0,(anonymous_2)
FNDA:0,(anonymous_3)
FNDA:0,(anonymous_4)
FNDA:0,(anonymous_5)
FNDA:0,(anonymous_6)
DA:16,0
DA:19,0
DA:20,0
DA:24,0
DA:25,0
DA:26,0
DA:27,0
DA:28,0
DA:29,0
DA:31,0
DA:35,0
DA:39,0
DA:41,0
DA:42,0
DA:43,0
DA:44,0
DA:52,0
DA:56,0
DA:57,0
DA:65,0
DA:71,0
DA:81,0
DA:82,0
LF:23
LH:0
BRDA:19,0,0,0
BRDA:19,0,1,0
BRDA:20,1,0,0
BRDA:20,1,1,0
BRDA:20,2,0,0
BRDA:20,2,1,0
BRDA:39,3,0,0
BRDA:39,3,1,0
BRDA:42,4,0,0
BRDA:42,4,1,0
BRDA:42,5,0,0
BRDA:42,5,1,0
BRDA:56,6,0,0
BRDA:56,6,1,0
BRF:14
BRH:0
end_of_record
TN:
SF:app/(auth)/forgot-password.tsx
FN:23,ForgotPasswordScreen
FN:29,(anonymous_1)
FN:41,(anonymous_2)
FN:65,(anonymous_3)
FN:73,(anonymous_4)
FN:104,(anonymous_5)
FNF:6
FNH:0
FNDA:0,ForgotPasswordScreen
FNDA:0,(anonymous_1)
FNDA:0,(anonymous_2)
FNDA:0,(anonymous_3)
FNDA:0,(anonymous_4)
FNDA:0,(anonymous_5)
DA:24,0
DA:25,0
DA:26,0
DA:27,0
DA:29,0
DA:35,0
DA:40,0
DA:42,0
DA:43,0
DA:48,0
DA:65,0
DA:74,0
DA:104,0
DA:105,0
LF:14
LH:0
BRDA:59,0,0,0
BRDA:59,0,1,0
BRF:2
BRH:0
end_of_record
TN:
SF:app/(auth)/index.tsx
FN:8,AuthIndex
FNF:1
FNH:0
FNDA:0,AuthIndex
DA:9,0
DA:10,0
DA:11,0
DA:13,0
LF:4
LH:0
BRDA:10,0,0,0
BRDA:10,0,1,0
BRDA:10,1,0,0
BRDA:10,1,1,0
BRF:4
BRH:0
end_of_record
TN:
SF:app/(auth)/select-role.tsx
FN:17,SelectRoleScreen
FN:25,(anonymous_1)
FN:60,(anonymous_2)
FNF:3
FNH:0
FNDA:0,SelectRoleScreen
FNDA:0,(anonymous_1)
FNDA:0,(anonymous_2)
DA:18,0
DA:19,0
DA:20,0
DA:21,0
DA:22,0
DA:23,0
DA:25,0
DA:26,0
DA:27,0
DA:28,0
DA:29,0
DA:32,0
DA:34,0
DA:38,0
DA:60,0
DA:61,0
LF:16
LH:0
BRF:0
BRH:0
end_of_record
TN:
SF:app/(auth)/sign-in.tsx
FN:32,SignInScreen
FN:38,(anonymous_1)
FN:57,(anonymous_2)
FN:92,(anonymous_3)
FN:113,(anonymous_4)
FN:178,(anonymous_5)
FNF:6
FNH:0
FNDA:0,SignInScreen
FNDA:0,(anonymous_1)
FNDA:0,(anonymous_2)
FNDA:0,(anonymous_3)
FNDA:0,(anonymous_4)
FNDA:0,(anonymous_5)
DA:29,0
DA:30,0
DA:33,0
DA:34,0
DA:35,0
DA:36,0
DA:38,0
DA:39,0
DA:44,0
DA:45,0
DA:51,0
DA:56,0
DA:58,0
DA:59,0
DA:60,0
DA:61,0
DA:62,0
DA:65,0
DA:66,0
DA:67,0
DA:68,0
DA:74,0
DA:75,0
DA:77,0
DA:93,0
DA:114,0
DA:178,0
DA:179,0
LF:28
LH:0
BRDA:68,0,0,0
BRDA:68,0,1,0
BRDA:75,1,0,0
BRDA:75,1,1,0
BRDA:134,2,0,0
BRDA:134,2,1,0
BRF:6
BRH:0
end_of_record
TN:
SF:app/(auth)/sign-up.tsx
FN:29,SignUpScreen
FN:42,(anonymous_1)
FN:54,(anonymous_2)
FN:85,(anonymous_3)
FN:104,(anonymous_4)
FN:125,(anonymous_5)
FN:179,(anonymous_6)
FNF:7
FNH:0
FNDA:0,SignUpScreen
FNDA:0,(anonymous_1)
FNDA:0,(anonymous_2)
FNDA:0,(anonymous_3)
FNDA:0,(anonymous_4)
FNDA:0,(anonymous_5)
FNDA:0,(anonymous_6)
DA:30,0
DA:31,0
DA:32,0
DA:33,0
DA:34,0
DA:36,0
DA:42,0
DA:48,0
DA:53,0
DA:55,0
DA:56,0
DA:57,0
DA:58,0
DA:60,0
DA:61,0
DA:67,0
DA:86,0
DA:105,0
DA:126,0
DA:179,0
DA:180,0
LF:21
LH:0
BRDA:60,0,0,0
BRDA:60,0,1,0
BRF:2
BRH:0
end_of_record
TN:
SF:app/(auth)/verify-email.tsx
FN:6,VerifyEmailScreen
FN:17,(anonymous_1)
FNF:2
FNH:0
FNDA:0,VerifyEmailScreen
FNDA:0,(anonymous_1)
DA:7,0
DA:9,0
DA:17,0
LF:3
LH:0
BRF:0
BRH:0
end_of_record
TN:
SF:app/(onboarding)/_layout.tsx
FN:3,OnboardingLayout
FNF:1
FNH:0
FNDA:0,OnboardingLayout
DA:4,0
LF:1
LH:0
BRF:0
BRH:0
end_of_record
TN:
SF:app/(onboarding)/index.tsx
FN:41,OnboardingScreen
FN:53,(anonymous_1)
FN:83,(anonymous_2)
FN:86,(anonymous_3)
FN:93,(anonymous_4)
FN:95,(anonymous_5)
FN:109,(anonymous_6)
FN:117,(anonymous_7)
FN:123,(anonymous_8)
FN:135,(anonymous_9)
FN:149,(anonymous_10)
FN:164,(anonymous_11)
FN:178,(anonymous_12)
FN:185,(anonymous_13)
FN:194,(anonymous_14)
FN:208,(anonymous_15)
FNF:16
FNH:11
FNDA:2,OnboardingScreen
FNDA:2,(anonymous_1)
FNDA:1,(anonymous_2)
FNDA:3,(anonymous_3)
FNDA:1,(anonymous_4)
FNDA:3,(anonymous_5)
FNDA:1,(anonymous_6)
FNDA:0,(anonymous_7)
FNDA:0,(anonymous_8)
FNDA:6,(anonymous_9)
FNDA:0,(anonymous_10)
FNDA:0,(anonymous_11)
FNDA:7,(anonymous_12)
FNDA:0,(anonymous_13)
FNDA:6,(anonymous_14)
FNDA:2,(anonymous_15)
DA:21,1
DA:33,1
DA:36,1
DA:37,1
DA:38,1
DA:39,1
DA:42,2
DA:43,2
DA:44,2
DA:46,2
DA:47,2
DA:49,2
DA:52,2
DA:53,2
DA:82,2
DA:84,1
DA:86,3
DA:93,2
DA:94,1
DA:96,3
DA:109,2
DA:110,1
DA:111,0
DA:112,0
DA:113,0
DA:117,2
DA:118,0
DA:119,0
DA:122,2
DA:124,0
DA:125,0
DA:126,0
DA:128,0
DA:134,2
DA:136,6
DA:149,0
DA:163,2
DA:165,0
DA:166,0
DA:172,2
DA:178,7
DA:185,0
DA:195,6
DA:208,1
DA:209,2
LF:45
LH:32
BRDA:86,0,0,1
BRDA:86,0,1,2
BRDA:97,1,0,1
BRDA:97,1,1,2
BRDA:110,2,0,0
BRDA:110,2,1,1
BRDA:110,3,0,1
BRDA:110,3,1,0
BRDA:124,4,0,0
BRDA:124,4,1,0
BRDA:150,5,0,2
BRDA:150,5,1,4
BRDA:165,6,0,0
BRDA:165,6,1,0
BRDA:198,7,0,2
BRDA:198,7,1,4
BRF:16
BRH:10
end_of_record
TN:
SF:app/(tabs)/_layout.tsx
FN:10,tabIcon
FN:11,(anonymous_1)
FN:16,TabsLayout
FNF:3
FNH:0
FNDA:0,tabIcon
FNDA:0,(anonymous_1)
FNDA:0,TabsLayout
DA:11,0
DA:12,0
DA:17,0
DA:18,0
DA:19,0
LF:5
LH:0
BRDA:12,0,0,0
BRDA:12,0,1,0
BRF:2
BRH:0
end_of_record
TN:
SF:app/(tabs)/index.tsx
FNF:0
FNH:0
LF:0
LH:0
BRF:0
BRH:0
end_of_record
TN:
SF:app/(tabs)/profile.tsx
FN:12,ProfileScreen
FN:27,(anonymous_1)
FN:32,(anonymous_2)
FN:35,(anonymous_3)
FN:57,(anonymous_4)
FNF:5
FNH:0
FNDA:0,ProfileScreen
FNDA:0,(anonymous_1)
FNDA:0,(anonymous_2)
FNDA:0,(anonymous_3)
FNDA:0,(anonymous_4)
DA:10,0
DA:13,0
DA:14,0
DA:16,0
DA:28,0
DA:29,0
DA:33,0
DA:35,0
DA:57,0
DA:58,0
LF:10
LH:0
BRDA:18,0,0,0
BRDA:18,0,1,0
BRDA:37,1,0,0
BRDA:37,1,1,0
BRDA:38,2,0,0
BRDA:38,2,1,0
BRDA:43,3,0,0
BRDA:43,3,1,0
BRF:8
BRH:0
end_of_record
TN:
SF:app/(tabs)/saved.tsx
FN:3,SavedScreen
FNF:1
FNH:0
FNDA:0,SavedScreen
DA:4,0
LF:1
LH:0
BRF:0
BRH:0
end_of_record
TN:
SF:app/(tabs)/search.tsx
FNF:0
FNH:0
LF:0
LH:0
BRF:0
BRH:0
end_of_record
TN:
SF:src/components/AppText.tsx
FN:14,AppText
FN:62,(anonymous_1)
FNF:2
FNH:2
FNDA:2187,AppText
FNDA:2182,(anonymous_1)
DA:21,2187
DA:22,2187
DA:23,2187
DA:24,2187
DA:25,2187
DA:31,2187
DA:39,2187
DA:40,2187
DA:46,2187
DA:62,37
DA:63,2182
LF:11
LH:11
BRDA:16,0,0,10
BRDA:17,1,0,1541
BRDA:31,2,0,26
BRDA:31,2,1,2161
BRDA:31,3,0,2187
BRDA:31,3,1,2180
BRDA:33,4,0,106
BRDA:33,4,1,2055
BRDA:35,5,0,1548
BRDA:35,5,1,507
BRDA:35,6,0,2055
BRDA:35,6,1,561
BRDA:39,7,0,2187
BRDA:39,7,1,2180
BRDA:39,7,2,2161
BRDA:40,8,0,0
BRDA:40,8,1,2187
BRDA:42,9,0,132
BRDA:42,9,1,2055
BRDA:44,10,0,2055
BRDA:44,10,1,785
BRDA:51,11,0,2187
BRDA:51,11,1,646
BRDA:52,12,0,2187
BRDA:52,12,1,0
BRF:25
BRH:23
end_of_record
TN:
SF:src/components/BackButton.tsx
FN:13,BackButton
FN:16,(anonymous_1)
FNF:2
FNH:2
FNDA:2,BackButton
FNDA:1,(anonymous_1)
DA:14,2
DA:15,2
DA:16,1
DA:22,1
LF:4
LH:4
BRDA:16,0,0,2
BRDA:16,0,1,1
BRF:2
BRH:2
end_of_record
TN:
SF:src/components/Button.tsx
FN:29,Button
FN:45,(anonymous_1)
FN:73,(anonymous_2)
FNF:3
FNH:3
FNDA:54,Button
FNDA:54,(anonymous_1)
FNDA:53,(anonymous_2)
DA:39,54
DA:40,54
DA:41,54
DA:43,54
DA:45,54
DA:73,9
DA:74,53
LF:7
LH:7
BRDA:30,0,0,10
BRDA:31,1,0,9
BRDA:32,2,0,47
BRDA:33,3,0,53
BRDA:39,4,0,54
BRDA:39,4,1,53
BRDA:49,5,0,54
BRDA:49,5,1,3
BRDA:50,6,0,54
BRDA:50,6,1,0
BRDA:50,6,2,0
BRDA:56,7,0,2
BRDA:56,7,1,52
BRDA:58,8,0,1
BRDA:58,8,1,1
BRF:15
BRH:13
end_of_record
TN:
SF:src/components/Card.tsx
FN:11,Card
FN:16,(anonymous_1)
FN:27,(anonymous_2)
FNF:3
FNH:3
FNDA:357,Card
FNDA:234,(anonymous_1)
FNDA:357,(anonymous_2)
DA:12,357
DA:13,357
DA:14,234
DA:16,234
DA:24,123
DA:27,19
DA:28,357
LF:7
LH:7
BRDA:13,0,0,234
BRDA:13,0,1,123
BRDA:16,1,0,234
BRDA:16,1,1,0
BRF:4
BRH:3
end_of_record
TN:
SF:src/components/ErrorBanner.tsx
FN:10,ErrorBanner
FN:20,(anonymous_1)
FNF:2
FNH:2
FNDA:2,ErrorBanner
FNDA:2,(anonymous_1)
DA:11,2
DA:12,2
DA:13,1
DA:20,1
DA:21,2
LF:5
LH:5
BRDA:12,0,0,1
BRDA:12,0,1,1
BRF:2
BRH:2
end_of_record
TN:
SF:src/components/ErrorBoundary.tsx
FN:20,(anonymous_0)
FN:24,(anonymous_1)
FN:28,(anonymous_2)
FN:32,(anonymous_3)
FN:57,ErrorBoundary
FNF:5
FNH:5
FNDA:4,(anonymous_0)
FNDA:2,(anonymous_1)
FNDA:1,(anonymous_2)
FNDA:11,(anonymous_3)
FNDA:6,ErrorBoundary
DA:18,5
DA:21,4
DA:25,2
DA:28,5
DA:29,1
DA:33,11
DA:34,11
DA:35,5
DA:49,6
DA:58,6
DA:59,6
DA:64,1
LF:12
LH:12
BRDA:34,0,0,5
BRDA:34,0,1,6
BRF:2
BRH:2
end_of_record
TN:
SF:src/components/FieldWrapper.tsx
FN:17,FieldWrapper
FNF:1
FNH:1
FNDA:11,FieldWrapper
DA:18,11
DA:19,11
LF:2
LH:2
BRDA:25,0,0,11
BRDA:25,0,1,2
BRF:2
BRH:2
end_of_record
TN:
SF:src/components/FormField.tsx
FN:14,FormField
FNF:1
FNH:1
FNDA:3,FormField
DA:15,3
DA:16,3
DA:17,3
LF:3
LH:3
BRDA:20,0,0,3
BRDA:20,0,1,1
BRF:2
BRH:2
end_of_record
TN:
SF:src/components/GlassSurface.tsx
FN:25,useReduceTransparency
FN:28,(anonymous_1)
FN:31,(anonymous_2)
FN:38,(anonymous_3)
FN:61,GlassSurface
FNF:5
FNH:5
FNDA:3,useReduceTransparency
FNDA:3,(anonymous_1)
FNDA:3,(anonymous_2)
FNDA:3,(anonymous_3)
FNDA:3,GlassSurface
DA:26,3
DA:28,3
DA:29,3
DA:30,3
DA:31,3
DA:32,3
DA:34,3
DA:38,3
DA:39,3
DA:40,3
DA:44,3
DA:50,1
DA:69,3
DA:70,3
DA:72,3
DA:73,3
DA:80,0
LF:17
LH:16
BRDA:29,0,0,0
BRDA:29,0,1,3
BRDA:32,1,0,3
BRDA:32,1,1,0
BRDA:50,2,0,1
BRDA:50,2,1,1
BRDA:50,2,2,0
BRDA:62,3,0,3
BRDA:72,4,0,3
BRDA:72,4,1,0
BRDA:72,5,0,3
BRDA:72,5,1,0
BRF:12
BRH:7
end_of_record
TN:
SF:src/components/HomeHeroHeader.tsx
FN:10,HomeHeroHeader
FNF:1
FNH:1
FNDA:18,HomeHeroHeader
DA:11,18
DA:18,5
LF:2
LH:2
BRF:0
BRH:0
end_of_record
TN:
SF:src/components/PasswordInput.tsx
FN:16,PasswordInput
FN:30,(anonymous_1)
FN:30,(anonymous_2)
FNF:3
FNH:3
FNDA:8,PasswordInput
FNDA:3,(anonymous_1)
FNDA:3,(anonymous_2)
DA:17,8
DA:18,8
DA:19,8
DA:21,8
DA:30,3
LF:5
LH:5
BRDA:23,0,0,8
BRDA:23,0,1,1
BRDA:32,1,0,2
BRDA:32,1,1,6
BRF:4
BRH:4
end_of_record
TN:
SF:src/components/Screen.tsx
FN:11,Screen
FN:20,(anonymous_1)
FNF:2
FNH:2
FNDA:24,Screen
FNDA:24,(anonymous_1)
DA:9,6
DA:12,24
DA:13,24
DA:20,6
DA:21,24
LF:5
LH:5
BRF:0
BRH:0
end_of_record
TN:
SF:src/components/ScreenHeader.tsx
FN:29,ScreenHeader
FN:41,(anonymous_1)
FN:83,(anonymous_2)
FN:92,(anonymous_3)
FN:126,(anonymous_4)
FNF:5
FNH:5
FNDA:26,ScreenHeader
FNDA:1,(anonymous_1)
FNDA:9,(anonymous_2)
FNDA:1,(anonymous_3)
FNDA:26,(anonymous_4)
DA:12,6
DA:39,26
DA:40,26
DA:41,26
DA:42,1
DA:43,1
DA:44,1
DA:47,0
DA:50,26
DA:52,26
DA:84,9
DA:85,9
DA:92,1
DA:126,6
DA:127,26
LF:15
LH:14
BRDA:42,0,0,1
BRDA:42,0,1,0
BRDA:55,1,0,1
BRDA:55,1,1,25
BRDA:80,2,0,3
BRDA:80,2,1,23
BRDA:89,3,0,9
BRDA:89,3,1,9
BRDA:97,4,0,9
BRDA:97,4,1,3
BRDA:102,5,0,9
BRDA:102,5,1,3
BRF:12
BRH:11
end_of_record
TN:
SF:src/components/StatusScreen.tsx
FN:24,StatusScreen
FN:55,(anonymous_1)
FNF:2
FNH:2
FNDA:4,StatusScreen
FNDA:4,(anonymous_1)
DA:34,4
DA:35,4
DA:36,4
DA:37,4
DA:55,1
DA:56,4
LF:6
LH:6
BRDA:27,0,0,4
BRDA:29,1,0,4
BRDA:36,2,0,4
BRDA:36,2,1,4
BRDA:46,3,0,4
BRDA:46,3,1,2
BRF:6
BRH:6
end_of_record
TN:
SF:src/components/TabScreenTemplate.tsx
FN:14,TabScreenTemplate
FNF:1
FNH:1
FNDA:4,TabScreenTemplate
DA:15,4
DA:30,1
LF:2
LH:2
BRDA:14,0,0,4
BRDA:19,1,0,4
BRDA:19,1,1,1
BRF:3
BRH:3
end_of_record
TN:
SF:src/components/icons.ts
FNF:0
FNH:0
LF:0
LH:0
BRF:0
BRH:0
end_of_record
TN:
SF:src/components/layouts/AppTabScreenLayout.tsx
FN:33,AppTabScreenLayout
FNF:1
FNH:1
FNDA:20,AppTabScreenLayout
DA:53,20
DA:65,20
DA:66,17
DA:85,3
DA:86,3
DA:100,0
DA:113,5
LF:7
LH:6
BRDA:45,0,0,0
BRDA:46,1,0,17
BRDA:65,2,0,17
BRDA:65,2,1,3
BRDA:85,3,0,3
BRDA:85,3,1,0
BRF:6
BRH:4
end_of_record
TN:
SF:src/features/auth/AuthProvider.tsx
FN:21,AuthProvider
FN:35,(anonymous_1)
FN:37,(anonymous_2)
FN:46,(anonymous_3)
FN:50,(anonymous_4)
FN:81,(anonymous_5)
FN:82,(anonymous_6)
FN:99,(anonymous_7)
FN:114,(anonymous_8)
FN:118,(anonymous_9)
FN:123,(anonymous_10)
FN:150,(anonymous_11)
FN:180,(anonymous_12)
FN:189,(anonymous_13)
FN:237,(anonymous_14)
FN:259,(anonymous_15)
FN:268,(anonymous_16)
FN:273,(anonymous_17)
FN:278,(anonymous_18)
FN:288,(anonymous_19)
FNF:20
FNH:0
FNDA:0,AuthProvider
FNDA:0,(anonymous_1)
FNDA:0,(anonymous_2)
FNDA:0,(anonymous_3)
FNDA:0,(anonymous_4)
FNDA:0,(anonymous_5)
FNDA:0,(anonymous_6)
FNDA:0,(anonymous_7)
FNDA:0,(anonymous_8)
FNDA:0,(anonymous_9)
FNDA:0,(anonymous_10)
FNDA:0,(anonymous_11)
FNDA:0,(anonymous_12)
FNDA:0,(anonymous_13)
FNDA:0,(anonymous_14)
FNDA:0,(anonymous_15)
FNDA:0,(anonymous_16)
FNDA:0,(anonymous_17)
FNDA:0,(anonymous_18)
FNDA:0,(anonymous_19)
DA:18,0
DA:22,0
DA:23,0
DA:24,0
DA:25,0
DA:28,0
DA:30,0
DA:31,0
DA:34,0
DA:35,0
DA:36,0
DA:37,0
DA:38,0
DA:43,0
DA:44,0
DA:46,0
DA:50,0
DA:51,0
DA:52,0
DA:53,0
DA:56,0
DA:57,0
DA:65,0
DA:69,0
DA:70,0
DA:72,0
DA:78,0
DA:81,0
DA:82,0
DA:83,0
DA:87,0
DA:88,0
DA:89,0
DA:90,0
DA:92,0
DA:93,0
DA:94,0
DA:99,0
DA:100,0
DA:101,0
DA:102,0
DA:103,0
DA:105,0
DA:107,0
DA:108,0
DA:111,0
DA:114,0
DA:118,0
DA:119,0
DA:120,0
DA:123,0
DA:124,0
DA:130,0
DA:135,0
DA:137,0
DA:139,0
DA:140,0
DA:141,0
DA:142,0
DA:143,0
DA:144,0
DA:149,0
DA:153,0
DA:158,0
DA:159,0
DA:167,0
DA:175,0
DA:180,0
DA:181,0
DA:182,0
DA:187,0
DA:188,0
DA:189,0
DA:191,0
DA:197,0
DA:198,0
DA:207,0
DA:213,0
DA:215,0
DA:218,0
DA:220,0
DA:225,0
DA:228,0
DA:229,0
DA:230,0
DA:231,0
DA:236,0
DA:238,0
DA:239,0
DA:242,0
DA:245,0
DA:249,0
DA:253,0
DA:254,0
DA:259,0
DA:262,0
DA:263,0
DA:264,0
DA:265,0
DA:268,0
DA:270,0
DA:273,0
DA:274,0
DA:275,0
DA:278,0
DA:280,0
DA:288,0
DA:289,0
DA:290,0
DA:291,0
DA:292,0
DA:299,0
DA:302,0
LF:113
LH:0
BRDA:45,0,0,0
BRDA:45,0,1,0
BRDA:51,1,0,0
BRDA:51,1,1,0
BRDA:52,2,0,0
BRDA:52,2,1,0
BRDA:53,3,0,0
BRDA:53,3,1,0
BRDA:56,4,0,0
BRDA:56,4,1,0
BRDA:56,5,0,0
BRDA:56,5,1,0
BRDA:59,6,0,0
BRDA:59,6,1,0
BRDA:69,7,0,0
BRDA:69,7,1,0
BRDA:69,8,0,0
BRDA:69,8,1,0
BRDA:78,9,0,0
BRDA:78,9,1,0
BRDA:78,9,2,0
BRDA:78,9,3,0
BRDA:83,10,0,0
BRDA:83,10,1,0
BRDA:87,11,0,0
BRDA:87,11,1,0
BRDA:93,12,0,0
BRDA:93,12,1,0
BRDA:100,13,0,0
BRDA:100,13,1,0
BRDA:102,14,0,0
BRDA:102,14,1,0
BRDA:103,15,0,0
BRDA:103,15,1,0
BRDA:111,16,0,0
BRDA:111,16,1,0
BRDA:120,17,0,0
BRDA:120,17,1,0
BRDA:135,18,0,0
BRDA:135,18,1,0
BRDA:135,19,0,0
BRDA:135,19,1,0
BRDA:135,20,0,0
BRDA:135,20,1,0
BRDA:139,21,0,0
BRDA:139,21,1,0
BRDA:142,22,0,0
BRDA:142,22,1,0
BRDA:144,23,0,0
BRDA:144,23,1,0
BRDA:159,24,0,0
BRDA:159,24,1,0
BRDA:175,25,0,0
BRDA:175,25,1,0
BRDA:182,26,0,0
BRDA:182,26,1,0
BRDA:207,27,0,0
BRDA:207,27,1,0
BRDA:208,28,0,0
BRDA:208,28,1,0
BRDA:208,28,2,0
BRDA:208,28,3,0
BRDA:218,29,0,0
BRDA:218,29,1,0
BRDA:225,30,0,0
BRDA:225,30,1,0
BRDA:228,31,0,0
BRDA:228,31,1,0
BRDA:230,32,0,0
BRDA:230,32,1,0
BRDA:238,33,0,0
BRDA:238,33,1,0
BRDA:245,34,0,0
BRDA:245,34,1,0
BRDA:263,35,0,0
BRDA:263,35,1,0
BRDA:275,36,0,0
BRDA:275,36,1,0
BRDA:289,37,0,0
BRDA:289,37,1,0
BRF:80
BRH:0
end_of_record
TN:
SF:src/features/auth/AuthScreenWrapper.tsx
FN:19,AuthScreenWrapper
FN:37,(anonymous_1)
FNF:2
FNH:0
FNDA:0,AuthScreenWrapper
FNDA:0,(anonymous_1)
DA:20,0
DA:21,0
DA:37,0
DA:38,0
LF:4
LH:0
BRDA:24,0,0,0
BRDA:24,0,1,0
BRF:2
BRH:0
end_of_record
TN:
SF:src/features/auth/DevLoginPanel.tsx
FN:18,DevLoginPanel
FN:29,(anonymous_1)
FN:32,(anonymous_2)
FN:33,(anonymous_3)
FNF:4
FNH:0
FNDA:0,DevLoginPanel
FNDA:0,(anonymous_1)
FNDA:0,(anonymous_2)
FNDA:0,(anonymous_3)
DA:8,0
DA:19,0
DA:21,0
DA:23,0
DA:30,0
DA:32,0
DA:33,0
DA:46,0
DA:48,0
LF:9
LH:0
BRDA:21,0,0,0
BRDA:21,0,1,0
BRDA:32,1,0,0
BRDA:32,1,1,0
BRF:4
BRH:0
end_of_record
TN:
SF:src/features/auth/LogoHeader.tsx
FN:10,LogoHeader
FN:23,(anonymous_1)
FNF:2
FNH:0
FNDA:0,LogoHeader
FNDA:0,(anonymous_1)
DA:11,0
DA:12,0
DA:13,0
DA:23,0
DA:24,0
LF:5
LH:0
BRF:0
BRH:0
end_of_record
TN:
SF:src/features/auth/RoleSelectionCards.tsx
FN:17,RoleSelectionCards
FN:24,(anonymous_1)
FN:30,(anonymous_2)
FN:58,(anonymous_3)
FNF:4
FNH:4
FNDA:4,RoleSelectionCards
FNDA:12,(anonymous_1)
FNDA:2,(anonymous_2)
FNDA:4,(anonymous_3)
DA:18,4
DA:19,4
DA:20,4
DA:22,4
DA:25,12
DA:26,12
DA:30,2
DA:58,1
DA:59,4
LF:9
LH:9
BRDA:29,0,0,12
BRDA:29,0,1,4
BRDA:35,1,0,12
BRDA:35,1,1,4
BRDA:39,2,0,4
BRDA:39,2,1,8
BRDA:50,3,0,12
BRDA:50,3,1,4
BRF:8
BRH:8
end_of_record
TN:
SF:src/features/auth/SocialAuthButtons.tsx
FN:19,SocialAuthButtons
FN:65,(anonymous_1)
FNF:2
FNH:2
FNDA:4,SocialAuthButtons
FNDA:4,(anonymous_1)
DA:25,4
DA:26,4
DA:27,4
DA:29,4
DA:65,1
DA:66,4
LF:6
LH:6
BRDA:22,0,0,3
BRDA:23,1,0,4
BRDA:49,2,0,4
BRDA:49,2,1,2
BRF:4
BRH:4
end_of_record
TN:
SF:src/features/auth/authStyles.ts
FN:6,(anonymous_0)
FNF:1
FNH:1
FNDA:16,(anonymous_0)
DA:6,2
DA:7,16
LF:2
LH:2
BRF:0
BRH:0
end_of_record
TN:
SF:src/features/auth/context.ts
FNF:0
FNH:0
DA:24,5
LF:1
LH:1
BRF:0
BRH:0
end_of_record
TN:
SF:src/features/auth/schemas.ts
FN:4,createSignInSchema
FN:11,createSignUpSchema
FN:23,createForgotSchema
FNF:3
FNH:3
FNDA:1,createSignInSchema
FNDA:1,createSignUpSchema
FNDA:1,createForgotSchema
DA:5,1
DA:12,1
DA:24,1
LF:3
LH:3
BRF:0
BRH:0
end_of_record
TN:
SF:src/features/auth/useAuth.ts
FN:5,useAuth
FNF:1
FNH:1
FNDA:2,useAuth
DA:6,2
DA:7,2
DA:8,2
DA:10,0
LF:4
LH:3
BRDA:7,0,0,2
BRDA:7,0,1,0
BRF:2
BRH:1
end_of_record
TN:
SF:src/features/auth/useRoleOptions.ts
FN:9,useRoleOptions
FN:12,(anonymous_1)
FNF:2
FNH:2
FNDA:7,useRoleOptions
FNDA:7,(anonymous_1)
DA:10,7
DA:11,7
DA:12,7
LF:3
LH:3
BRF:0
BRH:0
end_of_record
TN:
SF:src/features/auth/useSocialAuthHandlers.ts
FN:11,useSocialAuthHandlers
FN:20,(anonymous_1)
FN:32,(anonymous_2)
FNF:3
FNH:3
FNDA:9,useSocialAuthHandlers
FNDA:2,(anonymous_1)
FNDA:1,(anonymous_2)
DA:16,9
DA:17,9
DA:18,9
DA:20,9
DA:21,2
DA:22,2
DA:23,2
DA:24,2
DA:26,1
DA:28,2
DA:32,9
DA:33,1
DA:34,1
DA:35,1
DA:36,1
DA:38,1
DA:40,1
DA:44,9
LF:18
LH:18
BRF:0
BRH:0
end_of_record
TN:
SF:src/features/browse/config.ts
FN:128,getBrowseConfig
FNF:1
FNH:1
FNDA:21,getBrowseConfig
DA:6,6
DA:122,6
DA:129,21
LF:3
LH:3
BRF:0
BRH:0
end_of_record
TN:
SF:src/features/browse/index.ts
FNF:0
FNH:0
LF:0
LH:0
BRF:0
BRH:0
end_of_record
TN:
SF:src/features/browse/types.ts
FNF:0
FNH:0
LF:0
LH:0
BRF:0
BRH:0
end_of_record
TN:
SF:src/features/browse/components/BrowseSections.tsx
FN:34,TrendingSection
FN:37,(anonymous_1)
FN:44,(anonymous_2)
FN:52,CuratorSection
FN:71,FullBillSection
FN:77,(anonymous_5)
FN:89,(anonymous_6)
FN:106,LiveNowSection
FN:121,(anonymous_8)
FN:147,TrendingShowCard
FN:155,(anonymous_10)
FN:185,VenueAvailabilityRow
FN:215,(anonymous_12)
FN:253,(anonymous_13)
FN:267,(anonymous_14)
FN:306,(anonymous_15)
FNF:16
FNH:14
FNDA:18,TrendingSection
FNDA:0,(anonymous_1)
FNDA:36,(anonymous_2)
FNDA:17,CuratorSection
FNDA:20,FullBillSection
FNDA:0,(anonymous_5)
FNDA:80,(anonymous_6)
FNDA:19,LiveNowSection
FNDA:57,(anonymous_8)
FNDA:36,TrendingShowCard
FNDA:36,(anonymous_10)
FNDA:57,VenueAvailabilityRow
FNDA:36,(anonymous_12)
FNDA:17,(anonymous_13)
FNDA:19,(anonymous_14)
FNDA:57,(anonymous_15)
DA:35,18
DA:45,36
DA:53,17
DA:54,17
DA:72,20
DA:90,80
DA:107,19
DA:108,19
DA:122,57
DA:148,36
DA:149,36
DA:156,36
DA:186,57
DA:187,57
DA:201,5
DA:215,5
DA:216,36
DA:253,5
DA:254,17
DA:267,5
DA:268,19
DA:306,5
DA:307,57
LF:23
LH:23
BRDA:79,0,0,18
BRDA:79,0,1,2
BRDA:97,1,0,80
BRDA:97,1,1,60
BRDA:153,2,0,36
BRDA:153,2,1,0
BRF:6
BRH:5
end_of_record
TN:
SF:src/features/discover/config.ts
FN:185,getDiscoverConfig
FNF:1
FNH:1
FNDA:3,getDiscoverConfig
DA:7,1
DA:186,3
LF:2
LH:2
BRF:0
BRH:0
end_of_record
TN:
SF:src/features/discover/index.ts
FNF:0
FNH:0
LF:0
LH:0
BRF:0
BRH:0
end_of_record
TN:
SF:src/features/discover/search.tsx
FN:16,DiscoverScreen
FNF:1
FNH:0
FNDA:0,DiscoverScreen
DA:10,0
DA:17,0
DA:20,0
DA:22,0
DA:23,0
DA:24,0
LF:6
LH:0
BRDA:20,0,0,0
BRDA:20,0,1,0
BRDA:22,1,0,0
BRDA:22,1,1,0
BRF:4
BRH:0
end_of_record
TN:
SF:src/features/discover/types.ts
FNF:0
FNH:0
LF:0
LH:0
BRF:0
BRH:0
end_of_record
TN:
SF:src/features/discover/comedian/ComedianDiscover.tsx
FN:4,ComedianDiscover
FNF:1
FNH:0
FNDA:0,ComedianDiscover
DA:5,0
LF:1
LH:0
BRF:0
BRH:0
end_of_record
TN:
SF:src/features/discover/components/ClipsFeed.tsx
FN:23,ClipsFeed
FN:26,handleLayout
FN:36,(anonymous_2)
FN:40,(anonymous_3)
FN:45,(anonymous_4)
FN:59,ClipCard
FN:102,ActionButton
FNF:7
FNH:1
FNDA:3,ClipsFeed
FNDA:0,handleLayout
FNDA:0,(anonymous_2)
FNDA:0,(anonymous_3)
FNDA:0,(anonymous_4)
FNDA:0,ClipCard
FNDA:0,ActionButton
DA:21,1
DA:24,3
DA:27,0
DA:28,0
DA:31,3
DA:36,0
DA:40,0
DA:45,0
DA:60,0
DA:103,0
DA:115,1
LF:11
LH:4
BRDA:28,0,0,0
BRDA:28,0,1,0
BRDA:28,1,0,0
BRDA:28,1,1,0
BRDA:33,2,0,3
BRDA:33,2,1,0
BRDA:62,3,0,0
BRDA:62,3,1,0
BRDA:70,4,0,0
BRDA:70,4,1,0
BRDA:71,5,0,0
BRDA:71,5,1,0
BRF:12
BRH:1
end_of_record
TN:
SF:src/features/discover/components/DiscoverScreenLayout.tsx
FN:14,DiscoverScreenLayout
FNF:1
FNH:1
FNDA:3,DiscoverScreenLayout
DA:15,3
DA:16,3
DA:18,3
LF:3
LH:3
BRF:0
BRH:0
end_of_record
TN:
SF:src/features/discover/components/DiscoverShell.tsx
FN:10,DiscoverShell
FNF:1
FNH:1
FNDA:3,DiscoverShell
DA:11,3
LF:1
LH:1
BRF:0
BRH:0
end_of_record
TN:
SF:src/features/discover/fan/FanDiscover.tsx
FN:4,FanDiscover
FNF:1
FNH:0
FNDA:0,FanDiscover
DA:5,0
LF:1
LH:0
BRF:0
BRH:0
end_of_record
TN:
SF:src/features/discover/venue/VenueDiscover.tsx
FN:4,VenueDiscover
FNF:1
FNH:0
FNDA:0,VenueDiscover
DA:5,0
LF:1
LH:0
BRF:0
BRH:0
end_of_record
TN:
SF:src/features/home/cardTypography.ts
FNF:0
FNH:0
DA:15,19
LF:1
LH:1
BRF:0
BRH:0
end_of_record
TN:
SF:src/features/home/home-spacing.ts
FNF:0
FNH:0
DA:4,4
LF:1
LH:1
BRF:0
BRH:0
end_of_record
TN:
SF:src/features/home/index.tsx
FN:16,HomeScreen
FNF:1
FNH:1
FNDA:5,HomeScreen
DA:10,1
DA:17,5
DA:20,5
DA:22,4
DA:23,4
DA:24,4
LF:6
LH:6
BRDA:20,0,0,1
BRDA:20,0,1,4
BRDA:22,1,0,4
BRDA:22,1,1,1
BRF:4
BRH:4
end_of_record
TN:
SF:src/features/home/comedian/ComedianHome.tsx
FN:26,getTimeOfDay
FN:86,ComedianHome
FN:92,(anonymous_2)
FN:118,(anonymous_3)
FN:138,(anonymous_4)
FN:141,(anonymous_5)
FN:151,(anonymous_6)
FN:160,(anonymous_7)
FN:163,(anonymous_8)
FN:180,(anonymous_9)
FNF:10
FNH:7
FNDA:5,getTimeOfDay
FNDA:5,ComedianHome
FNDA:25,(anonymous_2)
FNDA:15,(anonymous_3)
FNDA:0,(anonymous_4)
FNDA:10,(anonymous_5)
FNDA:10,(anonymous_6)
FNDA:0,(anonymous_7)
FNDA:15,(anonymous_8)
FNDA:0,(anonymous_9)
DA:27,5
DA:28,5
DA:29,5
DA:30,5
DA:33,1
DA:87,5
DA:88,5
DA:89,5
DA:90,5
DA:91,5
DA:92,25
DA:93,5
DA:95,5
DA:119,15
DA:142,10
DA:152,10
DA:164,15
DA:180,0
DA:190,1
LF:19
LH:18
BRDA:28,0,0,0
BRDA:28,0,1,5
BRDA:29,1,0,0
BRDA:29,1,1,5
BRDA:93,2,0,5
BRDA:93,2,1,0
BRF:6
BRH:3
end_of_record
TN:
SF:src/features/home/comedian/GigListItem.tsx
FN:20,GigListItem
FN:24,(anonymous_1)
FN:47,(anonymous_2)
FNF:3
FNH:2
FNDA:14,GigListItem
FNDA:0,(anonymous_1)
FNDA:14,(anonymous_2)
DA:21,14
DA:23,14
DA:47,2
DA:48,14
LF:4
LH:4
BRDA:24,0,0,14
BRDA:24,0,1,13
BRF:2
BRH:2
end_of_record
TN:
SF:src/features/home/comedian/NextGigCard.tsx
FN:25,NextGigCard
FN:66,(anonymous_1)
FN:76,CountdownUnit
FN:94,(anonymous_3)
FN:120,(anonymous_4)
FNF:5
FNH:4
FNDA:9,NextGigCard
FNDA:0,(anonymous_1)
FNDA:18,CountdownUnit
FNDA:9,(anonymous_3)
FNDA:18,(anonymous_4)
DA:36,9
DA:37,9
DA:38,9
DA:77,18
DA:78,18
DA:94,2
DA:95,9
DA:120,2
DA:121,18
LF:9
LH:9
BRF:0
BRH:0
end_of_record
TN:
SF:src/features/home/comedian/StatCard.tsx
FN:16,StatCard
FN:37,(anonymous_1)
FNF:2
FNH:2
FNDA:19,StatCard
FNDA:19,(anonymous_1)
DA:17,19
DA:18,19
DA:37,2
DA:38,19
LF:4
LH:4
BRF:0
BRH:0
end_of_record
TN:
SF:src/features/home/comedian/TipBanner.tsx
FN:23,TipBanner
FN:33,(anonymous_1)
FN:52,(anonymous_2)
FN:61,(anonymous_3)
FNF:4
FNH:3
FNDA:9,TipBanner
FNDA:1,(anonymous_1)
FNDA:0,(anonymous_2)
FNDA:8,(anonymous_3)
DA:24,9
DA:25,9
DA:27,9
DA:29,8
DA:33,1
DA:61,2
DA:62,8
LF:7
LH:7
BRDA:27,0,0,1
BRDA:27,0,1,8
BRF:2
BRH:2
end_of_record
TN:
SF:src/features/home/components/AvatarStack.tsx
FN:18,AvatarStack
FN:24,(anonymous_1)
FN:37,(anonymous_2)
FNF:3
FNH:3
FNDA:25,AvatarStack
FNDA:50,(anonymous_1)
FNDA:25,(anonymous_2)
DA:9,6
DA:10,6
DA:19,25
DA:20,25
DA:21,25
DA:25,50
DA:37,6
DA:38,25
LF:8
LH:8
BRDA:25,0,0,50
BRDA:25,0,1,25
BRF:2
BRH:2
end_of_record
TN:
SF:src/features/home/components/Badge.tsx
FN:24,getBadgeStyles
FN:55,Badge
FN:58,(anonymous_2)
FN:73,(anonymous_3)
FNF:4
FNH:4
FNDA:170,getBadgeStyles
FNDA:170,Badge
FNDA:170,(anonymous_2)
FNDA:170,(anonymous_3)
DA:25,170
DA:26,170
DA:40,13
DA:56,170
DA:57,170
DA:58,170
DA:59,170
DA:60,170
DA:73,13
DA:74,170
LF:10
LH:10
BRF:0
BRH:0
end_of_record
TN:
SF:src/features/home/components/EventCard.tsx
FN:19,EventCard
FN:23,(anonymous_1)
FN:45,(anonymous_2)
FNF:3
FNH:2
FNDA:52,EventCard
FNDA:0,(anonymous_1)
FNDA:52,(anonymous_2)
DA:20,52
DA:22,52
DA:45,5
DA:46,52
LF:4
LH:4
BRDA:23,0,0,52
BRDA:23,0,1,52
BRF:2
BRH:2
end_of_record
TN:
SF:src/features/home/components/FilterChips.tsx
FN:13,FilterChips
FN:21,(anonymous_1)
FN:26,(anonymous_2)
FN:44,(anonymous_3)
FNF:4
FNH:4
FNDA:31,FilterChips
FNDA:142,(anonymous_1)
FNDA:1,(anonymous_2)
FNDA:31,(anonymous_3)
DA:14,31
DA:15,31
DA:22,142
DA:23,142
DA:26,1
DA:44,4
DA:45,31
LF:7
LH:7
BRDA:28,0,0,31
BRDA:28,0,1,111
BRDA:33,1,0,31
BRDA:33,1,1,111
BRF:4
BRH:4
end_of_record
TN:
SF:src/features/home/components/HomeScreenLayout.tsx
FN:14,HomeScreenLayout
FNF:1
FNH:1
FNDA:17,HomeScreenLayout
DA:20,17
DA:22,17
LF:2
LH:2
BRF:0
BRH:0
end_of_record
TN:
SF:src/features/home/components/PerformerCard.tsx
FN:19,PerformerCard
FN:23,(anonymous_1)
FN:45,(anonymous_2)
FNF:3
FNH:2
FNDA:36,PerformerCard
FNDA:0,(anonymous_1)
FNDA:36,(anonymous_2)
DA:20,36
DA:22,36
DA:45,3
DA:46,36
LF:4
LH:4
BRDA:23,0,0,36
BRDA:23,0,1,36
BRF:2
BRH:2
end_of_record
TN:
SF:src/features/home/components/PlaceholderImage.tsx
FN:16,PlaceholderImage
FNF:1
FNH:1
FNDA:393,PlaceholderImage
DA:17,393
DA:18,393
DA:19,117
DA:21,276
LF:4
LH:4
BRDA:18,0,0,117
BRDA:18,0,1,276
BRF:2
BRH:2
end_of_record
TN:
SF:src/features/home/components/ProgressBar.tsx
FN:11,ProgressBar
FN:21,(anonymous_1)
FNF:2
FNH:2
FNDA:36,ProgressBar
FNDA:36,(anonymous_1)
DA:12,36
DA:13,36
DA:14,36
DA:21,5
DA:22,36
LF:5
LH:5
BRF:0
BRH:0
end_of_record
TN:
SF:src/features/home/components/SectionHeader.tsx
FN:22,SectionHeader
FN:52,(anonymous_1)
FNF:2
FNH:2
FNDA:139,SectionHeader
FNDA:139,(anonymous_1)
DA:23,139
DA:24,139
DA:52,7
DA:53,139
LF:4
LH:4
BRDA:30,0,0,139
BRDA:30,0,1,82
BRDA:37,1,0,139
BRDA:37,1,1,21
BRF:4
BRH:4
end_of_record
TN:
SF:src/features/home/fan/ClipCard.tsx
FN:20,ClipCard
FN:23,(anonymous_1)
FN:55,(anonymous_2)
FNF:3
FNH:2
FNDA:17,ClipCard
FNDA:0,(anonymous_1)
FNDA:17,(anonymous_2)
DA:21,17
DA:22,17
DA:55,3
DA:56,17
LF:4
LH:4
BRDA:23,0,0,17
BRDA:23,0,1,17
BRF:2
BRH:2
end_of_record
TN:
SF:src/features/home/fan/FanHome.tsx
FN:90,FanHome
FN:98,(anonymous_1)
FN:128,(anonymous_2)
FN:136,(anonymous_3)
FN:139,(anonymous_4)
FN:147,(anonymous_5)
FN:162,(anonymous_6)
FN:165,(anonymous_7)
FN:190,(anonymous_8)
FNF:9
FNH:5
FNDA:6,FanHome
FNDA:30,(anonymous_1)
FNDA:0,(anonymous_2)
FNDA:0,(anonymous_3)
FNDA:18,(anonymous_4)
FNDA:12,(anonymous_5)
FNDA:0,(anonymous_6)
FNDA:12,(anonymous_7)
FNDA:0,(anonymous_8)
DA:25,1
DA:91,6
DA:92,6
DA:93,6
DA:96,6
DA:97,6
DA:98,30
DA:99,6
DA:101,6
DA:140,18
DA:148,12
DA:166,12
DA:190,0
DA:200,1
LF:14
LH:13
BRDA:94,0,0,6
BRDA:94,0,1,0
BRDA:99,1,0,6
BRDA:99,1,1,0
BRF:4
BRH:2
end_of_record
TN:
SF:src/features/home/fan/FeaturedEventCard.tsx
FN:28,FeaturedEventCard
FN:48,(anonymous_1)
FN:88,(anonymous_2)
FNF:3
FNH:3
FNDA:13,FeaturedEventCard
FNDA:25,(anonymous_1)
FNDA:13,(anonymous_2)
DA:40,13
DA:41,13
DA:42,13
DA:49,25
DA:88,3
DA:89,13
LF:6
LH:6
BRF:0
BRH:0
end_of_record
TN:
SF:src/features/home/fan/SavedRecommendationItem.tsx
FN:23,SavedRecommendationItem
FN:35,(anonymous_1)
FN:39,(anonymous_2)
FN:68,(anonymous_3)
FNF:4
FNH:3
FNDA:95,SavedRecommendationItem
FNDA:0,(anonymous_1)
FNDA:47,(anonymous_2)
FNDA:95,(anonymous_3)
DA:33,95
DA:34,95
DA:40,47
DA:68,6
DA:69,95
LF:5
LH:5
BRDA:35,0,0,95
BRDA:35,0,1,95
BRF:2
BRH:2
end_of_record
TN:
SF:src/features/home/fan/ThisWeekSection.tsx
FN:20,ThisWeekSection
FN:29,(anonymous_1)
FNF:2
FNH:2
FNDA:9,ThisWeekSection
FNDA:24,(anonymous_1)
DA:21,9
DA:30,24
DA:37,2
LF:3
LH:3
BRF:0
BRH:0
end_of_record
TN:
SF:src/features/home/venue/ActCard.tsx
FN:24,ActCard
FN:55,(anonymous_1)
FN:64,(anonymous_2)
FNF:3
FNH:2
FNDA:23,ActCard
FNDA:0,(anonymous_1)
FNDA:23,(anonymous_2)
DA:25,23
DA:26,23
DA:27,23
DA:28,23
DA:62,2
DA:64,2
DA:65,23
LF:7
LH:7
BRDA:55,0,0,23
BRDA:55,0,1,23
BRF:2
BRH:2
end_of_record
TN:
SF:src/features/home/venue/EventListItem.tsx
FN:23,EventListItem
FN:34,(anonymous_1)
FN:65,(anonymous_2)
FNF:3
FNH:2
FNDA:19,EventListItem
FNDA:0,(anonymous_1)
FNDA:19,(anonymous_2)
DA:32,19
DA:33,19
DA:65,2
DA:66,19
LF:4
LH:4
BRDA:34,0,0,19
BRDA:34,0,1,18
BRF:2
BRH:2
end_of_record
TN:
SF:src/features/home/venue/FeaturedShowCard.tsx
FN:37,FeaturedShowCard
FN:55,(anonymous_1)
FN:56,(anonymous_2)
FN:57,(anonymous_3)
FN:58,(anonymous_4)
FN:106,(anonymous_5)
FN:119,(anonymous_6)
FNF:7
FNH:3
FNDA:9,FeaturedShowCard
FNDA:0,(anonymous_1)
FNDA:0,(anonymous_2)
FNDA:0,(anonymous_3)
FNDA:0,(anonymous_4)
FNDA:36,(anonymous_5)
FNDA:9,(anonymous_6)
DA:50,9
DA:51,9
DA:52,9
DA:54,9
DA:61,9
DA:107,36
DA:119,2
DA:120,9
LF:8
LH:8
BRF:0
BRH:0
end_of_record
TN:
SF:src/features/home/venue/VenueHome.tsx
FN:88,VenueHome
FN:94,(anonymous_1)
FN:118,(anonymous_2)
FN:121,(anonymous_3)
FN:137,(anonymous_4)
FN:145,(anonymous_5)
FN:157,(anonymous_6)
FN:174,(anonymous_7)
FNF:8
FNH:5
FNDA:5,VenueHome
FNDA:25,(anonymous_1)
FNDA:0,(anonymous_2)
FNDA:15,(anonymous_3)
FNDA:0,(anonymous_4)
FNDA:20,(anonymous_5)
FNDA:15,(anonymous_6)
FNDA:0,(anonymous_7)
DA:24,1
DA:89,5
DA:90,5
DA:91,5
DA:92,5
DA:93,5
DA:94,25
DA:95,5
DA:97,5
DA:122,15
DA:146,20
DA:158,15
DA:174,0
DA:184,1
LF:14
LH:13
BRDA:91,0,0,5
BRDA:91,0,1,0
BRDA:95,1,0,5
BRDA:95,1,1,0
BRF:4
BRH:2
end_of_record
TN:
SF:src/features/location/LocationProvider.tsx
FN:33,parseCachedLocation
FN:58,LocationProvider
FN:68,(anonymous_2)
FN:70,(anonymous_3)
FN:75,(anonymous_4)
FN:84,(anonymous_5)
FN:102,(anonymous_6)
FN:124,(anonymous_7)
FN:128,(anonymous_8)
FN:132,(anonymous_9)
FN:143,(anonymous_10)
FN:146,bootstrap
FN:171,(anonymous_12)
FN:177,(anonymous_13)
FNF:14
FNH:0
FNDA:0,parseCachedLocation
FNDA:0,LocationProvider
FNDA:0,(anonymous_2)
FNDA:0,(anonymous_3)
FNDA:0,(anonymous_4)
FNDA:0,(anonymous_5)
FNDA:0,(anonymous_6)
FNDA:0,(anonymous_7)
FNDA:0,(anonymous_8)
FNDA:0,(anonymous_9)
FNDA:0,(anonymous_10)
FNDA:0,bootstrap
FNDA:0,(anonymous_12)
FNDA:0,(anonymous_13)
DA:28,5
DA:29,5
DA:31,5
DA:34,0
DA:36,0
DA:37,0
DA:38,0
DA:44,0
DA:47,0
DA:54,0
DA:59,0
DA:60,0
DA:61,0
DA:62,0
DA:63,0
DA:64,0
DA:66,0
DA:68,0
DA:69,0
DA:70,0
DA:71,0
DA:75,0
DA:76,0
DA:77,0
DA:78,0
DA:79,0
DA:80,0
DA:83,0
DA:85,0
DA:86,0
DA:87,0
DA:88,0
DA:93,0
DA:94,0
DA:95,0
DA:101,0
DA:103,0
DA:104,0
DA:107,0
DA:109,0
DA:110,0
DA:111,0
DA:112,0
DA:114,0
DA:117,0
DA:118,0
DA:124,0
DA:125,0
DA:128,0
DA:129,0
DA:132,0
DA:133,0
DA:135,0
DA:136,0
DA:137,0
DA:140,0
DA:143,0
DA:144,0
DA:147,0
DA:152,0
DA:154,0
DA:155,0
DA:156,0
DA:159,0
DA:160,0
DA:161,0
DA:162,0
DA:163,0
DA:166,0
DA:169,0
DA:171,0
DA:172,0
DA:176,0
DA:177,0
DA:201,0
LF:75
LH:3
BRDA:34,0,0,0
BRDA:34,0,1,0
BRDA:38,1,0,0
BRDA:38,1,1,0
BRDA:39,2,0,0
BRDA:39,2,1,0
BRDA:39,2,2,0
BRDA:39,2,3,0
BRDA:76,3,0,0
BRDA:76,3,1,0
BRDA:85,4,0,0
BRDA:85,4,1,0
BRDA:88,5,0,0
BRDA:88,5,1,0
BRDA:89,6,0,0
BRDA:89,6,1,0
BRDA:89,6,2,0
BRDA:103,7,0,0
BRDA:103,7,1,0
BRDA:109,8,0,0
BRDA:109,8,1,0
BRDA:117,9,0,0
BRDA:117,9,1,0
BRDA:135,10,0,0
BRDA:135,10,1,0
BRDA:135,11,0,0
BRDA:135,11,1,0
BRDA:152,12,0,0
BRDA:152,12,1,0
BRDA:152,13,0,0
BRDA:152,13,1,0
BRDA:155,14,0,0
BRDA:155,14,1,0
BRDA:160,15,0,0
BRDA:160,15,1,0
BRF:35
BRH:0
end_of_record
TN:
SF:src/features/location/index.ts
FNF:0
FNH:0
LF:0
LH:0
BRF:0
BRH:0
end_of_record
TN:
SF:src/features/location/location-service.ts
FN:23,pickCityLabel
FN:37,toPermissionState
FN:46,getForegroundPermission
FN:50,resolveCurrentCity
FNF:4
FNH:1
FNDA:5,pickCityLabel
FNDA:0,toPermissionState
FNDA:0,getForegroundPermission
FNDA:0,resolveCurrentCity
DA:24,5
DA:25,5
DA:28,4
DA:34,4
DA:42,0
DA:43,0
DA:47,0
DA:53,0
DA:54,0
DA:55,0
DA:56,0
DA:59,0
DA:61,0
DA:62,0
DA:65,0
DA:66,0
DA:67,0
DA:74,0
DA:80,0
DA:85,0
DA:86,0
DA:87,0
DA:89,0
DA:90,0
DA:93,0
DA:104,0
LF:26
LH:4
BRDA:25,0,0,1
BRDA:25,0,1,4
BRDA:28,1,0,4
BRDA:28,1,1,3
BRDA:28,1,2,2
BRDA:28,1,3,1
BRDA:28,1,4,0
BRDA:34,2,0,4
BRDA:34,2,1,0
BRDA:34,3,0,4
BRDA:34,3,1,4
BRDA:42,4,0,0
BRDA:42,4,1,0
BRDA:42,5,0,0
BRDA:42,5,1,0
BRDA:43,6,0,0
BRDA:43,6,1,0
BRDA:55,7,0,0
BRDA:55,7,1,0
BRDA:61,8,0,0
BRDA:61,8,1,0
BRDA:61,9,0,0
BRDA:61,9,1,0
BRDA:66,10,0,0
BRDA:66,10,1,0
BRDA:70,11,0,0
BRDA:70,11,1,0
BRDA:80,12,0,0
BRDA:80,12,1,0
BRDA:89,13,0,0
BRDA:89,13,1,0
BRF:31
BRH:9
end_of_record
TN:
SF:src/features/location/types.ts
FNF:0
FNH:0
LF:0
LH:0
BRF:0
BRH:0
end_of_record
TN:
SF:src/features/location/useHeaderLocationLabel.ts
FN:13,useHeaderLocationLabel
FN:17,(anonymous_1)
FN:34,(anonymous_2)
FNF:3
FNH:2
FNDA:20,useHeaderLocationLabel
FNDA:20,(anonymous_1)
FNDA:0,(anonymous_2)
DA:6,5
DA:14,20
DA:15,20
DA:17,20
DA:18,20
DA:19,20
DA:20,0
DA:23,20
DA:24,20
DA:25,0
DA:28,20
DA:29,20
DA:32,0
DA:35,0
LF:14
LH:10
BRDA:19,0,0,0
BRDA:19,0,1,20
BRDA:24,1,0,0
BRDA:24,1,1,20
BRDA:28,2,0,20
BRDA:28,2,1,0
BRF:6
BRH:3
end_of_record
TN:
SF:src/hooks/useCountdown.ts
FN:3,useCountdown
FN:6,(anonymous_1)
FN:8,(anonymous_2)
FN:8,(anonymous_3)
FN:9,(anonymous_4)
FN:12,(anonymous_5)
FNF:6
FNH:6
FNDA:12,useCountdown
FNDA:12,(anonymous_1)
FNDA:5,(anonymous_2)
FNDA:5,(anonymous_3)
FNDA:7,(anonymous_4)
FNDA:3,(anonymous_5)
DA:4,12
DA:6,12
DA:7,12
DA:8,7
DA:9,7
DA:12,12
DA:14,12
LF:7
LH:7
BRDA:7,0,0,5
BRDA:7,0,1,7
BRF:2
BRH:2
end_of_record
TN:
SF:src/hooks/useOnboarding.ts
FN:4,useOnboarding
FNF:1
FNH:1
FNDA:10,useOnboarding
DA:5,10
DA:6,10
DA:7,8
LF:3
LH:3
BRDA:6,0,0,2
BRDA:6,0,1,8
BRF:2
BRH:2
end_of_record
TN:
SF:src/hooks/useThemedStyles.ts
FN:24,useThemedStyles
FN:26,(anonymous_1)
FNF:2
FNH:2
FNDA:3549,useThemedStyles
FNDA:3536,(anonymous_1)
DA:25,3549
DA:26,3549
LF:2
LH:2
BRF:0
BRH:0
end_of_record
TN:
SF:src/i18n/index.ts
FN:14,detectLanguage
FNF:1
FNH:0
FNDA:0,detectLanguage
DA:15,0
DA:16,0
DA:18,0
DA:19,0
DA:20,0
DA:21,0
DA:24,0
DA:28,0
LF:8
LH:0
BRDA:19,0,0,0
BRDA:19,0,1,0
BRDA:20,1,0,0
BRDA:20,1,1,0
BRDA:20,2,0,0
BRDA:20,2,1,0
BRF:6
BRH:0
end_of_record
TN:
SF:src/i18n/types.ts
FNF:0
FNH:0
LF:0
LH:0
BRF:0
BRH:0
end_of_record
TN:
SF:src/lib/env.ts
FNF:0
FNH:0
DA:3,0
DA:9,0
LF:2
LH:0
BRDA:12,0,0,0
BRDA:12,0,1,0
BRF:2
BRH:0
end_of_record
TN:
SF:src/lib/format.ts
FN:12,toDate
FN:23,formatEventDate
FN:42,formatEventDateLong
FN:57,formatTime
FN:69,formatDistance
FN:92,formatPrice
FNF:6
FNH:6
FNDA:8,toDate
FNDA:3,formatEventDate
FNDA:2,formatEventDateLong
FNDA:3,formatTime
FNDA:7,formatDistance
FNDA:4,formatPrice
DA:13,8
DA:24,3
DA:25,3
DA:30,3
DA:34,3
DA:43,2
DA:58,3
DA:70,7
DA:72,7
DA:73,4
DA:74,4
DA:79,3
DA:80,3
DA:93,4
LF:14
LH:14
BRDA:13,0,0,2
BRDA:13,0,1,6
BRDA:70,1,0,7
BRDA:70,1,1,4
BRDA:70,1,2,4
BRDA:72,2,0,4
BRDA:72,2,1,3
BRDA:74,3,0,1
BRDA:74,3,1,3
BRDA:80,4,0,1
BRDA:80,4,1,2
BRF:11
BRH:11
end_of_record
TN:
SF:src/lib/large-secure-store.ts
FN:10,(anonymous_0)
FN:16,(anonymous_1)
FN:18,(anonymous_2)
FN:22,(anonymous_3)
FN:32,(anonymous_4)
FN:37,(anonymous_5)
FN:42,(anonymous_6)
FNF:7
FNH:7
FNDA:3,(anonymous_0)
FNDA:5,(anonymous_1)
FNDA:5,(anonymous_2)
FNDA:2,(anonymous_3)
FNDA:2,(anonymous_4)
FNDA:2,(anonymous_5)
FNDA:3,(anonymous_6)
DA:7,6
DA:9,6
DA:11,3
DA:12,3
DA:14,2
DA:15,2
DA:16,5
DA:18,5
DA:19,1
DA:23,2
DA:24,1
DA:25,1
DA:28,1
DA:29,1
DA:30,2
DA:32,2
DA:33,1
DA:34,1
DA:38,2
DA:39,2
DA:40,1
DA:41,1
DA:42,3
DA:44,1
DA:46,1
LF:25
LH:25
BRDA:12,0,0,1
BRDA:12,0,1,2
BRDA:18,1,0,1
BRDA:18,1,1,1
BRDA:23,2,0,1
BRDA:23,2,1,1
BRDA:39,3,0,1
BRDA:39,3,1,1
BRF:8
BRH:8
end_of_record
TN:
SF:src/lib/query-client.ts
FNF:0
FNH:0
DA:3,0
LF:1
LH:0
BRF:0
BRH:0
end_of_record
TN:
SF:src/lib/sentry.ts
FN:15,initSentry
FN:23,(anonymous_1)
FN:32,(anonymous_2)
FNF:3
FNH:0
FNDA:0,initSentry
FNDA:0,(anonymous_1)
FNDA:0,(anonymous_2)
DA:16,0
DA:18,0
DA:24,0
DA:25,0
DA:26,0
DA:27,0
DA:29,0
DA:30,0
DA:33,0
DA:34,0
LF:10
LH:0
BRDA:16,0,0,0
BRDA:16,0,1,0
BRDA:24,1,0,0
BRDA:24,1,1,0
BRDA:33,2,0,0
BRDA:33,2,1,0
BRF:6
BRH:0
end_of_record
TN:
SF:src/lib/supabase.ts
FNF:0
FNH:0
DA:6,0
LF:1
LH:0
BRF:0
BRH:0
end_of_record
TN:
SF:src/lib/api/keys.ts
FN:10,(anonymous_0)
FNF:1
FNH:0
FNDA:0,(anonymous_0)
DA:8,0
DA:10,0
LF:2
LH:0
BRF:0
BRH:0
end_of_record
TN:
SF:src/lib/api/profiles.ts
FN:16,fetchProfile
FN:33,updateProfileRole
FNF:2
FNH:0
FNDA:0,fetchProfile
FNDA:0,updateProfileRole
DA:17,0
DA:22,0
DA:23,0
DA:34,0
LF:4
LH:0
BRDA:22,0,0,0
BRDA:22,0,1,0
BRF:2
BRH:0
end_of_record
TN:
SF:src/providers/AppProviders.tsx
FN:15,AppProviders
FNF:1
FNH:0
FNDA:0,AppProviders
DA:16,0
LF:1
LH:0
BRF:0
BRH:0
end_of_record
TN:
SF:src/providers/OnboardingProvider.tsx
FN:17,OnboardingProvider
FN:24,(anonymous_1)
FN:26,(anonymous_2)
FN:31,(anonymous_3)
FNF:4
FNH:3
FNDA:7,OnboardingProvider
FNDA:5,(anonymous_1)
FNDA:0,(anonymous_2)
FNDA:2,(anonymous_3)
DA:4,3
DA:8,3
DA:15,3
DA:20,7
DA:24,7
DA:25,5
DA:26,0
DA:27,0
DA:31,7
DA:32,2
DA:33,0
DA:35,2
DA:38,7
LF:13
LH:10
BRDA:21,0,0,7
BRDA:21,0,1,0
BRDA:25,1,0,5
BRDA:25,1,1,0
BRDA:32,2,0,0
BRDA:32,2,1,2
BRF:6
BRH:3
end_of_record
TN:
SF:src/providers/ThemeProvider.tsx
FN:54,ThemeProvider
FN:64,(anonymous_1)
FN:70,(anonymous_2)
FN:75,(anonymous_3)
FN:78,(anonymous_4)
FN:81,(anonymous_5)
FN:86,(anonymous_6)
FN:98,(anonymous_7)
FN:110,(anonymous_8)
FN:123,useTheme
FNF:10
FNH:6
FNDA:178,ThemeProvider
FNDA:174,(anonymous_1)
FNDA:0,(anonymous_2)
FNDA:0,(anonymous_3)
FNDA:0,(anonymous_4)
FNDA:0,(anonymous_5)
FNDA:1,(anonymous_6)
FNDA:177,(anonymous_7)
FNDA:177,(anonymous_8)
FNDA:6437,useTheme
DA:26,43
DA:42,43
DA:55,178
DA:56,178
DA:57,178
DA:58,178
DA:59,178
DA:64,178
DA:66,174
DA:68,0
DA:69,0
DA:71,0
DA:72,0
DA:76,0
DA:79,0
DA:81,0
DA:82,0
DA:86,178
DA:87,1
DA:88,1
DA:89,0
DA:91,1
DA:95,178
DA:97,178
DA:98,177
DA:109,178
DA:110,177
DA:114,178
DA:124,6437
DA:125,6437
DA:126,0
DA:128,6437
LF:32
LH:22
BRDA:56,0,0,178
BRDA:56,0,1,0
BRDA:58,1,0,178
BRDA:58,1,1,0
BRDA:66,2,0,174
BRDA:66,2,1,0
BRDA:71,3,0,0
BRDA:71,3,1,0
BRDA:71,4,0,0
BRDA:71,4,1,0
BRDA:71,4,2,0
BRDA:71,4,3,0
BRDA:76,5,0,0
BRDA:76,5,1,0
BRDA:79,6,0,0
BRDA:79,6,1,0
BRDA:88,7,0,0
BRDA:88,7,1,1
BRDA:95,8,0,164
BRDA:95,8,1,14
BRDA:99,9,0,7
BRDA:99,9,1,170
BRDA:125,10,0,0
BRDA:125,10,1,6437
BRF:24
BRH:9
end_of_record
TN:
SF:src/theme/FontRegister.ts
FN:47,buildFontFamilyMap
FN:73,createRegisteredFontFamilies
FN:88,useAppFonts
FN:107,resolveFontWeightFamily
FNF:4
FNH:4
FNDA:220,buildFontFamilyMap
FNDA:220,createRegisteredFontFamilies
FNDA:178,useAppFonts
FNDA:2187,resolveFontWeightFamily
DA:11,43
DA:48,220
DA:49,43
DA:61,177
DA:74,220
DA:75,220
DA:89,178
DA:100,178
DA:101,0
DA:104,178
DA:111,2187
DA:112,816
DA:115,1371
DA:116,0
DA:119,1371
DA:120,0
DA:123,1371
DA:124,1371
DA:129,143
DA:131,99
DA:133,807
DA:135,322
DA:138,0
DA:140,0
LF:24
LH:19
BRDA:48,0,0,43
BRDA:48,0,1,177
BRDA:100,1,0,0
BRDA:100,1,1,178
BRDA:100,2,0,178
BRDA:100,2,1,178
BRDA:111,3,0,816
BRDA:111,3,1,1371
BRDA:111,4,0,2187
BRDA:111,4,1,1371
BRDA:115,5,0,0
BRDA:115,5,1,1371
BRDA:119,6,0,0
BRDA:119,6,1,1371
BRDA:123,7,0,0
BRDA:123,7,1,1371
BRDA:124,8,0,0
BRDA:124,8,1,0
BRDA:124,8,2,111
BRDA:124,8,3,143
BRDA:124,8,4,99
BRDA:124,8,5,807
BRDA:124,8,6,322
BRDA:124,8,7,0
BRDA:124,8,8,0
BRDA:124,8,9,0
BRF:26
BRH:17
end_of_record
TN:
SF:src/theme/index.ts
FNF:0
FNH:0
LF:0
LH:0
BRF:0
BRH:0
end_of_record
TN:
SF:src/theme/scale.ts
FNF:0
FNH:0
DA:8,43
LF:1
LH:1
BRF:0
BRH:0
end_of_record
TN:
SF:src/theme/tokens.ts
FN:149,(anonymous_0)
FNF:1
FNH:1
FNDA:220,(anonymous_0)
DA:10,43
DA:61,43
DA:106,43
DA:114,43
DA:125,43
DA:139,43
DA:149,220
DA:154,43
LF:8
LH:8
BRF:0
BRH:0
end_of_record
TN:
SF:src/theme/types.ts
FNF:0
FNH:0
LF:0
LH:0
BRF:0
BRH:0
end_of_record
TN:
SF:src/types/index.ts
FNF:0
FNH:0
LF:0
LH:0
BRF:0
BRH:0
end_of_record
